[18:18:19] This is prokka 1.14.6
[18:18:19] Written by Torsten Seemann <torsten.seemann@gmail.com>
[18:18:19] Homepage is https://github.com/tseemann/prokka
[18:18:19] Local time is Mon Feb  5 18:18:19 2024
[18:18:19] You are alper
[18:18:19] Operating system is linux
[18:18:19] You have BioPerl 1.7.8
[18:18:19] System has 16 cores.
[18:18:19] Will use maximum of 12 cores.
[18:18:19] Annotating as >>> Bacteria <<<
[18:18:19] Generating locus_tag from 'example/example_files/amikacin/Resistant/287.887.fna' contents.
[18:18:19] Setting --locustag FNCGEDBI from MD5 f7c0edb2d03971ca7376abed31e7ea22
[18:18:19] Creating new output folder: example_output/prokka/YMM2RB8W
[18:18:19] Running: mkdir -p example_output\/prokka\/YMM2RB8W
[18:18:19] Using filename prefix: PROKKA_02052024.XXX
[18:18:19] Setting HMMER_NCPU=1
[18:18:19] Writing log to: example_output/prokka/YMM2RB8W/PROKKA_02052024.log
[18:18:19] Command: /home/alper/miniconda3/envs/sr/bin/prokka --cpus 12 --outdir example_output/prokka/YMM2RB8W --proteins example/reference.gbff --force example/example_files/amikacin/Resistant/287.887.fna
[18:18:19] Appending to PATH: /home/alper/miniconda3/envs/sr/bin
[18:18:19] Looking for 'aragorn' - found /home/alper/miniconda3/envs/sr/bin/aragorn
[18:18:19] Determined aragorn version is 001002 from 'ARAGORN v1.2.41 Dean Laslett'
[18:18:19] Looking for 'barrnap' - found /home/alper/miniconda3/envs/sr/bin/barrnap
[18:18:19] Determined barrnap version is 000009 from 'barrnap 0.9'
[18:18:19] Looking for 'blastp' - found /home/alper/miniconda3/envs/sr/bin/blastp
[18:18:19] Determined blastp version is 002015 from 'blastp: 2.15.0+'
[18:18:19] Looking for 'cmpress' - found /home/alper/miniconda3/envs/sr/bin/cmpress
[18:18:19] Determined cmpress version is 001001 from '# INFERNAL 1.1.4 (Dec 2020)'
[18:18:19] Looking for 'cmscan' - found /home/alper/miniconda3/envs/sr/bin/cmscan
[18:18:19] Determined cmscan version is 001001 from '# INFERNAL 1.1.4 (Dec 2020)'
[18:18:19] Looking for 'egrep' - found /usr/bin/egrep
[18:18:19] Looking for 'find' - found /usr/bin/find
[18:18:19] Looking for 'grep' - found /usr/bin/grep
[18:18:19] Looking for 'hmmpress' - found /home/alper/miniconda3/envs/sr/bin/hmmpress
[18:18:19] Determined hmmpress version is 003003 from '# HMMER 3.3.2 (Nov 2020); http://hmmer.org/'
[18:18:19] Looking for 'hmmscan' - found /home/alper/miniconda3/envs/sr/bin/hmmscan
[18:18:19] Determined hmmscan version is 003003 from '# HMMER 3.3.2 (Nov 2020); http://hmmer.org/'
[18:18:19] Looking for 'java' - found /home/alper/miniconda3/envs/sr/bin/java
[18:18:19] Looking for 'makeblastdb' - found /home/alper/miniconda3/envs/sr/bin/makeblastdb
[18:18:20] Determined makeblastdb version is 002015 from 'makeblastdb: 2.15.0+'
[18:18:20] Looking for 'minced' - found /home/alper/miniconda3/envs/sr/bin/minced
[18:18:20] Determined minced version is 004002 from 'minced 0.4.2'
[18:18:20] Looking for 'parallel' - found /home/alper/miniconda3/envs/sr/bin/parallel
[18:18:20] Determined parallel version is 20240122 from 'GNU parallel 20240122'
[18:18:20] Looking for 'prodigal' - found /home/alper/miniconda3/envs/sr/bin/prodigal
[18:18:20] Determined prodigal version is 002006 from 'Prodigal V2.6.3: February, 2016'
[18:18:20] Looking for 'prokka-genbank_to_fasta_db' - found /home/alper/miniconda3/envs/sr/bin/prokka-genbank_to_fasta_db
[18:18:20] Looking for 'sed' - found /usr/bin/sed
[18:18:20] Looking for 'tbl2asn' - found /home/alper/miniconda3/envs/sr/bin/tbl2asn
[18:18:20] Determined tbl2asn version is 025007 from 'tbl2asn 25.7   arguments:'
[18:18:20] Using genetic code table 11.
[18:18:20] Loading and checking input file: example/example_files/amikacin/Resistant/287.887.fna
[18:18:20] Wrote 93 contigs totalling 6894718 bp.
[18:18:20] Predicting tRNAs and tmRNAs
[18:18:20] Running: aragorn -l -gc11  -w example_output\/prokka\/YMM2RB8W\/PROKKA_02052024\.fna
[18:18:23] 1 tRNA-Leu c[100390,100476] 35 (caa)
[18:18:23] 2 tRNA-Arg [584365,584441] 35 (cct)
[18:18:23] 1 tRNA-Arg [20461,20554] 36 (acg)
[18:18:23] 2 tRNA-Val [134275,134350] 34 (tac)
[18:18:23] 3 tRNA-Asp [134367,134443] 35 (gtc)
[18:18:23] 1 tRNA-Ser c[149079,149174] 34 (cga)
[18:18:23] 2 tRNA-Ser c[478595,478684] 35 (cga)
[18:18:23] 3 tRNA-Lys c[573421,573496] 34 (ttt)
[18:18:23] 1 tRNA-Cys [97832,97930] 37 (gca)
[18:18:23] 2 tRNA-Arg [120242,120318] 35 (tct)
[18:18:23] 3 tRNA-His [120370,120445] 34 (gtg)
[18:18:23] 4 tRNA-Leu [120500,120584] 35 (tag)
[18:18:23] 5 tRNA-Met [147489,147564] 34 (cat)
[18:18:23] 6 tRNA-Gly [147866,147941] 34 (tcc)
[18:18:23] 7 tRNA-Asn [147954,148028] 33 (gtt)
[18:18:23] 8 tRNA-Thr [148033,148108] 34 (tgt)
[18:18:23] 9 tRNA-His [175048,175123] 34 (gtg)
[18:18:23] 10 tRNA-Asp [186414,186490] 35 (gtc)
[18:18:23] 1 tRNA-Lys c[78417,78492] 34 (ttt)
[18:18:23] 2 tRNA-Pro c[78503,78579] 35 (tgg)
[18:18:23] 3 tRNA-Asn c[78589,78664] 34 (gtt)
[18:18:23] 4 tRNA-Arg [122580,122653] 35 (acg)
[18:18:23] 5 tRNA-Gln [227840,227914] 33 (ttg)
[18:18:23] 6 tRNA-Met [231590,231666] 35 (cat)
[18:18:23] 1 tRNA-Met c[147715,147791] 35 (cat)
[18:18:23] 1 tRNA-SeC [387094,387189] 35 (tca)
[18:18:23] 2 tRNA-Leu [441035,441120] 35 (gag)
[18:18:23] 3 tRNA-Met [441211,441287] 35 (cat)
[18:18:23] 1 tRNA-Ala c[256011,256105] 34 (cgc)
[18:18:23] 1 tRNA-Gly [72376,72449] 33 (ccc)
[18:18:23] 1 tRNA-Leu c[125329,125415] 35 (taa)
[18:18:23] 2 tRNA-Cys c[137966,138039] 33 (gca)
[18:18:23] 3 tRNA-Gly c[142586,142661] 34 (gcc)
[18:18:23] 1 tRNA-Thr c[157805,157880] 34 (tgt)
[18:18:23] 1 tRNA-Thr [34699,34774] 34 (cgt)
[18:18:23] 1 tRNA-Met [32381,32457] 35 (cat)
[18:18:23] 2 tRNA-Arg c[48454,48530] 35 (acg)
[18:18:23] 3 tRNA-Arg c[48642,48718] 35 (acg)
[18:18:23] 4 tRNA-Ser c[48836,48926] 35 (gct)
[18:18:23] 5 tmRNA [138298,138650] 95,127 ANDDNYALAA*
[18:18:23] 1 tRNA-Trp [96446,96543] 38 (cca)
[18:18:23] 2 tRNA-Pro c[182846,182922] 35 (ggg)
[18:18:23] 3 tRNA-Val c[216989,217065] 35 (gac)
[18:18:23] 4 tRNA-Gly c[264244,264319] 34 (gcc)
[18:18:23] 5 tRNA-Gly c[362681,362756] 34 (gcc)
[18:18:23] 6 tRNA-Glu c[362759,362834] 35 (ttc)
[18:18:23] 7 tRNA-Ala c[385153,385243] 35 (tgc)
[18:18:23] 8 tRNA-Ser [395331,395420] 35 (gga)
[18:18:23] 1 tRNA-Ser [24372,24461] 31 (act)
[18:18:23] 1 tRNA-Arg [32052,32128] 35 (ccg)
[18:18:23] 1 tRNA-Asn c[49524,49599] 34 (gtt)
[18:18:23] 2 tRNA-Ala [58398,58473] 34 (ggc)
[18:18:23] 3 tRNA-Glu [58522,58597] 35 (ttc)
[18:18:23] 4 tRNA-Ala [58691,58766] 34 (ggc)
[18:18:23] 5 tRNA-Glu [58813,58888] 35 (ttc)
[18:18:23] 6 tRNA-Val [97795,97870] 34 (tac)
[18:18:23] 7 tRNA-Asp [97887,97963] 35 (gtc)
[18:18:23] 8 tRNA-Asp [98078,98154] 35 (gtc)
[18:18:23] tRNA [126933,127029] is a pseudo/wacky gene - skipping.
[18:18:23] 10 tRNA-Pro c[178345,178421] 35 (cgg)
[18:18:23] 11 tRNA-Trp c[180285,180378] 34 (cca)
[18:18:23] 1 tRNA-Arg c[132,221] 38 (tct)
[18:18:23] 1 tRNA-Tyr [2663,2747] 35 (gta)
[18:18:23] 2 tRNA-Gly [2774,2847] 33 (tcc)
[18:18:23] 3 tRNA-Thr [2867,2942] 34 (ggt)
[18:18:23] 4 tRNA-Trp [4276,4351] 34 (cca)
[18:18:23] 1 tRNA-Ser c[17103,17192] 35 (tga)
[18:18:23] 1 tRNA-Phe [14156,14231] 34 (gaa)
[18:18:23] Found 67 tRNAs
[18:18:23] Predicting Ribosomal RNAs
[18:18:23] Running Barrnap with 12 threads
[18:18:24] 1 JTNP01000018 37 5S ribosomal RNA
[18:18:24] 2 JTNP01000018 293 23S ribosomal RNA
[18:18:24] 3 JTNP01000018 3544 16S ribosomal RNA
[18:18:24] 4 JTNP01000073 69 5S ribosomal RNA
[18:18:24] Found 4 rRNAs
[18:18:24] Skipping ncRNA search, enable with --rfam if desired.
[18:18:24] Total of 70 tRNA + rRNA features
[18:18:24] Searching for CRISPR repeats
[18:18:25] CRISPR1 JTNP01000004 206246 with 13 spacers
[18:18:25] CRISPR2 JTNP01000004 216178 with 10 spacers
[18:18:25] Found 2 CRISPRs
[18:18:25] Predicting coding sequences
[18:18:25] Contigs total 6894718 bp, so using single mode
[18:18:25] Running: prodigal -i example_output\/prokka\/YMM2RB8W\/PROKKA_02052024\.fna -c -m -g 11 -p single -f sco -q
[18:18:29] Excluding CDS which overlaps existing RNA (tRNA) at JTNP01000002:20078..20689 on + strand
[18:18:30] Excluding CDS which overlaps existing RNA (tRNA) at JTNP01000004:149007..149834 on + strand
[18:18:30] Excluding CDS which overlaps existing RNA (repeat_region) at JTNP01000004:206506..207171 on + strand
[18:18:30] Excluding CDS which overlaps existing RNA (tRNA) at JTNP01000007:95966..98692 on - strand
[18:18:30] Excluding CDS which overlaps existing RNA (tRNA) at JTNP01000014:255469..257235 on + strand
[18:18:31] Excluding CDS which overlaps existing RNA (tRNA) at JTNP01000024:96091..97110 on - strand
[18:18:31] Excluding CDS which overlaps existing RNA (tRNA) at JTNP01000024:384759..385613 on + strand
[18:18:31] Excluding CDS which overlaps existing RNA (tRNA) at JTNP01000027:24029..27874 on + strand
[18:18:31] Excluding CDS which overlaps existing RNA (tRNA) at JTNP01000033:180127..181344 on + strand
[18:18:32] Found 6394 CDS
[18:18:32] Connecting features back to sequences
[18:18:32] Not using genus-specific database. Try --usegenus to enable it.
[18:18:32] Preparing user-supplied primary BLAST annotation source: example/reference.gbff
[18:18:32] Guessed source was in genbank format.
[18:18:32] Converting genbank 'example/reference.gbff' into Prokka FASTA 'example_output/prokka/YMM2RB8W/proteins.faa'
[18:18:32] Running: prokka-genbank_to_fasta_db --format genbank example\/reference\.gbff > example_output\/prokka\/YMM2RB8W\/proteins\.faa 2> /dev/null
[18:18:37] Running: makeblastdb -dbtype prot -in example_output\/prokka\/YMM2RB8W\/proteins\.faa -out example_output\/prokka\/YMM2RB8W\/proteins -logfile /dev/null
[18:18:37] Using /inference source as 'reference.gbff'
[18:18:37] Annotating CDS, please be patient.
[18:18:37] Will use 12 CPUs for similarity searching.
[18:18:39] There are still 6394 unannotated CDS left (started with 6394)
[18:18:39] Will use blast to search against example_output/prokka/YMM2RB8W/proteins with 12 CPUs
[18:18:39] Running: cat example_output\/prokka\/YMM2RB8W\/PROKKA_02052024\.proteins\.tmp\.15266\.faa | parallel --gnu --plain -j 12 --block 86412 --recstart '>' --pipe blastp -query - -db example_output/prokka/YMM2RB8W/proteins -evalue 1e-09 -qcov_hsp_perc 80 -num_threads 1 -num_descriptions 1 -num_alignments 1 -seg no > example_output\/prokka\/YMM2RB8W\/PROKKA_02052024\.proteins\.tmp\.15266\.blast 2> /dev/null
[18:18:55] Deleting unwanted file: example_output/prokka/YMM2RB8W/PROKKA_02052024.proteins.tmp.15266.faa
[18:18:55] Deleting unwanted file: example_output/prokka/YMM2RB8W/PROKKA_02052024.proteins.tmp.15266.blast
[18:18:56] There are still 2905 unannotated CDS left (started with 6394)
[18:18:56] Will use blast to search against /home/alper/miniconda3/envs/sr/db/kingdom/Bacteria/IS with 12 CPUs
[18:18:56] Running: cat example_output\/prokka\/YMM2RB8W\/PROKKA_02052024\.IS\.tmp\.15266\.faa | parallel --gnu --plain -j 12 --block 31875 --recstart '>' --pipe blastp -query - -db /home/alper/miniconda3/envs/sr/db/kingdom/Bacteria/IS -evalue 1e-30 -qcov_hsp_perc 90 -num_threads 1 -num_descriptions 1 -num_alignments 1 -seg no > example_output\/prokka\/YMM2RB8W\/PROKKA_02052024\.IS\.tmp\.15266\.blast 2> /dev/null
[18:19:02] Deleting unwanted file: example_output/prokka/YMM2RB8W/PROKKA_02052024.IS.tmp.15266.faa
[18:19:02] Deleting unwanted file: example_output/prokka/YMM2RB8W/PROKKA_02052024.IS.tmp.15266.blast
[18:19:03] There are still 2895 unannotated CDS left (started with 6394)
[18:19:03] Will use blast to search against /home/alper/miniconda3/envs/sr/db/kingdom/Bacteria/AMR with 12 CPUs
[18:19:03] Running: cat example_output\/prokka\/YMM2RB8W\/PROKKA_02052024\.AMR\.tmp\.15266\.faa | parallel --gnu --plain -j 12 --block 31730 --recstart '>' --pipe blastp -query - -db /home/alper/miniconda3/envs/sr/db/kingdom/Bacteria/AMR -evalue 1e-300 -qcov_hsp_perc 90 -num_threads 1 -num_descriptions 1 -num_alignments 1 -seg no > example_output\/prokka\/YMM2RB8W\/PROKKA_02052024\.AMR\.tmp\.15266\.blast 2> /dev/null
[18:19:08] Deleting unwanted file: example_output/prokka/YMM2RB8W/PROKKA_02052024.AMR.tmp.15266.faa
[18:19:08] Deleting unwanted file: example_output/prokka/YMM2RB8W/PROKKA_02052024.AMR.tmp.15266.blast
[18:19:09] There are still 2895 unannotated CDS left (started with 6394)
[18:19:09] Will use blast to search against /home/alper/miniconda3/envs/sr/db/kingdom/Bacteria/sprot with 12 CPUs
[18:19:09] Running: cat example_output\/prokka\/YMM2RB8W\/PROKKA_02052024\.sprot\.tmp\.15266\.faa | parallel --gnu --plain -j 12 --block 31730 --recstart '>' --pipe blastp -query - -db /home/alper/miniconda3/envs/sr/db/kingdom/Bacteria/sprot -evalue 1e-09 -qcov_hsp_perc 80 -num_threads 1 -num_descriptions 1 -num_alignments 1 -seg no > example_output\/prokka\/YMM2RB8W\/PROKKA_02052024\.sprot\.tmp\.15266\.blast 2> /dev/null
[18:19:31] Modify product: Uncharacterized protein YbdM => putative protein YbdM
[18:19:31] Modify product: Probable cyclic di-GMP phosphodiesterase PdeB => putative cyclic di-GMP phosphodiesterase PdeB
[18:19:31] Modify product: Uncharacterized protein Rv2411c => putative protein
[18:19:31] Modify product: Uncharacterized protein Rv2569c => putative protein
[18:19:31] Modify product: Probable transcriptional regulatory protein pdtaR => putative transcriptional regulatory protein pdtaR
[18:19:31] Modify product: Probable membrane transporter protein YfcA => putative membrane transporter protein YfcA
[18:19:31] Modify product: Uncharacterized protein HI_0341 => putative protein
[18:19:31] Modify product: UPF0276 protein CCNA_03364 => hypothetical protein
[18:19:31] Modify product: Probable enoyl-CoA hydratase 1 => putative enoyl-CoA hydratase 1
[18:19:31] Modify product: UPF0250 protein YbeD => hypothetical protein
[18:19:31] Modify product: Putative esterase HI_1161 => Putative esterase
[18:19:31] Modify product: Acetyltransferase PA3944 => Acetyltransferase
[18:19:31] Modify product: Acetyltransferase PA3944 => Acetyltransferase
[18:19:31] Modify product: Probable FMNH2-dependent monooxygenase SfnC => putative FMNH2-dependent monooxygenase SfnC
[18:19:31] Modify product: Uncharacterized inner membrane transporter YedA => putative inner membrane transporter YedA
[18:19:31] Modify product: Putative hydro-lyase PSPTO_5379 => Putative hydro-lyase
[18:19:31] Modify product: UPF0053 inner membrane protein YgdQ => hypothetical protein
[18:19:31] Modify product: DNA-binding protein VF_0530 => DNA-binding protein
[18:19:31] Modify product: UPF0225 protein YchJ => hypothetical protein
[18:19:31] Modify product: UPF0126 inner membrane protein YicG => hypothetical protein
[18:19:31] Modify product: Uncharacterized protein M6_Spy0233 => putative protein
[18:19:31] Modify product: UPF0394 inner membrane protein YedE => hypothetical protein
[18:19:31] Modify product: Ribonuclease TTHA0252 => Ribonuclease
[18:19:31] Modify product: Uncharacterized protein YyaP => putative protein YyaP
[18:19:31] Modify product: UPF0270 protein PA3463 => hypothetical protein
[18:19:31] Modify product: UPF0502 protein PSPTO_2686 => hypothetical protein
[18:19:31] Modify product: Uncharacterized protein PA3922 => putative protein
[18:19:31] Modify product: STAS-domain containing protein PA14_20770 => STAS-domain containing protein
[18:19:31] Modify product: Uncharacterized PhzA/B-like protein PA3332 => putative PhzA/B-like protein
[18:19:31] Modify product: UPF0125 protein HI_0395 => hypothetical protein
[18:19:31] Modify product: RNA-binding protein HI_1333 => RNA-binding protein
[18:19:31] Modify product: UPF0337 protein PA4738 => hypothetical protein
[18:19:31] Modify product: Uncharacterized protein Rv2004c => putative protein
[18:19:31] Modify product: Uncharacterized protein YqcC => putative protein YqcC
[18:19:31] Modify product: Uncharacterized protein PA14_02130 => putative protein
[18:19:31] Modify product: Purine-binding protein BAB2_0673 => Purine-binding protein
[18:19:31] Modify product: Uncharacterized HTH-type transcriptional regulator Rv3095 => putative HTH-type transcriptional regulator
[18:19:31] Modify product: Uncharacterized protein PA0049 => putative protein
[18:19:31] Modify product: Putative lipoprotein NMB1124/NMB1162 => Putative lipoprotein/NMB1162
[18:19:31] Modify product: Putative lipoprotein NMB1126/NMB1164 => Putative lipoprotein/NMB1164
[18:19:31] Modify product: Uncharacterized methyltransferase Rv3342 => putative methyltransferase
[18:19:31] Modify product: Uncharacterized protein HI_0933 => putative protein
[18:19:31] Modify product: Uncharacterized protein YqeY => putative protein YqeY
[18:19:31] Modify product: Stress response UPF0229 protein YhbH => hypothetical protein
[18:19:31] Modify product: Putative universal stress protein SA1532 => Putative universal stress protein
[18:19:31] Modify product: UPF0276 protein CCNA_03364 => hypothetical protein
[18:19:31] Modify product: UPF0060 membrane protein YnfA => hypothetical protein
[18:19:31] Modify product: Probable phosphatase Rv3661 => putative phosphatase
[18:19:31] Modify product: Uncharacterized protein YciO => putative protein YciO
[18:19:31] Modify product: Uncharacterized protein YibN => putative protein YibN
[18:19:31] Modify product: Putative outer membrane protein NMB0088 => Putative outer membrane protein
[18:19:31] Modify product: Probable lipid II flippase MurJ => putative lipid II flippase MurJ
[18:19:31] Modify product: Cyclic diguanosine monophosphate-binding protein PA4608 => Cyclic diguanosine monophosphate-binding protein
[18:19:31] Modify product: Probable xanthine dehydrogenase subunit A => putative xanthine dehydrogenase subunit A
[18:19:31] Modify product: Epimerase family protein SA0724 => Epimerase family protein
[18:19:31] Modify product: Probable FAD-dependent oxidoreductase PA4991 => putative FAD-dependent oxidoreductase
[18:19:31] Modify product: Uncharacterized protein Rv2567 => putative protein
[18:19:31] Modify product: Uncharacterized protein Rv2569c => putative protein
[18:19:31] Modify product: Uncharacterized protein YbiI => putative protein YbiI
[18:19:31] Modify product: Uncharacterized Nudix hydrolase YfcD => putative Nudix hydrolase YfcD
[18:19:31] Modify product: UPF0073 inner membrane protein YqfA => hypothetical protein
[18:19:31] Modify product: Uncharacterized protein Rv2277c => putative protein
[18:19:31] Modify product: Uncharacterized inner membrane transporter YedA => putative inner membrane transporter YedA
[18:19:31] Modify product: Probable amino-acid metabolite efflux pump => putative amino-acid metabolite efflux pump
[18:19:31] Modify product: UPF0070 protein HI_0370 => hypothetical protein
[18:19:31] Modify product: GTP cyclohydrolase 1 type 2 homolog => GTP cyclohydrolase 1 type 2 
[18:19:31] Modify product: UPF0053 inner membrane protein YfjD => hypothetical protein
[18:19:31] Modify product: Phage shock protein A homolog => Phage shock protein A 
[18:19:31] Modify product: Uncharacterized protein YaeQ => putative protein YaeQ
[18:19:31] Modify product: UPF0056 inner membrane protein YhgN => hypothetical protein
[18:19:31] Modify product: UPF0053 inner membrane protein YgdQ => hypothetical protein
[18:19:31] Modify product: Probable TonB-dependent receptor NMB0964 => putative TonB-dependent receptor
[18:19:31] Modify product: UPF0758 protein => hypothetical protein
[18:19:31] Modify product: UPF0307 protein PSPTO_4464 => hypothetical protein
[18:19:31] Modify product: GTP cyclohydrolase 1 type 2 homolog => GTP cyclohydrolase 1 type 2 
[18:19:31] Modify product: Probable [Fe-S]-dependent transcriptional repressor => putative [Fe-S]-dependent transcriptional repressor
[18:19:31] Modify product: Uncharacterized HTH-type transcriptional regulator Rv3095 => putative HTH-type transcriptional regulator
[18:19:31] Modify product: Probable type I restriction enzyme BthVORF4518P M protein => putative type I restriction enzymeP M protein
[18:19:31] Modify product: Probable xanthine dehydrogenase subunit A => putative xanthine dehydrogenase subunit A
[18:19:31] Modify product: UPF0761 membrane protein YihY => hypothetical protein
[18:19:31] Modify product: Uncharacterized protein YqjD => putative protein YqjD
[18:19:31] Modify product: UPF0111 protein HI_1603 => hypothetical protein
[18:19:31] Modify product: Transcriptional regulator Rv3488 => Transcriptional regulator
[18:19:31] Modify product: Probable L,D-transpeptidase YbiS => putative L,D-transpeptidase YbiS
[18:19:31] Modify product: Uncharacterized protein Rv1708 => putative protein
[18:19:31] Modify product: Protease HtpX homolog => Protease HtpX 
[18:19:32] Modify product: Uncharacterized protein YnbD => putative protein YnbD
[18:19:32] Modify product: Uncharacterized protein YnbC => putative protein YnbC
[18:19:32] Modify product: UPF0053 inner membrane protein YgdQ => hypothetical protein
[18:19:32] Modify product: UPF0178 protein YaiI => hypothetical protein
[18:19:32] Modify product: Probable amino-acid metabolite efflux pump => putative amino-acid metabolite efflux pump
[18:19:32] Modify product: Uncharacterized protein PA3922 => putative protein
[18:19:32] Modify product: Uncharacterized protein Rv0906 => putative protein
[18:19:32] Modify product: Uncharacterized protein PA14_35840 => putative protein
[18:19:32] Modify product: UPF0276 protein CCNA_03000 => hypothetical protein
[18:19:32] Modify product: Uncharacterized protein Rv0906 => putative protein
[18:19:32] Modify product: Uncharacterized protein PA3922 => putative protein
[18:19:32] Modify product: Uncharacterized HTH-type transcriptional regulator Rv3095 => putative HTH-type transcriptional regulator
[18:19:32] Modify product: UPF0053 inner membrane protein YoaE => hypothetical protein
[18:19:32] Modify product: Uncharacterized protein YybH => putative protein YybH
[18:19:32] Modify product: Probable lipoprotein YiaD => putative lipoprotein YiaD
[18:19:32] Modify product: Uncharacterized protein Rv0887c => putative protein
[18:19:32] Modify product: UPF0167 protein Rv2295 => hypothetical protein
[18:19:32] Modify product: UPF0153 protein YeiW => hypothetical protein
[18:19:32] Modify product: Uncharacterized HTH-type transcriptional regulator Rv3095 => putative HTH-type transcriptional regulator
[18:19:32] Modify product: Uncharacterized NTE family protein Rv1063c => putative NTE family protein
[18:19:32] Modify product: Probable DNA endonuclease SmrA => putative DNA endonuclease SmrA
[18:19:32] Modify product: Probable quorum-quenching lactonase YtnP => putative quorum-quenching lactonase YtnP
[18:19:32] Modify product: NADH dehydrogenase-like protein MT1860 => NADH dehydrogenase-like protein
[18:19:32] Modify product: Uncharacterized protein PA14_33160 => putative protein
[18:19:32] Modify product: UPF0301 protein AlgH => hypothetical protein
[18:19:32] Modify product: UPF0235 protein YggU => hypothetical protein
[18:19:32] Modify product: Uncharacterized protein Rv2895c => putative protein
[18:19:32] Modify product: Uncharacterized protein YjiK => putative protein YjiK
[18:19:32] Modify product: Uncharacterized MFS-type transporter YhhS => putative MFS-type transporter YhhS
[18:19:32] Modify product: UPF0434 protein PFL_1779 => hypothetical protein
[18:19:32] Modify product: Probable metallo-hydrolase BURPS1710b_2304 => putative metallo-hydrolase
[18:19:32] Modify product: Uncharacterized protein YcgM => putative protein YcgM
[18:19:32] Modify product: Uncharacterized protein YjiK => putative protein YjiK
[18:19:32] Modify product: Uncharacterized protein YjiK => putative protein YjiK
[18:19:32] Modify product: UPF0339 protein YegP => hypothetical protein
[18:19:32] Modify product: Probable phosphatase Rv3661 => putative phosphatase
[18:19:32] Modify product: Uncharacterized membrane protein NMB1645 => putative membrane protein
[18:19:32] Modify product: UPF0382 membrane protein YwdK => hypothetical protein
[18:19:32] Modify product: Uncharacterized protein PA3922 => putative protein
[18:19:32] Modify product: Uncharacterized methyltransferase YcgJ => putative methyltransferase YcgJ
[18:19:32] Modify product: Uncharacterized protein PA3922 => putative protein
[18:19:32] Modify product: Uncharacterized protein HI_0341 => putative protein
[18:19:32] Modify product: Uncharacterized protein YqjD => putative protein YqjD
[18:19:32] Modify product: Uncharacterized protein YcbX => putative protein YcbX
[18:19:32] Modify product: Universal stress protein A homolog 2 => Universal stress protein A 
[18:19:32] Modify product: UPF0701 protein HI_0467 => hypothetical protein
[18:19:32] Modify product: UPF0324 inner membrane protein YeiH => hypothetical protein
[18:19:32] Modify product: Probable Fe(2+)-trafficking protein => putative Fe(2+)-trafficking protein
[18:19:32] Modify product: Uncharacterized oxidoreductase YdgJ => putative oxidoreductase YdgJ
[18:19:32] Cleaned 135 /product names
[18:19:32] Deleting unwanted file: example_output/prokka/YMM2RB8W/PROKKA_02052024.sprot.tmp.15266.faa
[18:19:32] Deleting unwanted file: example_output/prokka/YMM2RB8W/PROKKA_02052024.sprot.tmp.15266.blast
[18:19:32] There are still 2422 unannotated CDS left (started with 6394)
[18:19:32] Will use hmmer3 to search against /home/alper/miniconda3/envs/sr/db/hmm/HAMAP.hmm with 12 CPUs
[18:19:32] Running: cat example_output\/prokka\/YMM2RB8W\/PROKKA_02052024\.HAMAP\.hmm\.tmp\.15266\.faa | parallel --gnu --plain -j 12 --block 26100 --recstart '>' --pipe hmmscan --noali --notextw --acc -E 1e-09 --cpu 1 /home/alper/miniconda3/envs/sr/db/hmm/HAMAP.hmm /dev/stdin > example_output\/prokka\/YMM2RB8W\/PROKKA_02052024\.HAMAP\.hmm\.tmp\.15266\.hmmer3 2> /dev/null
[18:20:33] Modify product: Uncharacterized Nudix hydrolase NudL => putative Nudix hydrolase NudL
[18:20:33] Cleaned 1 /product names
[18:20:33] Deleting unwanted file: example_output/prokka/YMM2RB8W/PROKKA_02052024.HAMAP.hmm.tmp.15266.faa
[18:20:33] Deleting unwanted file: example_output/prokka/YMM2RB8W/PROKKA_02052024.HAMAP.hmm.tmp.15266.hmmer3
[18:20:33] Deleting unwanted file: example_output/prokka/YMM2RB8W/proteins.psq
[18:20:33] Deleting unwanted file: example_output/prokka/YMM2RB8W/proteins.phr
[18:20:33] Deleting unwanted file: example_output/prokka/YMM2RB8W/proteins.pin
[18:20:33] Labelling remaining 2275 proteins as 'hypothetical protein'
[18:20:33] Possible /pseudo 'N-acetyl-D-glucosamine phosphotransferase system transporter' at JTNP01000001 position 176168
[18:20:33] Possible /pseudo 'adenylosuccinate lyase' at JTNP01000001 position 455448
[18:20:33] Possible /pseudo 'long-chain-fatty-acid--CoA ligase' at JTNP01000002 position 87969
[18:20:33] Possible /pseudo 'transporter' at JTNP01000002 position 132168
[18:20:33] Possible /pseudo 'ABC transporter permease' at JTNP01000002 position 145793
[18:20:33] Possible /pseudo 'sugar ABC transporter permease' at JTNP01000002 position 205818
[18:20:33] Possible /pseudo 'glycosyl transferase family protein' at JTNP01000004 position 131246
[18:20:33] Possible /pseudo 'glycosyl transferase family protein' at JTNP01000004 position 132466
[18:20:33] Possible /pseudo 'NAD(P)H dehydrogenase' at JTNP01000004 position 237037
[18:20:33] Possible /pseudo 'transcriptional regulator' at JTNP01000004 position 333469
[18:20:33] Possible /pseudo 'B-type flagellar protein FliS' at JTNP01000004 position 380055
[18:20:33] Possible /pseudo 'ABC transporter ATP-binding protein' at JTNP01000004 position 416880
[18:20:33] Possible /pseudo '3-oxoacyl-ACP synthase' at JTNP01000004 position 560921
[18:20:33] Possible /pseudo 'ABC transporter permease' at JTNP01000005 position 25126
[18:20:33] Possible /pseudo 'major facilitator superfamily transporter' at JTNP01000005 position 71495
[18:20:33] Possible /pseudo 'amino acid permease' at JTNP01000005 position 190478
[18:20:33] Possible /pseudo 'translocation protein in type III secretion' at JTNP01000007 position 14317
[18:20:33] Possible /pseudo 'translocation protein in type III secretion' at JTNP01000007 position 15102
[18:20:33] Possible /pseudo 'type III secretion system protein' at JTNP01000007 position 16021
[18:20:33] Possible /pseudo 'transcriptional regulator' at JTNP01000007 position 74446
[18:20:33] Possible /pseudo 'ABC transporter permease' at JTNP01000007 position 192013
[18:20:33] Possible /pseudo 'short-chain dehydrogenase' at JTNP01000007 position 214320
[18:20:33] Possible /pseudo 'Homoprotocatechuate catabolism bifunctional isomerase/decarboxylase' at JTNP01000008 position 106264
[18:20:33] Possible /pseudo 'NAD(P) transhydrogenase subunit alpha' at JTNP01000009 position 2648
[18:20:33] Possible /pseudo 'taurine dioxygenase' at JTNP01000009 position 5380
[18:20:33] Possible /pseudo 'Acetyltransferase' at JTNP01000010 position 137987
[18:20:33] Possible /pseudo 'IS3 family transposase IS222' at JTNP01000011 position 74157
[18:20:33] Possible /pseudo 'ABC transporter ATP-binding protein' at JTNP01000011 position 138418
[18:20:33] Possible /pseudo 'oxidoreductase' at JTNP01000011 position 170935
[18:20:33] Possible /pseudo 'acyl-CoA dehydrogenase' at JTNP01000012 position 85291
[18:20:33] Possible /pseudo 'acyl-CoA dehydrogenase' at JTNP01000012 position 87360
[18:20:33] Possible /pseudo 'ABC transporter permease' at JTNP01000012 position 185758
[18:20:33] Possible /pseudo 'bacteriophage protein' at JTNP01000012 position 194699
[18:20:33] Possible /pseudo 'bacteriophage protein' at JTNP01000012 position 195579
[18:20:33] Possible /pseudo 'bacteriophage protein' at JTNP01000012 position 196114
[18:20:33] Possible /pseudo 'bacteriophage protein' at JTNP01000012 position 199883
[18:20:33] Possible /pseudo 'polyhydroxyalkanoate synthesis protein PhaF' at JTNP01000013 position 71128
[18:20:33] Possible /pseudo 'lipopolysaccharide kinase WaaP' at JTNP01000013 position 144951
[18:20:33] Possible /pseudo 'acyl-CoA dehydrogenase' at JTNP01000013 position 164354
[18:20:33] Possible /pseudo 'putative protein' at JTNP01000013 position 249136
[18:20:33] Possible /pseudo 'ABC transporter ATP-binding protein' at JTNP01000013 position 266356
[18:20:33] Possible /pseudo 'ABC transporter ATP-binding protein' at JTNP01000013 position 313668
[18:20:33] Possible /pseudo 'ABC transporter permease' at JTNP01000013 position 315598
[18:20:33] Possible /pseudo 'formate dehydrogenase-O major subunit' at JTNP01000013 position 373883
[18:20:33] Possible /pseudo 'resistance-nodulation-cell division (RND) efflux membrane fusion protein' at JTNP01000014 position 18562
[18:20:33] Possible /pseudo 'alkyl hydroperoxide reductase' at JTNP01000014 position 38224
[18:20:33] Possible /pseudo 'ABC transporter permease' at JTNP01000014 position 39901
[18:20:33] Possible /pseudo 'transcriptional regulator' at JTNP01000014 position 56084
[18:20:33] Possible /pseudo 'RNA 2'-phosphotransferase-like protein' at JTNP01000014 position 126918
[18:20:33] Possible /pseudo 'enoyl-CoA hydratase' at JTNP01000015 position 57785
[18:20:33] Possible /pseudo 'cytochrome C' at JTNP01000016 position 22672
[18:20:33] Possible /pseudo 'transcriptional regulator' at JTNP01000016 position 26911
[18:20:33] Possible /pseudo 'resistance-nodulation-cell division (RND) efflux transporter' at JTNP01000016 position 72766
[18:20:33] Possible /pseudo 'iron ABC transporter substrate-binding protein' at JTNP01000017 position 58482
[18:20:33] Possible /pseudo 'bacteriophage protein' at JTNP01000017 position 139657
[18:20:33] Possible /pseudo 'bacteriophage protein' at JTNP01000017 position 144279
[18:20:33] Possible /pseudo 'ABC transporter permease' at JTNP01000020 position 60668
[18:20:33] Possible /pseudo 'ABC transporter' at JTNP01000020 position 70646
[18:20:33] Possible /pseudo 'C4-dicarboxylate transporter' at JTNP01000021 position 71978
[18:20:33] Possible /pseudo 'transcriptional regulator' at JTNP01000021 position 80836
[18:20:33] Possible /pseudo 'transcriptional regulator' at JTNP01000021 position 146305
[18:20:33] Possible /pseudo 'hydrolase' at JTNP01000022 position 93956
[18:20:33] Possible /pseudo 'chemotaxis transducer' at JTNP01000022 position 121257
[18:20:33] Possible /pseudo 'transporter' at JTNP01000022 position 126566
[18:20:33] Possible /pseudo 'ABC transporter permease' at JTNP01000023 position 14186
[18:20:33] Possible /pseudo 'transcriptional regulator' at JTNP01000023 position 24418
[18:20:33] Possible /pseudo 'isocitrate dehydrogenase' at JTNP01000024 position 6724
[18:20:33] Possible /pseudo 'type II secretion system protein' at JTNP01000024 position 60068
[18:20:33] Possible /pseudo 'type II secretion system protein' at JTNP01000024 position 60493
[18:20:33] Possible /pseudo 'type II secretion system protein' at JTNP01000024 position 60872
[18:20:33] Possible /pseudo 'type II secretion system protein' at JTNP01000024 position 61360
[18:20:33] Possible /pseudo 'oxidoreductase' at JTNP01000024 position 175541
[18:20:33] Possible /pseudo 'transcriptional regulator' at JTNP01000024 position 392320
[18:20:33] Possible /pseudo 'transcriptional regulator' at JTNP01000025 position 11225
[18:20:33] Possible /pseudo 'type II secretion system protein' at JTNP01000028 position 14653
[18:20:33] Possible /pseudo 'alkaline phosphatase L' at JTNP01000028 position 21389
[18:20:33] Possible /pseudo 'transcriptional regulator' at JTNP01000031 position 16894
[18:20:33] Possible /pseudo 'ABC transporter permease' at JTNP01000031 position 34240
[18:20:33] Possible /pseudo 'aspartate-semialdehyde dehydrogenase' at JTNP01000033 position 74228
[18:20:33] Possible /pseudo 'cyanide insensitive terminal oxidase' at JTNP01000035 position 61059
[18:20:33] Possible /pseudo 'tyrosine porin OpdT' at JTNP01000036 position 96262
[18:20:33] Possible /pseudo 'IS3 family transposase ISPa32' at JTNP01000038 position 5380
[18:20:33] Possible /pseudo 'amino acid ABC transporter permease' at JTNP01000038 position 36141
[18:20:33] Possible /pseudo 'FMNH2-dependent monooxygenase' at JTNP01000039 position 72216
[18:20:33] Possible /pseudo 'binding-protein-dependent maltose/mannitol transport protein' at JTNP01000039 position 81120
[18:20:33] Possible /pseudo 'hydrolase' at JTNP01000040 position 41635
[18:20:33] Possible /pseudo 'rubredoxin' at JTNP01000048 position 79201
[18:20:33] Possible /pseudo 'phosphate ABC transporter permease' at JTNP01000048 position 95776
[18:20:33] Possible /pseudo 'ABC transporter ATP-binding protein' at JTNP01000049 position 76076
[18:20:33] Possible /pseudo 'Putative aliphatic sulfonates-binding protein' at JTNP01000050 position 7102
[18:20:33] Possible /pseudo 'Putative aliphatic sulfonates-binding protein' at JTNP01000050 position 8070
[18:20:33] Possible /pseudo 'phenazine biosynthesis protein' at JTNP01000051 position 574
[18:20:33] Possible /pseudo 'oxidoreductase' at JTNP01000052 position 15340
[18:20:33] Possible /pseudo 'xanthine dehydrogenase' at JTNP01000065 position 3810
[18:20:33] Possible /pseudo 'paraquat-inducible protein A' at JTNP01000073 position 1023
[18:20:33] Found 2047 unique /gene codes.
[18:20:33] Fixed 3 duplicate /gene - opdT_1 opdT_2 opdT_3
[18:20:33] Fixed 3 duplicate /gene - yjiK_1 yjiK_2 yjiK_3
[18:20:33] Fixed 6 duplicate /gene - ssuA_1 ssuA_2 ssuA_3 ssuA_4 ssuA_5 ssuA_6
[18:20:33] Fixed 5 duplicate /gene - vgrG1_1 vgrG1_2 vgrG1_3 vgrG1_4 vgrG1_5
[18:20:33] Fixed 2 duplicate /gene - inaA_1 inaA_2
[18:20:33] Fixed 3 duplicate /gene - pxpB_1 pxpB_2 pxpB_3
[18:20:33] Fixed 3 duplicate /gene - ambA_1 ambA_2 ambA_3
[18:20:33] Fixed 6 duplicate /gene - aaeB_1 aaeB_2 aaeB_3 aaeB_4 aaeB_5 aaeB_6
[18:20:33] Fixed 2 duplicate /gene - rmlD_1 rmlD_2
[18:20:33] Fixed 2 duplicate /gene - lolE_1 lolE_2
[18:20:33] Fixed 2 duplicate /gene - rlpA_1 rlpA_2
[18:20:33] Fixed 2 duplicate /gene - hcnA_1 hcnA_2
[18:20:33] Fixed 2 duplicate /gene - yohK_1 yohK_2
[18:20:33] Fixed 5 duplicate /gene - topA_1 topA_2 topA_3 topA_4 topA_5
[18:20:33] Fixed 2 duplicate /gene - phnC_1 phnC_2
[18:20:33] Fixed 2 duplicate /gene - smc_1 smc_2
[18:20:33] Fixed 2 duplicate /gene - amiC_1 amiC_2
[18:20:33] Fixed 2 duplicate /gene - rimJ_1 rimJ_2
[18:20:33] Fixed 2 duplicate /gene - mexE_1 mexE_2
[18:20:33] Fixed 2 duplicate /gene - betB_1 betB_2
[18:20:33] Fixed 2 duplicate /gene - thiE_1 thiE_2
[18:20:33] Fixed 2 duplicate /gene - lpdG_1 lpdG_2
[18:20:33] Fixed 2 duplicate /gene - rhlB_1 rhlB_2
[18:20:33] Fixed 4 duplicate /gene - glcD_1 glcD_2 glcD_3 glcD_4
[18:20:33] Fixed 5 duplicate /gene - ftsH_1 ftsH_2 ftsH_3 ftsH_4 ftsH_5
[18:20:33] Fixed 2 duplicate /gene - pncC_1 pncC_2
[18:20:33] Fixed 3 duplicate /gene - aprF_1 aprF_2 aprF_3
[18:20:33] Fixed 2 duplicate /gene - ivy_1 ivy_2
[18:20:33] Fixed 2 duplicate /gene - murJ_1 murJ_2
[18:20:33] Fixed 3 duplicate /gene - rep_1 rep_2 rep_3
[18:20:33] Fixed 2 duplicate /gene - eptA_1 eptA_2
[18:20:33] Fixed 2 duplicate /gene - lpxD_1 lpxD_2
[18:20:33] Fixed 2 duplicate /gene - fiuA_1 fiuA_2
[18:20:33] Fixed 2 duplicate /gene - kdsB_1 kdsB_2
[18:20:33] Fixed 2 duplicate /gene - lsrG_1 lsrG_2
[18:20:33] Fixed 2 duplicate /gene - cntI_1 cntI_2
[18:20:33] Fixed 3 duplicate /gene - radC_1 radC_2 radC_3
[18:20:33] Fixed 2 duplicate /gene - pmbA_1 pmbA_2
[18:20:33] Fixed 2 duplicate /gene - pyrG_1 pyrG_2
[18:20:33] Fixed 2 duplicate /gene - tolR_1 tolR_2
[18:20:33] Fixed 4 duplicate /gene - oprN_1 oprN_2 oprN_3 oprN_4
[18:20:33] Fixed 3 duplicate /gene - phuT_1 phuT_2 phuT_3
[18:20:33] Fixed 2 duplicate /gene - mvaT_1 mvaT_2
[18:20:33] Fixed 2 duplicate /gene - prmC_1 prmC_2
[18:20:33] Fixed 2 duplicate /gene - yrdA_1 yrdA_2
[18:20:33] Fixed 2 duplicate /gene - tufB_1 tufB_2
[18:20:33] Fixed 2 duplicate /gene - amiE_1 amiE_2
[18:20:33] Fixed 2 duplicate /gene - pvdL_1 pvdL_2
[18:20:33] Fixed 2 duplicate /gene - cpdA_1 cpdA_2
[18:20:33] Fixed 2 duplicate /gene - wzz_1 wzz_2
[18:20:33] Fixed 3 duplicate /gene - gbt_1 gbt_2 gbt_3
[18:20:33] Fixed 2 duplicate /gene - mscS_1 mscS_2
[18:20:33] Fixed 2 duplicate /gene - lptA_1 lptA_2
[18:20:33] Fixed 2 duplicate /gene - cobO_1 cobO_2
[18:20:33] Fixed 2 duplicate /gene - hpcD_1 hpcD_2
[18:20:33] Fixed 2 duplicate /gene - pvdD_1 pvdD_2
[18:20:33] Fixed 2 duplicate /gene - lhgD_1 lhgD_2
[18:20:33] Fixed 3 duplicate /gene - aguB_1 aguB_2 aguB_3
[18:20:33] Fixed 2 duplicate /gene - eamA_1 eamA_2
[18:20:33] Fixed 2 duplicate /gene - trmR_1 trmR_2
[18:20:33] Fixed 2 duplicate /gene - pvdH_1 pvdH_2
[18:20:33] Fixed 2 duplicate /gene - tolB_1 tolB_2
[18:20:33] Fixed 2 duplicate /gene - phnE_1 phnE_2
[18:20:33] Fixed 2 duplicate /gene - hflC_1 hflC_2
[18:20:33] Fixed 2 duplicate /gene - sttH_1 sttH_2
[18:20:33] Fixed 2 duplicate /gene - kdpB_1 kdpB_2
[18:20:33] Fixed 2 duplicate /gene - speA_1 speA_2
[18:20:33] Fixed 3 duplicate /gene - rutB_1 rutB_2 rutB_3
[18:20:33] Fixed 2 duplicate /gene - cidA_1 cidA_2
[18:20:33] Fixed 2 duplicate /gene - phzG2_1 phzG2_2
[18:20:33] Fixed 3 duplicate /gene - speE_1 speE_2 speE_3
[18:20:33] Fixed 2 duplicate /gene - dksA_1 dksA_2
[18:20:33] Fixed 2 duplicate /gene - hcnC_1 hcnC_2
[18:20:33] Fixed 2 duplicate /gene - ubiJ_1 ubiJ_2
[18:20:33] Fixed 3 duplicate /gene - copR_1 copR_2 copR_3
[18:20:33] Fixed 4 duplicate /gene - btuB_1 btuB_2 btuB_3 btuB_4
[18:20:33] Fixed 2 duplicate /gene - hcpB_1 hcpB_2
[18:20:33] Fixed 2 duplicate /gene - pfpI_1 pfpI_2
[18:20:33] Fixed 4 duplicate /gene - xerC_1 xerC_2 xerC_3 xerC_4
[18:20:33] Fixed 3 duplicate /gene - lspA_1 lspA_2 lspA_3
[18:20:33] Fixed 3 duplicate /gene - pxpC_1 pxpC_2 pxpC_3
[18:20:33] Fixed 3 duplicate /gene - zapE_1 zapE_2 zapE_3
[18:20:33] Fixed 2 duplicate /gene - cysM_1 cysM_2
[18:20:33] Fixed 3 duplicate /gene - yfdE_1 yfdE_2 yfdE_3
[18:20:33] Fixed 2 duplicate /gene - cifR_1 cifR_2
[18:20:33] Fixed 2 duplicate /gene - hpcE_1 hpcE_2
[18:20:33] Fixed 2 duplicate /gene - recB_1 recB_2
[18:20:33] Fixed 2 duplicate /gene - ybjJ_1 ybjJ_2
[18:20:33] Fixed 2 duplicate /gene - yqjD_1 yqjD_2
[18:20:33] Fixed 2 duplicate /gene - cls_1 cls_2
[18:20:33] Fixed 2 duplicate /gene - catR_1 catR_2
[18:20:33] Fixed 6 duplicate /gene - tam_1 tam_2 tam_3 tam_4 tam_5 tam_6
[18:20:33] Fixed 2 duplicate /gene - yeaD_1 yeaD_2
[18:20:33] Fixed 2 duplicate /gene - prtR_1 prtR_2
[18:20:33] Fixed 2 duplicate /gene - secD_1 secD_2
[18:20:33] Fixed 2 duplicate /gene - chpA_1 chpA_2
[18:20:33] Fixed 2 duplicate /gene - def_1 def_2
[18:20:33] Fixed 2 duplicate /gene - tadA_1 tadA_2
[18:20:33] Fixed 2 duplicate /gene - arnT_1 arnT_2
[18:20:33] Fixed 2 duplicate /gene - ogt_1 ogt_2
[18:20:33] Fixed 2 duplicate /gene - uspE_1 uspE_2
[18:20:33] Fixed 2 duplicate /gene - pauA_1 pauA_2
[18:20:33] Fixed 2 duplicate /gene - fdnG_1 fdnG_2
[18:20:33] Fixed 3 duplicate /gene - quiP_1 quiP_2 quiP_3
[18:20:33] Fixed 3 duplicate /gene - czcA_1 czcA_2 czcA_3
[18:20:33] Fixed 2 duplicate /gene - mdoB_1 mdoB_2
[18:20:33] Fixed 3 duplicate /gene - copS_1 copS_2 copS_3
[18:20:33] Fixed 2 duplicate /gene - pucB_1 pucB_2
[18:20:33] Fixed 2 duplicate /gene - ybgC_1 ybgC_2
[18:20:33] Fixed 2 duplicate /gene - phnX_1 phnX_2
[18:20:33] Fixed 4 duplicate /gene - htpX_1 htpX_2 htpX_3 htpX_4
[18:20:33] Fixed 2 duplicate /gene - czcB_1 czcB_2
[18:20:33] Fixed 5 duplicate /gene - msuD_1 msuD_2 msuD_3 msuD_4 msuD_5
[18:20:33] Fixed 2 duplicate /gene - hxuB_1 hxuB_2
[18:20:33] Fixed 2 duplicate /gene - arnB_1 arnB_2
[18:20:33] Fixed 2 duplicate /gene - pucA_1 pucA_2
[18:20:33] Fixed 2 duplicate /gene - cmaX_1 cmaX_2
[18:20:33] Fixed 3 duplicate /gene - recF_1 recF_2 recF_3
[18:20:33] Fixed 2 duplicate /gene - pqsD_1 pqsD_2
[18:20:33] Fixed 2 duplicate /gene - yjcH_1 yjcH_2
[18:20:33] Fixed 5 duplicate /gene - COQ3_1 COQ3_2 COQ3_3 COQ3_4 COQ3_5
[18:20:33] Fixed 3 duplicate /gene - phzF1_1 phzF1_2 phzF1_3
[18:20:33] Fixed 2 duplicate /gene - nfdA_1 nfdA_2
[18:20:33] Fixed 2 duplicate /gene - spuC_1 spuC_2
[18:20:33] Fixed 2 duplicate /gene - gabD_1 gabD_2
[18:20:33] Fixed 2 duplicate /gene - pxpA3_1 pxpA3_2
[18:20:33] Fixed 3 duplicate /gene - ptrB_1 ptrB_2 ptrB_3
[18:20:33] Fixed 2 duplicate /gene - sbcD_1 sbcD_2
[18:20:33] Fixed 3 duplicate /gene - mttC_1 mttC_2 mttC_3
[18:20:33] Fixed 2 duplicate /gene - apaH_1 apaH_2
[18:20:33] Fixed 4 duplicate /gene - soj_1 soj_2 soj_3 soj_4
[18:20:33] Fixed 2 duplicate /gene - alyA_1 alyA_2
[18:20:33] Fixed 2 duplicate /gene - trpD_1 trpD_2
[18:20:33] Fixed 2 duplicate /gene - pcaC_1 pcaC_2
[18:20:33] Fixed 2 duplicate /gene - gshA_1 gshA_2
[18:20:33] Fixed 2 duplicate /gene - pvdN_1 pvdN_2
[18:20:33] Fixed 2 duplicate /gene - kefB_1 kefB_2
[18:20:33] Fixed 2 duplicate /gene - ydiK_1 ydiK_2
[18:20:33] Fixed 3 duplicate /gene - clpP_1 clpP_2 clpP_3
[18:20:33] Fixed 3 duplicate /gene - lptF_1 lptF_2 lptF_3
[18:20:33] Fixed 2 duplicate /gene - ilvI_1 ilvI_2
[18:20:33] Fixed 6 duplicate /gene - oprM_1 oprM_2 oprM_3 oprM_4 oprM_5 oprM_6
[18:20:33] Fixed 2 duplicate /gene - yiiM_1 yiiM_2
[18:20:33] Fixed 2 duplicate /gene - icmF1_1 icmF1_2
[18:20:33] Fixed 2 duplicate /gene - wspR_1 wspR_2
[18:20:33] Fixed 4 duplicate /gene - yabJ_1 yabJ_2 yabJ_3 yabJ_4
[18:20:33] Fixed 2 duplicate /gene - pirA_1 pirA_2
[18:20:33] Fixed 4 duplicate /gene - bepA_1 bepA_2 bepA_3 bepA_4
[18:20:33] Fixed 2 duplicate /gene - aprD_1 aprD_2
[18:20:33] Fixed 2 duplicate /gene - nadE_1 nadE_2
[18:20:33] Fixed 3 duplicate /gene - intA_1 intA_2 intA_3
[18:20:33] Fixed 2 duplicate /gene - aruH_1 aruH_2
[18:20:33] Fixed 2 duplicate /gene - yedA_1 yedA_2
[18:20:33] Fixed 2 duplicate /gene - clpX_1 clpX_2
[18:20:33] Fixed 2 duplicate /gene - mmsR_1 mmsR_2
[18:20:33] Fixed 4 duplicate /gene - pal_1 pal_2 pal_3 pal_4
[18:20:33] Fixed 2 duplicate /gene - oprD_1 oprD_2
[18:20:33] Fixed 2 duplicate /gene - lemA_1 lemA_2
[18:20:33] Fixed 2 duplicate /gene - oprB_1 oprB_2
[18:20:33] Fixed 2 duplicate /gene - capB_1 capB_2
[18:20:33] Fixed 2 duplicate /gene - prpB_1 prpB_2
[18:20:33] Fixed 2 duplicate /gene - nudC_1 nudC_2
[18:20:33] Fixed 2 duplicate /gene - mexF_1 mexF_2
[18:20:33] Fixed 2 duplicate /gene - yohC_1 yohC_2
[18:20:33] Fixed 2 duplicate /gene - hrp1_1 hrp1_2
[18:20:33] Fixed 2 duplicate /gene - czcC_1 czcC_2
[18:20:33] Fixed 2 duplicate /gene - hcp1_1 hcp1_2
[18:20:33] Fixed 2 duplicate /gene - dnaB_1 dnaB_2
[18:20:33] Fixed 2 duplicate /gene - nadD_1 nadD_2
[18:20:33] Fixed 2 duplicate /gene - pilT_1 pilT_2
[18:20:33] Fixed 2 duplicate /gene - aaeX_1 aaeX_2
[18:20:33] Fixed 2 duplicate /gene - arsC_1 arsC_2
[18:20:33] Fixed 3 duplicate /gene - tauD_1 tauD_2 tauD_3
[18:20:33] Fixed 2 duplicate /gene - rhtC_1 rhtC_2
[18:20:33] Fixed 2 duplicate /gene - rtcB_1 rtcB_2
[18:20:33] Fixed 2 duplicate /gene - spuB_1 spuB_2
[18:20:33] Fixed 2 duplicate /gene - waaP_1 waaP_2
[18:20:33] Fixed 3 duplicate /gene - pcoA_1 pcoA_2 pcoA_3
[18:20:33] Fixed 2 duplicate /gene - phaF_1 phaF_2
[18:20:33] Fixed 2 duplicate /gene - rapA_1 rapA_2
[18:20:33] Fixed 2 duplicate /gene - pcoB_1 pcoB_2
[18:20:33] Fixed 2 duplicate /gene - moaA1_1 moaA1_2
[18:20:33] Fixed 2 duplicate /gene - hcf136_1 hcf136_2
[18:20:33] Fixed 2 duplicate /gene - ftsN_1 ftsN_2
[18:20:33] Fixed 2 duplicate /gene - alaS_1 alaS_2
[18:20:33] Fixed 185 colliding /gene names.
[18:20:33] Adding /locus_tag identifiers
[18:20:33] Assigned 6465 locus_tags to CDS and RNA features.
[18:20:33] Writing outputs to example_output/prokka/YMM2RB8W/
[18:20:35] Generating annotation statistics file
[18:20:35] Generating Genbank and Sequin files
[18:20:35] Running: tbl2asn -V b -a r10k -l paired-ends -M n -N 1 -y 'Annotated using prokka 1.14.6 from https://github.com/tseemann/prokka' -Z example_output\/prokka\/YMM2RB8W\/PROKKA_02052024\.err -i example_output\/prokka\/YMM2RB8W\/PROKKA_02052024\.fsa 2> /dev/null
[18:20:44] Deleting unwanted file: example_output/prokka/YMM2RB8W/errorsummary.val
[18:20:44] Deleting unwanted file: example_output/prokka/YMM2RB8W/PROKKA_02052024.dr
[18:20:44] Deleting unwanted file: example_output/prokka/YMM2RB8W/PROKKA_02052024.fixedproducts
[18:20:44] Deleting unwanted file: example_output/prokka/YMM2RB8W/PROKKA_02052024.ecn
[18:20:44] Deleting unwanted file: example_output/prokka/YMM2RB8W/PROKKA_02052024.val
[18:20:44] Repairing broken .GBK output that tbl2asn produces...
[18:20:44] Running: sed 's/COORDINATES: profile/COORDINATES:profile/' < example_output\/prokka\/YMM2RB8W\/PROKKA_02052024\.gbf > example_output\/prokka\/YMM2RB8W\/PROKKA_02052024\.gbk
[18:20:44] Deleting unwanted file: example_output/prokka/YMM2RB8W/PROKKA_02052024.gbf
[18:20:44] Output files:
[18:20:44] example_output/prokka/YMM2RB8W/PROKKA_02052024.err
[18:20:44] example_output/prokka/YMM2RB8W/PROKKA_02052024.faa
[18:20:44] example_output/prokka/YMM2RB8W/PROKKA_02052024.ffn
[18:20:44] example_output/prokka/YMM2RB8W/PROKKA_02052024.fna
[18:20:44] example_output/prokka/YMM2RB8W/PROKKA_02052024.fsa
[18:20:44] example_output/prokka/YMM2RB8W/PROKKA_02052024.gbk
[18:20:44] example_output/prokka/YMM2RB8W/PROKKA_02052024.gff
[18:20:44] example_output/prokka/YMM2RB8W/PROKKA_02052024.log
[18:20:44] example_output/prokka/YMM2RB8W/PROKKA_02052024.sqn
[18:20:44] example_output/prokka/YMM2RB8W/PROKKA_02052024.tbl
[18:20:44] example_output/prokka/YMM2RB8W/PROKKA_02052024.tsv
[18:20:44] example_output/prokka/YMM2RB8W/PROKKA_02052024.txt
[18:20:44] Annotation finished successfully.
[18:20:44] Walltime used: 2.42 minutes
[18:20:44] If you use this result please cite the Prokka paper:
[18:20:44] Seemann T (2014) Prokka: rapid prokaryotic genome annotation. Bioinformatics. 30(14):2068-9.
[18:20:44] Type 'prokka --citation' for more details.
[18:20:44] Share and enjoy!
