[22:15:56] This is prokka 1.14.6
[22:15:56] Written by Torsten Seemann <torsten.seemann@gmail.com>
[22:15:56] Homepage is https://github.com/tseemann/prokka
[22:15:56] Local time is Wed Jan 31 22:15:56 2024
[22:15:56] You are alper
[22:15:56] Operating system is linux
[22:15:56] You have BioPerl 1.7.8
[22:15:56] System has 16 cores.
[22:15:56] Will use maximum of 12 cores.
[22:15:56] Annotating as >>> Bacteria <<<
[22:15:56] Generating locus_tag from '/home/alper/git/SR-AMR/example/example_files/amikacin/Resistant/287.871.fna' contents.
[22:15:56] Setting --locustag GCDEOBMB from MD5 0cde8b6b95141b1ff2a56b4d0f09e044
[22:15:56] Creating new output folder: /home/alper/git/SR-AMR/example/example_output/prokka/UE20R4AD
[22:15:56] Running: mkdir -p \/home\/alper\/git\/SR\-AMR\/example\/example_output\/prokka\/UE20R4AD
[22:15:56] Using filename prefix: PROKKA_01312024.XXX
[22:15:56] Setting HMMER_NCPU=1
[22:15:56] Writing log to: /home/alper/git/SR-AMR/example/example_output/prokka/UE20R4AD/PROKKA_01312024.log
[22:15:56] Command: /home/alper/miniconda3/envs/sr/bin/prokka --cpus 12 --outdir /home/alper/git/SR-AMR/example/example_output/prokka/UE20R4AD --proteins /home/alper/git/SR-AMR/example/reference.gbff --force /home/alper/git/SR-AMR/example/example_files/amikacin/Resistant/287.871.fna
[22:15:56] Appending to PATH: /home/alper/miniconda3/envs/sr/bin
[22:15:56] Looking for 'aragorn' - found /home/alper/miniconda3/envs/sr/bin/aragorn
[22:15:56] Determined aragorn version is 001002 from 'ARAGORN v1.2.41 Dean Laslett'
[22:15:56] Looking for 'barrnap' - found /home/alper/miniconda3/envs/sr/bin/barrnap
[22:15:56] Determined barrnap version is 000009 from 'barrnap 0.9'
[22:15:56] Looking for 'blastp' - found /home/alper/miniconda3/envs/sr/bin/blastp
[22:15:56] Determined blastp version is 002015 from 'blastp: 2.15.0+'
[22:15:56] Looking for 'cmpress' - found /home/alper/miniconda3/envs/sr/bin/cmpress
[22:15:56] Determined cmpress version is 001001 from '# INFERNAL 1.1.4 (Dec 2020)'
[22:15:56] Looking for 'cmscan' - found /home/alper/miniconda3/envs/sr/bin/cmscan
[22:15:56] Determined cmscan version is 001001 from '# INFERNAL 1.1.4 (Dec 2020)'
[22:15:56] Looking for 'egrep' - found /usr/bin/egrep
[22:15:56] Looking for 'find' - found /usr/bin/find
[22:15:56] Looking for 'grep' - found /usr/bin/grep
[22:15:56] Looking for 'hmmpress' - found /home/alper/miniconda3/envs/sr/bin/hmmpress
[22:15:56] Determined hmmpress version is 003003 from '# HMMER 3.3.2 (Nov 2020); http://hmmer.org/'
[22:15:57] Looking for 'hmmscan' - found /home/alper/miniconda3/envs/sr/bin/hmmscan
[22:15:57] Determined hmmscan version is 003003 from '# HMMER 3.3.2 (Nov 2020); http://hmmer.org/'
[22:15:57] Looking for 'java' - found /home/alper/miniconda3/envs/sr/bin/java
[22:15:57] Looking for 'makeblastdb' - found /home/alper/miniconda3/envs/sr/bin/makeblastdb
[22:15:57] Determined makeblastdb version is 002015 from 'makeblastdb: 2.15.0+'
[22:15:57] Looking for 'minced' - found /home/alper/miniconda3/envs/sr/bin/minced
[22:15:57] Determined minced version is 004002 from 'minced 0.4.2'
[22:15:57] Looking for 'parallel' - found /home/alper/miniconda3/envs/sr/bin/parallel
[22:15:57] Determined parallel version is 20240122 from 'GNU parallel 20240122'
[22:15:57] Looking for 'prodigal' - found /home/alper/miniconda3/envs/sr/bin/prodigal
[22:15:57] Determined prodigal version is 002006 from 'Prodigal V2.6.3: February, 2016'
[22:15:57] Looking for 'prokka-genbank_to_fasta_db' - found /home/alper/miniconda3/envs/sr/bin/prokka-genbank_to_fasta_db
[22:15:57] Looking for 'sed' - found /usr/bin/sed
[22:15:57] Looking for 'tbl2asn' - found /home/alper/miniconda3/envs/sr/bin/tbl2asn
[22:15:57] Determined tbl2asn version is 025007 from 'tbl2asn 25.7   arguments:'
[22:15:57] Using genetic code table 11.
[22:15:57] Loading and checking input file: /home/alper/git/SR-AMR/example/example_files/amikacin/Resistant/287.871.fna
[22:15:57] Wrote 123 contigs totalling 6898282 bp.
[22:15:57] Predicting tRNAs and tmRNAs
[22:15:57] Running: aragorn -l -gc11  -w \/home\/alper\/git\/SR\-AMR\/example\/example_output\/prokka\/UE20R4AD\/PROKKA_01312024\.fna
[22:16:00] 1 tRNA-Glu [4521,4596] 35 (ttc)
[22:16:00] 2 tRNA-Gly [4599,4674] 34 (gcc)
[22:16:00] 3 tRNA-Gly [4759,4834] 34 (gcc)
[22:16:00] 4 tRNA-Val [173694,173770] 35 (gac)
[22:16:00] 5 tRNA-Pro [207539,207615] 35 (ggg)
[22:16:00] 1 tRNA-Gly [95303,95376] 33 (ccc)
[22:16:00] 2 tRNA-Ser c[171801,171896] 35 (cga)
[22:16:00] 1 tRNA-Thr c[230254,230329] 34 (cgt)
[22:16:00] 1 tRNA-Leu [334880,334966] 35 (caa)
[22:16:00] 2 tRNA-Arg c[437098,437187] 38 (tct)
[22:16:00] 1 tRNA-Ser [51055,51144] 35 (cga)
[22:16:00] 1 tRNA-Lys c[3767,3842] 34 (ttt)
[22:16:00] 2 tRNA-Met [56420,56496] 35 (cat)
[22:16:00] 3 tRNA-Arg c[72480,72556] 35 (acg)
[22:16:00] 4 tRNA-Arg c[72668,72744] 35 (acg)
[22:16:00] 5 tRNA-Ser c[72862,72952] 35 (gct)
[22:16:00] 6 tmRNA [162241,162593] 95,127 ANDDNYALAA*
[22:16:00] 1 tRNA-Ser c[84533,84622] 35 (gga)
[22:16:00] 2 tRNA-Ala [94714,94804] 35 (tgc)
[22:16:00] 1 tRNA-Cys [4577,4650] 33 (gca)
[22:16:00] 2 tRNA-Leu [17202,17288] 35 (taa)
[22:16:00] 1 tRNA-Arg [119284,119358] 34 (cct)
[22:16:00] 1 tRNA-Lys c[60914,60989] 34 (ttt)
[22:16:00] 2 tRNA-Pro c[61000,61076] 35 (tgg)
[22:16:00] 3 tRNA-Asn c[61086,61161] 34 (gtt)
[22:16:00] 4 tRNA-Arg [105069,105142] 35 (acg)
[22:16:00] 1 tRNA-Asn c[158108,158183] 34 (gtt)
[22:16:00] 2 tRNA-Ala [166982,167057] 34 (ggc)
[22:16:00] 3 tRNA-Glu [167106,167181] 35 (ttc)
[22:16:00] 4 tRNA-Ala [167275,167350] 34 (ggc)
[22:16:00] 5 tRNA-Glu [167397,167472] 35 (ttc)
[22:16:00] 1 tRNA-Cys [97702,97800] 37 (gca)
[22:16:00] 2 tRNA-Arg [120110,120186] 35 (tct)
[22:16:00] 3 tRNA-His [120238,120313] 34 (gtg)
[22:16:00] 4 tRNA-Leu [120368,120452] 35 (tag)
[22:16:00] 5 tRNA-Gly [151473,151548] 34 (tcc)
[22:16:00] 6 tRNA-Asn [151561,151635] 33 (gtt)
[22:16:00] 7 tRNA-Thr [151640,151715] 34 (tgt)
[22:16:00] 8 tRNA-His [181138,181213] 34 (gtg)
[22:16:00] 9 tRNA-Asp [192491,192567] 35 (gtc)
[22:16:00] 1 tRNA-Trp c[18807,18904] 38 (cca)
[22:16:00] 1 tRNA-Met c[21962,22038] 35 (cat)
[22:16:00] 2 tRNA-Gln c[25712,25786] 33 (ttg)
[22:16:00] 1 tRNA-Ser [23287,23376] 31 (act)
[22:16:00] 1 tRNA-Leu [30184,30270] 35 (cag)
[22:16:00] 2 tRNA-Leu [30400,30486] 35 (cag)
[22:16:00] 3 tRNA-Phe [287124,287199] 34 (gaa)
[22:16:00] 4 tRNA-Thr [298529,298604] 34 (tgt)
[22:16:00] 1 tRNA-Arg [32058,32134] 35 (ccg)
[22:16:00] 1 tRNA-Ala [30109,30203] 34 (cgc)
[22:16:00] 1 tRNA-Ser [54175,54265] 32 (act)
[22:16:00] 1 tRNA-Trp [51273,51366] 34 (cca)
[22:16:00] 2 tRNA-Pro [53230,53306] 35 (cgg)
[22:16:00] 1 tRNA-Val [15269,15344] 34 (tac)
[22:16:00] 2 tRNA-Asp [15361,15437] 35 (gtc)
[22:16:00] 3 tRNA-Asp [15552,15628] 35 (gtc)
[22:16:00] 1 tRNA-Trp c[15219,15294] 34 (cca)
[22:16:00] 1 tRNA-Ala c[3137,3212] 34 (tgc)
[22:16:00] 2 tRNA-Ile c[3241,3317] 35 (gat)
[22:16:00] 1 tRNA-Met [80176,80252] 35 (cat)
[22:16:00] 1 tRNA-Met c[23177,23253] 35 (cat)
[22:16:00] 2 tRNA-Leu c[23344,23429] 35 (gag)
[22:16:00] 1 tRNA-Ser [1018,1107] 35 (tga)
[22:16:00] 1 tRNA-Ser [4152,4227] 35 (gct)
[22:16:00] 1 tRNA-SeC c[4095,4190] 35 (tca)
[22:16:00] 1 tRNA-Thr c[135,210] 34 (ggt)
[22:16:00] 2 tRNA-Gly c[230,303] 33 (tcc)
[22:16:00] 3 tRNA-Tyr c[330,414] 35 (gta)
[22:16:00] 1 tRNA-Gly [6955,7030] 34 (gcc)
[22:16:00] Found 69 tRNAs
[22:16:00] Predicting Ribosomal RNAs
[22:16:00] Running Barrnap with 12 threads
[22:16:02] 1 JTMZ01000046 77935 5S ribosomal RNA
[22:16:02] 2 JTMZ01000061 22 23S ribosomal RNA
[22:16:02] 3 JTMZ01000061 3383 16S ribosomal RNA
[22:16:02] 4 JTMZ01000062 60853 5S ribosomal RNA (partial)
[22:16:02] Found 4 rRNAs
[22:16:02] Skipping ncRNA search, enable with --rfam if desired.
[22:16:02] Total of 72 tRNA + rRNA features
[22:16:02] Searching for CRISPR repeats
[22:16:03] Found 0 CRISPRs
[22:16:03] Predicting coding sequences
[22:16:03] Contigs total 6898282 bp, so using single mode
[22:16:03] Running: prodigal -i \/home\/alper\/git\/SR\-AMR\/example\/example_output\/prokka\/UE20R4AD\/PROKKA_01312024\.fna -c -m -g 11 -p single -f sco -q
[22:16:07] Excluding CDS which overlaps existing RNA (tRNA) at JTMZ01000003:171550..174177 on + strand
[22:16:07] Excluding CDS which overlaps existing RNA (tRNA) at JTMZ01000008:436957..438252 on - strand
[22:16:07] Excluding CDS which overlaps existing RNA (tRNA) at JTMZ01000013:94344..95198 on - strand
[22:16:08] Excluding CDS which overlaps existing RNA (tRNA) at JTMZ01000027:95836..98562 on - strand
[22:16:08] Excluding CDS which overlaps existing RNA (tRNA) at JTMZ01000028:18240..19259 on + strand
[22:16:09] Excluding CDS which overlaps existing RNA (tRNA) at JTMZ01000035:22944..26789 on + strand
[22:16:09] Excluding CDS which overlaps existing RNA (tRNA) at JTMZ01000040:28979..30745 on - strand
[22:16:09] Excluding CDS which overlaps existing RNA (tRNA) at JTMZ01000046:53485..54894 on + strand
[22:16:09] Excluding CDS which overlaps existing RNA (tRNA) at JTMZ01000048:50307..51524 on - strand
[22:16:10] Excluding CDS which overlaps existing RNA (tRNA) at JTMZ01000085:3379..4380 on - strand
[22:16:10] Found 6394 CDS
[22:16:10] Connecting features back to sequences
[22:16:10] Not using genus-specific database. Try --usegenus to enable it.
[22:16:10] Preparing user-supplied primary BLAST annotation source: /home/alper/git/SR-AMR/example/reference.gbff
[22:16:10] Guessed source was in genbank format.
[22:16:10] Converting genbank '/home/alper/git/SR-AMR/example/reference.gbff' into Prokka FASTA '/home/alper/git/SR-AMR/example/example_output/prokka/UE20R4AD/proteins.faa'
[22:16:10] Running: prokka-genbank_to_fasta_db --format genbank \/home\/alper\/git\/SR\-AMR\/example\/reference\.gbff > \/home\/alper\/git\/SR\-AMR\/example\/example_output\/prokka\/UE20R4AD\/proteins\.faa 2> /dev/null
[22:16:15] Running: makeblastdb -dbtype prot -in \/home\/alper\/git\/SR\-AMR\/example\/example_output\/prokka\/UE20R4AD\/proteins\.faa -out \/home\/alper\/git\/SR\-AMR\/example\/example_output\/prokka\/UE20R4AD\/proteins -logfile /dev/null
[22:16:15] Using /inference source as 'reference.gbff'
[22:16:15] Annotating CDS, please be patient.
[22:16:15] Will use 12 CPUs for similarity searching.
[22:16:16] There are still 6394 unannotated CDS left (started with 6394)
[22:16:16] Will use blast to search against /home/alper/git/SR-AMR/example/example_output/prokka/UE20R4AD/proteins with 12 CPUs
[22:16:16] Running: cat \/home\/alper\/git\/SR\-AMR\/example\/example_output\/prokka\/UE20R4AD\/PROKKA_01312024\.proteins\.tmp\.20656\.faa | parallel --gnu --plain -j 12 --block 86095 --recstart '>' --pipe blastp -query - -db /home/alper/git/SR-AMR/example/example_output/prokka/UE20R4AD/proteins -evalue 1e-09 -qcov_hsp_perc 80 -num_threads 1 -num_descriptions 1 -num_alignments 1 -seg no > \/home\/alper\/git\/SR\-AMR\/example\/example_output\/prokka\/UE20R4AD\/PROKKA_01312024\.proteins\.tmp\.20656\.blast 2> /dev/null
[22:16:34] Deleting unwanted file: /home/alper/git/SR-AMR/example/example_output/prokka/UE20R4AD/PROKKA_01312024.proteins.tmp.20656.faa
[22:16:34] Deleting unwanted file: /home/alper/git/SR-AMR/example/example_output/prokka/UE20R4AD/PROKKA_01312024.proteins.tmp.20656.blast
[22:16:34] There are still 2887 unannotated CDS left (started with 6394)
[22:16:34] Will use blast to search against /home/alper/miniconda3/envs/sr/db/kingdom/Bacteria/IS with 12 CPUs
[22:16:34] Running: cat \/home\/alper\/git\/SR\-AMR\/example\/example_output\/prokka\/UE20R4AD\/PROKKA_01312024\.IS\.tmp\.20656\.faa | parallel --gnu --plain -j 12 --block 31522 --recstart '>' --pipe blastp -query - -db /home/alper/miniconda3/envs/sr/db/kingdom/Bacteria/IS -evalue 1e-30 -qcov_hsp_perc 90 -num_threads 1 -num_descriptions 1 -num_alignments 1 -seg no > \/home\/alper\/git\/SR\-AMR\/example\/example_output\/prokka\/UE20R4AD\/PROKKA_01312024\.IS\.tmp\.20656\.blast 2> /dev/null
[22:16:41] Deleting unwanted file: /home/alper/git/SR-AMR/example/example_output/prokka/UE20R4AD/PROKKA_01312024.IS.tmp.20656.faa
[22:16:41] Deleting unwanted file: /home/alper/git/SR-AMR/example/example_output/prokka/UE20R4AD/PROKKA_01312024.IS.tmp.20656.blast
[22:16:41] There are still 2855 unannotated CDS left (started with 6394)
[22:16:41] Will use blast to search against /home/alper/miniconda3/envs/sr/db/kingdom/Bacteria/AMR with 12 CPUs
[22:16:41] Running: cat \/home\/alper\/git\/SR\-AMR\/example\/example_output\/prokka\/UE20R4AD\/PROKKA_01312024\.AMR\.tmp\.20656\.faa | parallel --gnu --plain -j 12 --block 31093 --recstart '>' --pipe blastp -query - -db /home/alper/miniconda3/envs/sr/db/kingdom/Bacteria/AMR -evalue 1e-300 -qcov_hsp_perc 90 -num_threads 1 -num_descriptions 1 -num_alignments 1 -seg no > \/home\/alper\/git\/SR\-AMR\/example\/example_output\/prokka\/UE20R4AD\/PROKKA_01312024\.AMR\.tmp\.20656\.blast 2> /dev/null
[22:16:47] Deleting unwanted file: /home/alper/git/SR-AMR/example/example_output/prokka/UE20R4AD/PROKKA_01312024.AMR.tmp.20656.faa
[22:16:47] Deleting unwanted file: /home/alper/git/SR-AMR/example/example_output/prokka/UE20R4AD/PROKKA_01312024.AMR.tmp.20656.blast
[22:16:48] There are still 2855 unannotated CDS left (started with 6394)
[22:16:48] Will use blast to search against /home/alper/miniconda3/envs/sr/db/kingdom/Bacteria/sprot with 12 CPUs
[22:16:48] Running: cat \/home\/alper\/git\/SR\-AMR\/example\/example_output\/prokka\/UE20R4AD\/PROKKA_01312024\.sprot\.tmp\.20656\.faa | parallel --gnu --plain -j 12 --block 31093 --recstart '>' --pipe blastp -query - -db /home/alper/miniconda3/envs/sr/db/kingdom/Bacteria/sprot -evalue 1e-09 -qcov_hsp_perc 80 -num_threads 1 -num_descriptions 1 -num_alignments 1 -seg no > \/home\/alper\/git\/SR\-AMR\/example\/example_output\/prokka\/UE20R4AD\/PROKKA_01312024\.sprot\.tmp\.20656\.blast 2> /dev/null
[22:17:09] Modify product: Uncharacterized protein Rv0887c => putative protein
[22:17:09] Modify product: Probable lipid II flippase MurJ => putative lipid II flippase MurJ
[22:17:09] Modify product: UPF0276 protein CCNA_03364 => hypothetical protein
[22:17:09] Modify product: UPF0060 membrane protein YnfA => hypothetical protein
[22:17:09] Modify product: Probable phosphatase Rv3661 => putative phosphatase
[22:17:09] Modify product: Uncharacterized protein YqjD => putative protein YqjD
[22:17:09] Modify product: UPF0761 membrane protein YihY => hypothetical protein
[22:17:09] Modify product: Probable TonB-dependent receptor NMB0964 => putative TonB-dependent receptor
[22:17:09] Modify product: Probable lipoprotein YiaD => putative lipoprotein YiaD
[22:17:09] Modify product: Probable metallo-hydrolase BURPS1710b_2304 => putative metallo-hydrolase
[22:17:09] Modify product: Probable L,D-transpeptidase YbiS => putative L,D-transpeptidase YbiS
[22:17:09] Modify product: UPF0073 inner membrane protein YqfA => hypothetical protein
[22:17:09] Modify product: DNA-binding protein VF_0530 => DNA-binding protein
[22:17:09] Modify product: Uncharacterized NTE family protein Rv1063c => putative NTE family protein
[22:17:09] Modify product: Uncharacterized HTH-type transcriptional regulator Rv3095 => putative HTH-type transcriptional regulator
[22:17:09] Modify product: UPF0153 protein YeiW => hypothetical protein
[22:17:09] Modify product: UPF0167 protein Rv2295 => hypothetical protein
[22:17:09] Modify product: UPF0758 protein => hypothetical protein
[22:17:10] Modify product: Probable amino-acid metabolite efflux pump => putative amino-acid metabolite efflux pump
[22:17:10] Modify product: UPF0126 inner membrane protein YicG => hypothetical protein
[22:17:10] Modify product: UPF0225 protein YchJ => hypothetical protein
[22:17:10] Modify product: Uncharacterized protein YnbC => putative protein YnbC
[22:17:10] Modify product: Uncharacterized protein YnbD => putative protein YnbD
[22:17:10] Modify product: Uncharacterized protein YyaP => putative protein YyaP
[22:17:10] Modify product: UPF0270 protein PA3463 => hypothetical protein
[22:17:10] Modify product: UPF0502 protein PSPTO_2686 => hypothetical protein
[22:17:10] Modify product: Uncharacterized protein PA3922 => putative protein
[22:17:10] Modify product: Probable amino-acid metabolite efflux pump => putative amino-acid metabolite efflux pump
[22:17:10] Modify product: STAS-domain containing protein PA14_20770 => STAS-domain containing protein
[22:17:10] Modify product: Uncharacterized PhzA/B-like protein PA3332 => putative PhzA/B-like protein
[22:17:10] Modify product: Putative universal stress protein SA1532 => Putative universal stress protein
[22:17:10] Modify product: Uncharacterized protein Rv1708 => putative protein
[22:17:10] Modify product: Protease HtpX homolog => Protease HtpX 
[22:17:10] Modify product: Uncharacterized methyltransferase Rv3342 => putative methyltransferase
[22:17:10] Modify product: Uncharacterized protein HI_0933 => putative protein
[22:17:10] Modify product: Probable [Fe-S]-dependent transcriptional repressor => putative [Fe-S]-dependent transcriptional repressor
[22:17:10] Modify product: GTP cyclohydrolase 1 type 2 homolog => GTP cyclohydrolase 1 type 2 
[22:17:10] Modify product: UPF0307 protein PSPTO_4464 => hypothetical protein
[22:17:10] Modify product: Uncharacterized protein YjiK => putative protein YjiK
[22:17:10] Modify product: Uncharacterized protein PA14_02130 => putative protein
[22:17:10] Modify product: Uncharacterized Nudix hydrolase YfcD => putative Nudix hydrolase YfcD
[22:17:10] Modify product: Uncharacterized protein YbiI => putative protein YbiI
[22:17:10] Modify product: UPF0301 protein AlgH => hypothetical protein
[22:17:10] Modify product: UPF0235 protein YggU => hypothetical protein
[22:17:10] Modify product: Uncharacterized HTH-type transcriptional regulator Rv3095 => putative HTH-type transcriptional regulator
[22:17:10] Modify product: Uncharacterized protein PA0049 => putative protein
[22:17:10] Modify product: Putative lipoprotein NMB1124/NMB1162 => Putative lipoprotein/NMB1162
[22:17:10] Modify product: Putative lipoprotein NMB1126/NMB1164 => Putative lipoprotein/NMB1164
[22:17:10] Modify product: Probable fatty acid methyltransferase Rv3720 => putative fatty acid methyltransferase
[22:17:10] Modify product: Probable protein kinase UbiB => putative protein kinase UbiB
[22:17:10] Modify product: Ribonuclease TTHA0252 => Ribonuclease
[22:17:10] Modify product: Purine-binding protein BAB2_0673 => Purine-binding protein
[22:17:10] Modify product: Ribonuclease TTHA0252 => Ribonuclease
[22:17:10] Modify product: UPF0394 inner membrane protein YedE => hypothetical protein
[22:17:10] Modify product: Uncharacterized protein M6_Spy0233 => putative protein
[22:17:10] Modify product: Uncharacterized protein YaeQ => putative protein YaeQ
[22:17:10] Modify product: Phage shock protein A homolog => Phage shock protein A 
[22:17:10] Modify product: UPF0053 inner membrane protein YfjD => hypothetical protein
[22:17:10] Modify product: GTP cyclohydrolase 1 type 2 homolog => GTP cyclohydrolase 1 type 2 
[22:17:10] Modify product: UPF0070 protein HI_0370 => hypothetical protein
[22:17:10] Modify product: Uncharacterized protein YciO => putative protein YciO
[22:17:10] Modify product: Uncharacterized methyltransferase YcgJ => putative methyltransferase YcgJ
[22:17:10] Modify product: Uncharacterized protein Rv2411c => putative protein
[22:17:10] Modify product: Uncharacterized protein Rv2569c => putative protein
[22:17:10] Modify product: Probable transcriptional regulatory protein pdtaR => putative transcriptional regulatory protein pdtaR
[22:17:10] Modify product: Probable membrane transporter protein YfcA => putative membrane transporter protein YfcA
[22:17:10] Modify product: Uncharacterized protein HI_0341 => putative protein
[22:17:10] Modify product: Uncharacterized HTH-type transcriptional regulator Rv3095 => putative HTH-type transcriptional regulator
[22:17:10] Modify product: NADH dehydrogenase-like protein Rv1812c => NADH dehydrogenase-like protein
[22:17:10] Modify product: UPF0053 inner membrane protein YgdQ => hypothetical protein
[22:17:10] Modify product: Cyclic diguanosine monophosphate-binding protein PA4608 => Cyclic diguanosine monophosphate-binding protein
[22:17:10] Modify product: Uncharacterized MFS-type transporter YhhS => putative MFS-type transporter YhhS
[22:17:10] Modify product: Uncharacterized protein YjiK => putative protein YjiK
[22:17:10] Modify product: Uncharacterized protein Rv2895c => putative protein
[22:17:10] Modify product: Uncharacterized protein PA3922 => putative protein
[22:17:10] Modify product: UPF0382 membrane protein YwdK => hypothetical protein
[22:17:10] Modify product: Uncharacterized membrane protein NMB1645 => putative membrane protein
[22:17:10] Modify product: Uncharacterized protein YbdM => putative protein YbdM
[22:17:10] Modify product: Putative hydro-lyase PSPTO_5379 => Putative hydro-lyase
[22:17:10] Modify product: UPF0053 inner membrane protein YgdQ => hypothetical protein
[22:17:10] Modify product: UPF0178 protein YaiI => hypothetical protein
[22:17:10] Modify product: UPF0111 protein HI_1603 => hypothetical protein
[22:17:10] Modify product: UPF0701 protein HI_0467 => hypothetical protein
[22:17:10] Modify product: Probable quorum-quenching lactonase YtnP => putative quorum-quenching lactonase YtnP
[22:17:10] Modify product: Universal stress protein A homolog 2 => Universal stress protein A 
[22:17:10] Modify product: Uncharacterized protein YcbX => putative protein YcbX
[22:17:10] Modify product: Uncharacterized protein YqjD => putative protein YqjD
[22:17:10] Modify product: Uncharacterized protein HI_0341 => putative protein
[22:17:10] Modify product: Uncharacterized protein YybH => putative protein YybH
[22:17:10] Modify product: UPF0053 inner membrane protein YoaE => hypothetical protein
[22:17:10] Modify product: Uncharacterized isomerase YddE => putative isomerase YddE
[22:17:10] Modify product: Uncharacterized HTH-type transcriptional regulator Rv3095 => putative HTH-type transcriptional regulator
[22:17:10] Modify product: Probable FMNH2-dependent monooxygenase SfnC => putative FMNH2-dependent monooxygenase SfnC
[22:17:10] Modify product: Acetyltransferase PA3944 => Acetyltransferase
[22:17:10] Modify product: Acetyltransferase PA3944 => Acetyltransferase
[22:17:10] Modify product: Putative esterase HI_1161 => Putative esterase
[22:17:10] Modify product: Epimerase family protein SA0724 => Epimerase family protein
[22:17:10] Modify product: Probable xanthine dehydrogenase subunit A => putative xanthine dehydrogenase subunit A
[22:17:10] Modify product: Uncharacterized protein PA3922 => putative protein
[22:17:10] Modify product: Uncharacterized protein PA3922 => putative protein
[22:17:10] Modify product: UPF0434 protein PFL_1779 => hypothetical protein
[22:17:10] Modify product: Uncharacterized protein PA14_33160 => putative protein
[22:17:10] Modify product: Uncharacterized protein Rv2004c => putative protein
[22:17:10] Modify product: Uncharacterized protein YqcC => putative protein YqcC
[22:17:10] Modify product: Stress response UPF0229 protein YhbH => hypothetical protein
[22:17:10] Modify product: Uncharacterized protein YqeY => putative protein YqeY
[22:17:10] Modify product: UPF0337 protein PA4738 => hypothetical protein
[22:17:10] Modify product: RNA-binding protein HI_1333 => RNA-binding protein
[22:17:10] Modify product: UPF0125 protein HI_0395 => hypothetical protein
[22:17:10] Modify product: Probable amino-acid metabolite efflux pump => putative amino-acid metabolite efflux pump
[22:17:10] Modify product: Uncharacterized inner membrane transporter YedA => putative inner membrane transporter YedA
[22:17:10] Modify product: Uncharacterized protein Rv2277c => putative protein
[22:17:10] Modify product: UPF0250 protein YbeD => hypothetical protein
[22:17:10] Modify product: Probable enoyl-CoA hydratase 1 => putative enoyl-CoA hydratase 1
[22:17:10] Modify product: Probable Fe(2+)-trafficking protein => putative Fe(2+)-trafficking protein
[22:17:10] Modify product: Uncharacterized oxidoreductase YdgJ => putative oxidoreductase YdgJ
[22:17:10] Modify product: UPF0056 inner membrane protein YhgN => hypothetical protein
[22:17:10] Modify product: Probable cyclic di-GMP phosphodiesterase PdeB => putative cyclic di-GMP phosphodiesterase PdeB
[22:17:10] Modify product: Uncharacterized protein PA3922 => putative protein
[22:17:10] Modify product: UPF0324 inner membrane protein YeiH => hypothetical protein
[22:17:10] Modify product: UPF0053 inner membrane protein YgdQ => hypothetical protein
[22:17:10] Modify product: Probable phosphatase Rv3661 => putative phosphatase
[22:17:10] Modify product: UPF0339 protein YegP => hypothetical protein
[22:17:10] Modify product: Uncharacterized protein YjiK => putative protein YjiK
[22:17:10] Modify product: Uncharacterized protein YjiK => putative protein YjiK
[22:17:10] Modify product: Uncharacterized protein YcgM => putative protein YcgM
[22:17:10] Modify product: Uncharacterized protein Rv2569c => putative protein
[22:17:10] Modify product: Uncharacterized protein Rv2567 => putative protein
[22:17:10] Modify product: Probable FAD-dependent oxidoreductase PA4991 => putative FAD-dependent oxidoreductase
[22:17:10] Modify product: Uncharacterized protein YibN => putative protein YibN
[22:17:10] Modify product: Probable DNA endonuclease SmrA => putative DNA endonuclease SmrA
[22:17:10] Cleaned 131 /product names
[22:17:10] Deleting unwanted file: /home/alper/git/SR-AMR/example/example_output/prokka/UE20R4AD/PROKKA_01312024.sprot.tmp.20656.faa
[22:17:10] Deleting unwanted file: /home/alper/git/SR-AMR/example/example_output/prokka/UE20R4AD/PROKKA_01312024.sprot.tmp.20656.blast
[22:17:11] There are still 2372 unannotated CDS left (started with 6394)
[22:17:11] Will use hmmer3 to search against /home/alper/miniconda3/envs/sr/db/hmm/HAMAP.hmm with 12 CPUs
[22:17:11] Running: cat \/home\/alper\/git\/SR\-AMR\/example\/example_output\/prokka\/UE20R4AD\/PROKKA_01312024\.HAMAP\.hmm\.tmp\.20656\.faa | parallel --gnu --plain -j 12 --block 25273 --recstart '>' --pipe hmmscan --noali --notextw --acc -E 1e-09 --cpu 1 /home/alper/miniconda3/envs/sr/db/hmm/HAMAP.hmm /dev/stdin > \/home\/alper\/git\/SR\-AMR\/example\/example_output\/prokka\/UE20R4AD\/PROKKA_01312024\.HAMAP\.hmm\.tmp\.20656\.hmmer3 2> /dev/null
[22:18:12] Modify product: Uncharacterized Nudix hydrolase NudL => putative Nudix hydrolase NudL
[22:18:12] Cleaned 1 /product names
[22:18:12] Deleting unwanted file: /home/alper/git/SR-AMR/example/example_output/prokka/UE20R4AD/PROKKA_01312024.HAMAP.hmm.tmp.20656.faa
[22:18:12] Deleting unwanted file: /home/alper/git/SR-AMR/example/example_output/prokka/UE20R4AD/PROKKA_01312024.HAMAP.hmm.tmp.20656.hmmer3
[22:18:12] Deleting unwanted file: /home/alper/git/SR-AMR/example/example_output/prokka/UE20R4AD/proteins.psq
[22:18:12] Deleting unwanted file: /home/alper/git/SR-AMR/example/example_output/prokka/UE20R4AD/proteins.phr
[22:18:12] Deleting unwanted file: /home/alper/git/SR-AMR/example/example_output/prokka/UE20R4AD/proteins.pin
[22:18:12] Labelling remaining 2233 proteins as 'hypothetical protein'
[22:18:12] Possible /pseudo 'Homoprotocatechuate catabolism bifunctional isomerase/decarboxylase' at JTMZ01000001 position 22828
[22:18:12] Possible /pseudo 'glutamate carboxypeptidase' at JTMZ01000002 position 163289
[22:18:12] Possible /pseudo 'enoyl-CoA hydratase' at JTMZ01000003 position 80729
[22:18:12] Possible /pseudo 'bacteriophage protein' at JTMZ01000003 position 106004
[22:18:12] Possible /pseudo 'bacteriophage protein' at JTMZ01000003 position 109902
[22:18:12] Possible /pseudo 'bacteriophage protein' at JTMZ01000003 position 110783
[22:18:12] Possible /pseudo 'acyl-CoA dehydrogenase' at JTMZ01000004 position 82506
[22:18:12] Possible /pseudo 'acyl-CoA dehydrogenase' at JTMZ01000004 position 84577
[22:18:12] Possible /pseudo 'ABC transporter' at JTMZ01000005 position 194470
[22:18:12] Possible /pseudo 'ABC transporter permease' at JTMZ01000005 position 204366
[22:18:12] Possible /pseudo 'resistance-nodulation-cell division (RND) efflux membrane fusion protein' at JTMZ01000007 position 18514
[22:18:12] Possible /pseudo 'N-acetyl-D-glucosamine phosphotransferase system transporter' at JTMZ01000008 position 266126
[22:18:12] Possible /pseudo '3-oxoacyl-ACP synthase' at JTMZ01000009 position 36130
[22:18:12] Possible /pseudo 'ABC transporter ATP-binding protein' at JTMZ01000009 position 112866
[22:18:12] Possible /pseudo 'B-type flagellar protein FliS' at JTMZ01000009 position 144318
[22:18:12] Possible /pseudo 'NAD-dependent protein deacylase' at JTMZ01000009 position 176102
[22:18:12] Possible /pseudo 'transcriptional regulator' at JTMZ01000009 position 191008
[22:18:12] Possible /pseudo 'transporter' at JTMZ01000010 position 27051
[22:18:12] Possible /pseudo 'hydrolase' at JTMZ01000010 position 59675
[22:18:12] Possible /pseudo 'sensor/response regulator hybrid protein' at JTMZ01000010 position 69608
[22:18:12] Possible /pseudo 'glycosyl transferase family protein' at JTMZ01000011 position 51834
[22:18:12] Possible /pseudo 'glycosyl transferase family protein' at JTMZ01000011 position 53054
[22:18:12] Possible /pseudo 'porin D' at JTMZ01000012 position 19955
[22:18:12] Possible /pseudo 'C4-dicarboxylate transporter' at JTMZ01000012 position 96006
[22:18:12] Possible /pseudo 'transcriptional regulator' at JTMZ01000012 position 104752
[22:18:12] Possible /pseudo 'transcriptional regulator' at JTMZ01000013 position 87722
[22:18:12] Possible /pseudo 'formate dehydrogenase-O major subunit' at JTMZ01000016 position 15372
[22:18:12] Possible /pseudo 'ABC transporter permease' at JTMZ01000016 position 73543
[22:18:12] Possible /pseudo 'ABC transporter ATP-binding protein' at JTMZ01000016 position 75612
[22:18:12] Possible /pseudo 'ABC transporter ATP-binding protein' at JTMZ01000016 position 123479
[22:18:12] Possible /pseudo 'alkyl hydroperoxide reductase' at JTMZ01000018 position 2487
[22:18:12] Possible /pseudo 'ABC transporter permease' at JTMZ01000018 position 4164
[22:18:12] Possible /pseudo 'transcriptional regulator' at JTMZ01000018 position 20350
[22:18:12] Possible /pseudo 'transposase' at JTMZ01000018 position 108090
[22:18:12] Possible /pseudo 'resistance-nodulation-cell division (RND) efflux transporter' at JTMZ01000019 position 72295
[22:18:12] Possible /pseudo 'long-chain-fatty-acid--CoA ligase' at JTMZ01000020 position 205812
[22:18:12] Possible /pseudo 'transcriptional regulator' at JTMZ01000021 position 43922
[22:18:12] Possible /pseudo 'IS3 family transposase ISStma5' at JTMZ01000022 position 27558
[22:18:12] Possible /pseudo 'ABC transporter ATP-binding protein' at JTMZ01000022 position 120896
[22:18:12] Possible /pseudo 'transporter' at JTMZ01000023 position 33840
[22:18:12] Possible /pseudo 'ABC transporter permease' at JTMZ01000023 position 47410
[22:18:12] Possible /pseudo 'sugar ABC transporter permease' at JTMZ01000023 position 112274
[22:18:12] Possible /pseudo 'aspartate-semialdehyde dehydrogenase' at JTMZ01000023 position 182812
[22:18:12] Possible /pseudo 'sulfate transporter' at JTMZ01000024 position 9972
[22:18:12] Possible /pseudo 'binding-protein-dependent maltose/mannitol transport protein' at JTMZ01000025 position 15685
[22:18:12] Possible /pseudo 'FMNH2-dependent monooxygenase' at JTMZ01000025 position 24578
[22:18:12] Possible /pseudo 'translocation protein in type III secretion' at JTMZ01000027 position 14309
[22:18:12] Possible /pseudo 'translocation protein in type III secretion' at JTMZ01000027 position 15094
[22:18:12] Possible /pseudo 'type III secretion system protein' at JTMZ01000027 position 16013
[22:18:12] Possible /pseudo 'translocation protein in type III secretion' at JTMZ01000027 position 18027
[22:18:12] Possible /pseudo 'transcriptional regulator' at JTMZ01000027 position 74316
[22:18:12] Possible /pseudo 'bacteriophage protein' at JTMZ01000027 position 173715
[22:18:12] Possible /pseudo 'ABC transporter permease' at JTMZ01000027 position 198089
[22:18:12] Possible /pseudo 'short-chain dehydrogenase' at JTMZ01000027 position 220385
[22:18:12] Possible /pseudo 'type II secretion system protein' at JTMZ01000028 position 54106
[22:18:12] Possible /pseudo 'type II secretion system protein' at JTMZ01000028 position 54482
[22:18:12] Possible /pseudo 'type II secretion system protein' at JTMZ01000028 position 54919
[22:18:12] Possible /pseudo 'type II secretion system protein' at JTMZ01000028 position 55341
[22:18:12] Possible /pseudo 'isocitrate dehydrogenase' at JTMZ01000028 position 109033
[22:18:12] Possible /pseudo 'ISNCY family transposase ISBcen27' at JTMZ01000030 position 8663
[22:18:12] Possible /pseudo 'FMNH2-dependent monooxygenase' at JTMZ01000030 position 125744
[22:18:12] Possible /pseudo 'amino acid ABC transporter permease' at JTMZ01000032 position 209189
[22:18:12] Possible /pseudo 'Acetyltransferase' at JTMZ01000033 position 13085
[22:18:12] Possible /pseudo 'paraquat-inducible protein A' at JTMZ01000034 position 800
[22:18:12] Possible /pseudo 'oxidoreductase' at JTMZ01000034 position 83196
[22:18:12] Possible /pseudo 'transcriptional regulator' at JTMZ01000035 position 79542
[22:18:12] Possible /pseudo 'ABC transporter permease' at JTMZ01000036 position 64981
[22:18:12] Possible /pseudo 'transcriptional regulator' at JTMZ01000036 position 82310
[22:18:12] Possible /pseudo 'putative protein' at JTMZ01000037 position 12741
[22:18:12] Possible /pseudo 'acyl-CoA dehydrogenase' at JTMZ01000037 position 99429
[22:18:12] Possible /pseudo 'lipopolysaccharide kinase WaaP' at JTMZ01000037 position 116443
[22:18:12] Possible /pseudo 'Prophage integrase IntA' at JTMZ01000037 position 299558
[22:18:12] Possible /pseudo 'transcriptional regulator' at JTMZ01000038 position 75056
[22:18:12] Possible /pseudo 'NAD(P) transhydrogenase subunit alpha' at JTMZ01000038 position 88871
[22:18:12] Possible /pseudo 'taurine dioxygenase' at JTMZ01000038 position 91603
[22:18:12] Possible /pseudo 'amino acid permease' at JTMZ01000041 position 26147
[22:18:12] Possible /pseudo 'alcohol dehydrogenase' at JTMZ01000041 position 64567
[22:18:12] Possible /pseudo 'major facilitator superfamily transporter' at JTMZ01000041 position 132602
[22:18:12] Possible /pseudo 'iron ABC transporter substrate-binding protein' at JTMZ01000042 position 58207
[22:18:12] Possible /pseudo 'IS3 family transposase ISKpn11' at JTMZ01000044 position 1620
[22:18:12] Possible /pseudo 'oxidoreductase' at JTMZ01000045 position 9333
[22:18:12] Possible /pseudo 'rubredoxin' at JTMZ01000046 position 57525
[22:18:12] Possible /pseudo 'phosphate ABC transporter permease' at JTMZ01000046 position 74100
[22:18:12] Possible /pseudo 'transcriptional regulator' at JTMZ01000047 position 6343
[22:18:12] Possible /pseudo 'ABC transporter permease' at JTMZ01000047 position 16275
[22:18:12] Possible /pseudo 'phenazine biosynthesis protein' at JTMZ01000047 position 39255
[22:18:12] Possible /pseudo 'ABC transporter permease' at JTMZ01000050 position 727
[22:18:12] Possible /pseudo 'resistance-nodulation-cell division (RND) efflux transporter' at JTMZ01000053 position 768
[22:18:12] Possible /pseudo 'cytochrome C' at JTMZ01000054 position 20519
[22:18:12] Possible /pseudo 'transcriptional regulator' at JTMZ01000054 position 24757
[22:18:12] Possible /pseudo 'glycine cleavage system protein T2' at JTMZ01000057 position 2782
[22:18:12] Possible /pseudo 'type II secretion system protein' at JTMZ01000062 position 46173
[22:18:12] Possible /pseudo 'aldehyde dehydrogenase' at JTMZ01000067 position 20746
[22:18:12] Possible /pseudo 'bacteriophage protein' at JTMZ01000072 position 25361
[22:18:12] Possible /pseudo 'bacteriophage protein' at JTMZ01000072 position 29123
[22:18:12] Possible /pseudo 'bacteriophage protein' at JTMZ01000072 position 29649
[22:18:12] Possible /pseudo 'bacteriophage protein' at JTMZ01000072 position 30533
[22:18:12] Possible /pseudo 'ABC transporter permease' at JTMZ01000072 position 39455
[22:18:12] Possible /pseudo 'Putative aliphatic sulfonates-binding protein' at JTMZ01000075 position 10151
[22:18:12] Possible /pseudo 'Putative aliphatic sulfonates-binding protein' at JTMZ01000075 position 11243
[22:18:12] Possible /pseudo 'IS3 family transposase ISPa32' at JTMZ01000085 position 30432
[22:18:12] Possible /pseudo 'cyanide insensitive terminal oxidase' at JTMZ01000086 position 16203
[22:18:12] Possible /pseudo 'adenylosuccinate lyase' at JTMZ01000088 position 13734
[22:18:12] Possible /pseudo 'xanthine dehydrogenase' at JTMZ01000091 position 13178
[22:18:12] Possible /pseudo 'ABC transporter ATP-binding protein' at JTMZ01000101 position 9112
[22:18:12] Found 2054 unique /gene codes.
[22:18:12] Fixed 2 duplicate /gene - pmbA_1 pmbA_2
[22:18:12] Fixed 2 duplicate /gene - tolR_1 tolR_2
[22:18:12] Fixed 2 duplicate /gene - ybgC_1 ybgC_2
[22:18:12] Fixed 2 duplicate /gene - yohC_1 yohC_2
[22:18:12] Fixed 2 duplicate /gene - pvdN_1 pvdN_2
[22:18:12] Fixed 2 duplicate /gene - intA_1 intA_2
[22:18:12] Fixed 2 duplicate /gene - dmoA_1 dmoA_2
[22:18:12] Fixed 3 duplicate /gene - czcA_1 czcA_2 czcA_3
[22:18:12] Fixed 2 duplicate /gene - ackA_1 ackA_2
[22:18:12] Fixed 2 duplicate /gene - amiE_1 amiE_2
[22:18:12] Fixed 2 duplicate /gene - prtN_1 prtN_2
[22:18:12] Fixed 3 duplicate /gene - pxpB_1 pxpB_2 pxpB_3
[22:18:12] Fixed 2 duplicate /gene - yjcH_1 yjcH_2
[22:18:12] Fixed 2 duplicate /gene - vanB_1 vanB_2
[22:18:12] Fixed 3 duplicate /gene - mttC_1 mttC_2 mttC_3
[22:18:12] Fixed 2 duplicate /gene - hcnA_1 hcnA_2
[22:18:12] Fixed 2 duplicate /gene - lspA_1 lspA_2
[22:18:12] Fixed 2 duplicate /gene - rmlD_1 rmlD_2
[22:18:12] Fixed 4 duplicate /gene - htpX_1 htpX_2 htpX_3 htpX_4
[22:18:12] Fixed 5 duplicate /gene - oprN_1 oprN_2 oprN_3 oprN_4 oprN_5
[22:18:12] Fixed 4 duplicate /gene - btuB_1 btuB_2 btuB_3 btuB_4
[22:18:12] Fixed 2 duplicate /gene - grx_1 grx_2
[22:18:12] Fixed 2 duplicate /gene - hxuB_1 hxuB_2
[22:18:12] Fixed 2 duplicate /gene - mmsR_1 mmsR_2
[22:18:12] Fixed 2 duplicate /gene - rhlB_1 rhlB_2
[22:18:12] Fixed 3 duplicate /gene - aprF_1 aprF_2 aprF_3
[22:18:12] Fixed 2 duplicate /gene - pvdH_1 pvdH_2
[22:18:12] Fixed 2 duplicate /gene - dnaB_1 dnaB_2
[22:18:12] Fixed 2 duplicate /gene - trmR_1 trmR_2
[22:18:12] Fixed 2 duplicate /gene - yrdA_1 yrdA_2
[22:18:12] Fixed 2 duplicate /gene - lpdG_1 lpdG_2
[22:18:12] Fixed 6 duplicate /gene - xerC_1 xerC_2 xerC_3 xerC_4 xerC_5 xerC_6
[22:18:12] Fixed 2 duplicate /gene - hcnC_1 hcnC_2
[22:18:12] Fixed 2 duplicate /gene - cueR_1 cueR_2
[22:18:12] Fixed 2 duplicate /gene - cobO_1 cobO_2
[22:18:12] Fixed 2 duplicate /gene - pvdL_1 pvdL_2
[22:18:12] Fixed 2 duplicate /gene - ubiB_1 ubiB_2
[22:18:12] Fixed 2 duplicate /gene - secD_1 secD_2
[22:18:12] Fixed 2 duplicate /gene - comM_1 comM_2
[22:18:12] Fixed 2 duplicate /gene - ldhA_1 ldhA_2
[22:18:12] Fixed 2 duplicate /gene - czcC_1 czcC_2
[22:18:12] Fixed 2 duplicate /gene - lhgD_1 lhgD_2
[22:18:12] Fixed 2 duplicate /gene - mscS_1 mscS_2
[22:18:12] Fixed 3 duplicate /gene - aguB_1 aguB_2 aguB_3
[22:18:12] Fixed 2 duplicate /gene - cysM_1 cysM_2
[22:18:12] Fixed 2 duplicate /gene - pcaC_1 pcaC_2
[22:18:12] Fixed 3 duplicate /gene - gbt_1 gbt_2 gbt_3
[22:18:12] Fixed 2 duplicate /gene - pvdD_1 pvdD_2
[22:18:12] Fixed 4 duplicate /gene - pal_1 pal_2 pal_3 pal_4
[22:18:12] Fixed 2 duplicate /gene - yebT_1 yebT_2
[22:18:12] Fixed 2 duplicate /gene - fiuA_1 fiuA_2
[22:18:12] Fixed 2 duplicate /gene - algR_1 algR_2
[22:18:12] Fixed 3 duplicate /gene - dksA_1 dksA_2 dksA_3
[22:18:12] Fixed 2 duplicate /gene - yohK_1 yohK_2
[22:18:12] Fixed 2 duplicate /gene - spuD_1 spuD_2
[22:18:12] Fixed 2 duplicate /gene - amiC_1 amiC_2
[22:18:12] Fixed 5 duplicate /gene - msuD_1 msuD_2 msuD_3 msuD_4 msuD_5
[22:18:12] Fixed 3 duplicate /gene - oprD_1 oprD_2 oprD_3
[22:18:12] Fixed 2 duplicate /gene - nadD_1 nadD_2
[22:18:12] Fixed 3 duplicate /gene - eamA_1 eamA_2 eamA_3
[22:18:12] Fixed 2 duplicate /gene - aph_1 aph_2
[22:18:12] Fixed 6 duplicate /gene - ssuA_1 ssuA_2 ssuA_3 ssuA_4 ssuA_5 ssuA_6
[22:18:12] Fixed 2 duplicate /gene - icmF1_1 icmF1_2
[22:18:12] Fixed 2 duplicate /gene - cls_1 cls_2
[22:18:12] Fixed 2 duplicate /gene - gcvT2_1 gcvT2_2
[22:18:12] Fixed 2 duplicate /gene - nfdA_1 nfdA_2
[22:18:12] Fixed 2 duplicate /gene - proS_1 proS_2
[22:18:12] Fixed 4 duplicate /gene - bepA_1 bepA_2 bepA_3 bepA_4
[22:18:12] Fixed 2 duplicate /gene - pcoA_1 pcoA_2
[22:18:12] Fixed 2 duplicate /gene - eptA_1 eptA_2
[22:18:12] Fixed 2 duplicate /gene - nudC_1 nudC_2
[22:18:12] Fixed 6 duplicate /gene - aaeB_1 aaeB_2 aaeB_3 aaeB_4 aaeB_5 aaeB_6
[22:18:12] Fixed 2 duplicate /gene - cifR_1 cifR_2
[22:18:12] Fixed 2 duplicate /gene - cpg2_1 cpg2_2
[22:18:12] Fixed 2 duplicate /gene - trkH_1 trkH_2
[22:18:12] Fixed 2 duplicate /gene - mdoB_1 mdoB_2
[22:18:12] Fixed 2 duplicate /gene - pxpA3_1 pxpA3_2
[22:18:12] Fixed 2 duplicate /gene - alyA_1 alyA_2
[22:18:12] Fixed 2 duplicate /gene - exaC_1 exaC_2
[22:18:12] Fixed 2 duplicate /gene - wspR_1 wspR_2
[22:18:12] Fixed 2 duplicate /gene - pobA_1 pobA_2
[22:18:12] Fixed 2 duplicate /gene - pilT_1 pilT_2
[22:18:12] Fixed 2 duplicate /gene - merT_1 merT_2
[22:18:12] Fixed 5 duplicate /gene - soj_1 soj_2 soj_3 soj_4 soj_5
[22:18:12] Fixed 2 duplicate /gene - spuC_1 spuC_2
[22:18:12] Fixed 2 duplicate /gene - yqjD_1 yqjD_2
[22:18:12] Fixed 2 duplicate /gene - trpD_1 trpD_2
[22:18:12] Fixed 2 duplicate /gene - tolB_1 tolB_2
[22:18:12] Fixed 2 duplicate /gene - cpdA_1 cpdA_2
[22:18:12] Fixed 2 duplicate /gene - uspE_1 uspE_2
[22:18:12] Fixed 2 duplicate /gene - thiE_1 thiE_2
[22:18:12] Fixed 3 duplicate /gene - tadA_1 tadA_2 tadA_3
[22:18:12] Fixed 2 duplicate /gene - lptA_1 lptA_2
[22:18:12] Fixed 3 duplicate /gene - lemA_1 lemA_2 lemA_3
[22:18:12] Fixed 2 duplicate /gene - xseA_1 xseA_2
[22:18:12] Fixed 2 duplicate /gene - pfpI_1 pfpI_2
[22:18:12] Fixed 3 duplicate /gene - ambA_1 ambA_2 ambA_3
[22:18:12] Fixed 2 duplicate /gene - prtR_1 prtR_2
[22:18:12] Fixed 2 duplicate /gene - kdpB_1 kdpB_2
[22:18:12] Fixed 2 duplicate /gene - betB_1 betB_2
[22:18:12] Fixed 2 duplicate /gene - pauA_1 pauA_2
[22:18:12] Fixed 3 duplicate /gene - yfdE_1 yfdE_2 yfdE_3
[22:18:12] Fixed 2 duplicate /gene - soxR_1 soxR_2
[22:18:12] Fixed 4 duplicate /gene - vgrG1_1 vgrG1_2 vgrG1_3 vgrG1_4
[22:18:12] Fixed 2 duplicate /gene - thrB_1 thrB_2
[22:18:12] Fixed 3 duplicate /gene - aguA_1 aguA_2 aguA_3
[22:18:12] Fixed 2 duplicate /gene - prs_1 prs_2
[22:18:12] Fixed 2 duplicate /gene - cidA_1 cidA_2
[22:18:12] Fixed 2 duplicate /gene - aruH_1 aruH_2
[22:18:12] Fixed 3 duplicate /gene - quiP_1 quiP_2 quiP_3
[22:18:12] Fixed 2 duplicate /gene - prmC_1 prmC_2
[22:18:12] Fixed 2 duplicate /gene - gbcB_1 gbcB_2
[22:18:12] Fixed 2 duplicate /gene - hcf136_1 hcf136_2
[22:18:12] Fixed 2 duplicate /gene - prpB_1 prpB_2
[22:18:12] Fixed 2 duplicate /gene - hpcD_1 hpcD_2
[22:18:12] Fixed 3 duplicate /gene - pxpC_1 pxpC_2 pxpC_3
[22:18:12] Fixed 2 duplicate /gene - gcvH1_1 gcvH1_2
[22:18:12] Fixed 2 duplicate /gene - waaP_1 waaP_2
[22:18:12] Fixed 4 duplicate /gene - yabJ_1 yabJ_2 yabJ_3 yabJ_4
[22:18:12] Fixed 2 duplicate /gene - vanA_1 vanA_2
[22:18:12] Fixed 2 duplicate /gene - arnB_1 arnB_2
[22:18:12] Fixed 2 duplicate /gene - cmaX_1 cmaX_2
[22:18:12] Fixed 2 duplicate /gene - phuT_1 phuT_2
[22:18:12] Fixed 2 duplicate /gene - cntI_1 cntI_2
[22:18:12] Fixed 2 duplicate /gene - arnT_1 arnT_2
[22:18:12] Fixed 2 duplicate /gene - rlpA_1 rlpA_2
[22:18:12] Fixed 4 duplicate /gene - COQ3_1 COQ3_2 COQ3_3 COQ3_4
[22:18:12] Fixed 6 duplicate /gene - tam_1 tam_2 tam_3 tam_4 tam_5 tam_6
[22:18:12] Fixed 2 duplicate /gene - pvdG_1 pvdG_2
[22:18:12] Fixed 2 duplicate /gene - femA_1 femA_2
[22:18:12] Fixed 3 duplicate /gene - arsC_1 arsC_2 arsC_3
[22:18:12] Fixed 2 duplicate /gene - inaA_1 inaA_2
[22:18:12] Fixed 2 duplicate /gene - yiiM_1 yiiM_2
[22:18:12] Fixed 2 duplicate /gene - speA_1 speA_2
[22:18:12] Fixed 2 duplicate /gene - poxB_1 poxB_2
[22:18:12] Fixed 3 duplicate /gene - zapE_1 zapE_2 zapE_3
[22:18:12] Fixed 2 duplicate /gene - ogt_1 ogt_2
[22:18:12] Fixed 2 duplicate /gene - rtcB_1 rtcB_2
[22:18:12] Fixed 2 duplicate /gene - rimJ_1 rimJ_2
[22:18:12] Fixed 4 duplicate /gene - glcD_1 glcD_2 glcD_3 glcD_4
[22:18:12] Fixed 2 duplicate /gene - chpA_1 chpA_2
[22:18:12] Fixed 2 duplicate /gene - ilvI_1 ilvI_2
[22:18:12] Fixed 2 duplicate /gene - arsH_1 arsH_2
[22:18:12] Fixed 2 duplicate /gene - copR_1 copR_2
[22:18:12] Fixed 2 duplicate /gene - ivy_1 ivy_2
[22:18:12] Fixed 2 duplicate /gene - phnX_1 phnX_2
[22:18:12] Fixed 2 duplicate /gene - mvaT_1 mvaT_2
[22:18:12] Fixed 3 duplicate /gene - ptrB_1 ptrB_2 ptrB_3
[22:18:12] Fixed 2 duplicate /gene - ubiJ_1 ubiJ_2
[22:18:12] Fixed 2 duplicate /gene - xcpS_1 xcpS_2
[22:18:12] Fixed 2 duplicate /gene - argC_1 argC_2
[22:18:12] Fixed 3 duplicate /gene - ftsH_1 ftsH_2 ftsH_3
[22:18:12] Fixed 2 duplicate /gene - femI_1 femI_2
[22:18:12] Fixed 2 duplicate /gene - lpxD_1 lpxD_2
[22:18:12] Fixed 3 duplicate /gene - speE_1 speE_2 speE_3
[22:18:12] Fixed 2 duplicate /gene - pncC_1 pncC_2
[22:18:12] Fixed 4 duplicate /gene - tauD_1 tauD_2 tauD_3 tauD_4
[22:18:12] Fixed 3 duplicate /gene - clpP_1 clpP_2 clpP_3
[22:18:12] Fixed 2 duplicate /gene - rhtC_1 rhtC_2
[22:18:12] Fixed 2 duplicate /gene - tufB_1 tufB_2
[22:18:12] Fixed 2 duplicate /gene - def_1 def_2
[22:18:12] Fixed 2 duplicate /gene - merP_1 merP_2
[22:18:12] Fixed 3 duplicate /gene - rutB_1 rutB_2 rutB_3
[22:18:12] Fixed 2 duplicate /gene - spuB_1 spuB_2
[22:18:12] Fixed 2 duplicate /gene - hpcE_1 hpcE_2
[22:18:12] Fixed 2 duplicate /gene - lolE_1 lolE_2
[22:18:12] Fixed 4 duplicate /gene - topA_1 topA_2 topA_3 topA_4
[22:18:12] Fixed 2 duplicate /gene - kefB_1 kefB_2
[22:18:12] Fixed 2 duplicate /gene - pqsD_1 pqsD_2
[22:18:12] Fixed 2 duplicate /gene - pyrG_1 pyrG_2
[22:18:12] Fixed 2 duplicate /gene - ydiK_1 ydiK_2
[22:18:12] Fixed 2 duplicate /gene - pirA_1 pirA_2
[22:18:12] Fixed 3 duplicate /gene - lptF_1 lptF_2 lptF_3
[22:18:12] Fixed 2 duplicate /gene - fdnG_1 fdnG_2
[22:18:12] Fixed 2 duplicate /gene - cobC_1 cobC_2
[22:18:12] Fixed 2 duplicate /gene - fdhA_1 fdhA_2
[22:18:12] Fixed 2 duplicate /gene - catR_1 catR_2
[22:18:12] Fixed 2 duplicate /gene - yeaD_1 yeaD_2
[22:18:12] Fixed 2 duplicate /gene - wzz_1 wzz_2
[22:18:12] Fixed 2 duplicate /gene - lsrG_1 lsrG_2
[22:18:12] Fixed 2 duplicate /gene - clpX_1 clpX_2
[22:18:12] Fixed 4 duplicate /gene - yjiK_1 yjiK_2 yjiK_3 yjiK_4
[22:18:12] Fixed 2 duplicate /gene - hcp1_1 hcp1_2
[22:18:12] Fixed 5 duplicate /gene - oprM_1 oprM_2 oprM_3 oprM_4 oprM_5
[22:18:12] Fixed 2 duplicate /gene - oprB_1 oprB_2
[22:18:12] Fixed 2 duplicate /gene - aaeX_1 aaeX_2
[22:18:12] Fixed 2 duplicate /gene - copS_1 copS_2
[22:18:12] Fixed 187 colliding /gene names.
[22:18:12] Adding /locus_tag identifiers
[22:18:12] Assigned 6467 locus_tags to CDS and RNA features.
[22:18:12] Writing outputs to /home/alper/git/SR-AMR/example/example_output/prokka/UE20R4AD/
[22:18:14] Generating annotation statistics file
[22:18:14] Generating Genbank and Sequin files
[22:18:14] Running: tbl2asn -V b -a r10k -l paired-ends -M n -N 1 -y 'Annotated using prokka 1.14.6 from https://github.com/tseemann/prokka' -Z \/home\/alper\/git\/SR\-AMR\/example\/example_output\/prokka\/UE20R4AD\/PROKKA_01312024\.err -i \/home\/alper\/git\/SR\-AMR\/example\/example_output\/prokka\/UE20R4AD\/PROKKA_01312024\.fsa 2> /dev/null
[22:18:24] Deleting unwanted file: /home/alper/git/SR-AMR/example/example_output/prokka/UE20R4AD/errorsummary.val
[22:18:24] Deleting unwanted file: /home/alper/git/SR-AMR/example/example_output/prokka/UE20R4AD/PROKKA_01312024.dr
[22:18:24] Deleting unwanted file: /home/alper/git/SR-AMR/example/example_output/prokka/UE20R4AD/PROKKA_01312024.fixedproducts
[22:18:24] Deleting unwanted file: /home/alper/git/SR-AMR/example/example_output/prokka/UE20R4AD/PROKKA_01312024.ecn
[22:18:24] Deleting unwanted file: /home/alper/git/SR-AMR/example/example_output/prokka/UE20R4AD/PROKKA_01312024.val
[22:18:24] Repairing broken .GBK output that tbl2asn produces...
[22:18:24] Running: sed 's/COORDINATES: profile/COORDINATES:profile/' < \/home\/alper\/git\/SR\-AMR\/example\/example_output\/prokka\/UE20R4AD\/PROKKA_01312024\.gbf > \/home\/alper\/git\/SR\-AMR\/example\/example_output\/prokka\/UE20R4AD\/PROKKA_01312024\.gbk
[22:18:24] Deleting unwanted file: /home/alper/git/SR-AMR/example/example_output/prokka/UE20R4AD/PROKKA_01312024.gbf
[22:18:24] Output files:
[22:18:24] /home/alper/git/SR-AMR/example/example_output/prokka/UE20R4AD/PROKKA_01312024.err
[22:18:24] /home/alper/git/SR-AMR/example/example_output/prokka/UE20R4AD/PROKKA_01312024.faa
[22:18:24] /home/alper/git/SR-AMR/example/example_output/prokka/UE20R4AD/PROKKA_01312024.ffn
[22:18:24] /home/alper/git/SR-AMR/example/example_output/prokka/UE20R4AD/PROKKA_01312024.fna
[22:18:24] /home/alper/git/SR-AMR/example/example_output/prokka/UE20R4AD/PROKKA_01312024.fsa
[22:18:24] /home/alper/git/SR-AMR/example/example_output/prokka/UE20R4AD/PROKKA_01312024.gbk
[22:18:24] /home/alper/git/SR-AMR/example/example_output/prokka/UE20R4AD/PROKKA_01312024.gff
[22:18:24] /home/alper/git/SR-AMR/example/example_output/prokka/UE20R4AD/PROKKA_01312024.log
[22:18:24] /home/alper/git/SR-AMR/example/example_output/prokka/UE20R4AD/PROKKA_01312024.sqn
[22:18:24] /home/alper/git/SR-AMR/example/example_output/prokka/UE20R4AD/PROKKA_01312024.tbl
[22:18:24] /home/alper/git/SR-AMR/example/example_output/prokka/UE20R4AD/PROKKA_01312024.tsv
[22:18:24] /home/alper/git/SR-AMR/example/example_output/prokka/UE20R4AD/PROKKA_01312024.txt
[22:18:24] Annotation finished successfully.
[22:18:24] Walltime used: 2.47 minutes
[22:18:24] If you use this result please cite the Prokka paper:
[22:18:24] Seemann T (2014) Prokka: rapid prokaryotic genome annotation. Bioinformatics. 30(14):2068-9.
[22:18:24] Type 'prokka --citation' for more details.
[22:18:24] Thank you, come again.
