[18:12:09] This is prokka 1.14.6
[18:12:09] Written by Torsten Seemann <torsten.seemann@gmail.com>
[18:12:09] Homepage is https://github.com/tseemann/prokka
[18:12:09] Local time is Mon Feb  5 18:12:09 2024
[18:12:09] You are alper
[18:12:09] Operating system is linux
[18:12:09] You have BioPerl 1.7.8
[18:12:09] System has 16 cores.
[18:12:09] Will use maximum of 12 cores.
[18:12:09] Annotating as >>> Bacteria <<<
[18:12:09] Generating locus_tag from 'example/example_files/amikacin/Resistant/287.855.fna' contents.
[18:12:09] Setting --locustag DBBBBKPJ from MD5 dbbbb493a1542811c77cbf8ee9243426
[18:12:09] Creating new output folder: example_output/prokka/IUSRULWE
[18:12:09] Running: mkdir -p example_output\/prokka\/IUSRULWE
[18:12:09] Using filename prefix: PROKKA_02052024.XXX
[18:12:09] Setting HMMER_NCPU=1
[18:12:09] Writing log to: example_output/prokka/IUSRULWE/PROKKA_02052024.log
[18:12:09] Command: /home/alper/miniconda3/envs/sr/bin/prokka --cpus 12 --outdir example_output/prokka/IUSRULWE --proteins example/reference.gbff --force example/example_files/amikacin/Resistant/287.855.fna
[18:12:09] Appending to PATH: /home/alper/miniconda3/envs/sr/bin
[18:12:09] Looking for 'aragorn' - found /home/alper/miniconda3/envs/sr/bin/aragorn
[18:12:09] Determined aragorn version is 001002 from 'ARAGORN v1.2.41 Dean Laslett'
[18:12:09] Looking for 'barrnap' - found /home/alper/miniconda3/envs/sr/bin/barrnap
[18:12:09] Determined barrnap version is 000009 from 'barrnap 0.9'
[18:12:09] Looking for 'blastp' - found /home/alper/miniconda3/envs/sr/bin/blastp
[18:12:09] Determined blastp version is 002015 from 'blastp: 2.15.0+'
[18:12:09] Looking for 'cmpress' - found /home/alper/miniconda3/envs/sr/bin/cmpress
[18:12:09] Determined cmpress version is 001001 from '# INFERNAL 1.1.4 (Dec 2020)'
[18:12:09] Looking for 'cmscan' - found /home/alper/miniconda3/envs/sr/bin/cmscan
[18:12:09] Determined cmscan version is 001001 from '# INFERNAL 1.1.4 (Dec 2020)'
[18:12:09] Looking for 'egrep' - found /usr/bin/egrep
[18:12:09] Looking for 'find' - found /usr/bin/find
[18:12:09] Looking for 'grep' - found /usr/bin/grep
[18:12:09] Looking for 'hmmpress' - found /home/alper/miniconda3/envs/sr/bin/hmmpress
[18:12:09] Determined hmmpress version is 003003 from '# HMMER 3.3.2 (Nov 2020); http://hmmer.org/'
[18:12:09] Looking for 'hmmscan' - found /home/alper/miniconda3/envs/sr/bin/hmmscan
[18:12:09] Determined hmmscan version is 003003 from '# HMMER 3.3.2 (Nov 2020); http://hmmer.org/'
[18:12:09] Looking for 'java' - found /home/alper/miniconda3/envs/sr/bin/java
[18:12:09] Looking for 'makeblastdb' - found /home/alper/miniconda3/envs/sr/bin/makeblastdb
[18:12:09] Determined makeblastdb version is 002015 from 'makeblastdb: 2.15.0+'
[18:12:09] Looking for 'minced' - found /home/alper/miniconda3/envs/sr/bin/minced
[18:12:09] Determined minced version is 004002 from 'minced 0.4.2'
[18:12:09] Looking for 'parallel' - found /home/alper/miniconda3/envs/sr/bin/parallel
[18:12:09] Determined parallel version is 20240122 from 'GNU parallel 20240122'
[18:12:09] Looking for 'prodigal' - found /home/alper/miniconda3/envs/sr/bin/prodigal
[18:12:09] Determined prodigal version is 002006 from 'Prodigal V2.6.3: February, 2016'
[18:12:09] Looking for 'prokka-genbank_to_fasta_db' - found /home/alper/miniconda3/envs/sr/bin/prokka-genbank_to_fasta_db
[18:12:09] Looking for 'sed' - found /usr/bin/sed
[18:12:09] Looking for 'tbl2asn' - found /home/alper/miniconda3/envs/sr/bin/tbl2asn
[18:12:09] Determined tbl2asn version is 025007 from 'tbl2asn 25.7   arguments:'
[18:12:09] Using genetic code table 11.
[18:12:09] Loading and checking input file: example/example_files/amikacin/Resistant/287.855.fna
[18:12:10] Wrote 113 contigs totalling 6768150 bp.
[18:12:10] Predicting tRNAs and tmRNAs
[18:12:10] Running: aragorn -l -gc11  -w example_output\/prokka\/IUSRULWE\/PROKKA_02052024\.fna
[18:12:12] 1 tRNA-Met c[144553,144629] 35 (cat)
[18:12:12] 1 tRNA-Asn c[42418,42493] 34 (gtt)
[18:12:12] 2 tRNA-Ala [51292,51367] 34 (ggc)
[18:12:12] 3 tRNA-Glu [51416,51491] 35 (ttc)
[18:12:12] 4 tRNA-Ala [51585,51660] 34 (ggc)
[18:12:12] 5 tRNA-Glu [51707,51782] 35 (ttc)
[18:12:12] 6 tRNA-Val [90684,90759] 34 (tac)
[18:12:12] 7 tRNA-Asp [90776,90852] 35 (gtc)
[18:12:12] 8 tRNA-Asp [90967,91043] 35 (gtc)
[18:12:12] 9 tRNA-Pro c[172300,172376] 35 (cgg)
[18:12:12] 10 tRNA-Trp c[174239,174332] 34 (cca)
[18:12:12] 1 tRNA-Ser [155603,155698] 34 (cga)
[18:12:12] 1 tRNA-Ser c[23614,23704] 32 (act)
[18:12:12] 1 tRNA-Pro c[14701,14777] 35 (ggg)
[18:12:12] 1 tRNA-Met c[55036,55112] 35 (cat)
[18:12:12] 2 tRNA-Leu c[55203,55288] 35 (gag)
[18:12:12] 3 tRNA-SeC c[109232,109327] 35 (tca)
[18:12:12] 4 tRNA-Leu [265608,265694] 35 (cag)
[18:12:12] 5 tRNA-Leu [265824,265910] 35 (cag)
[18:12:12] 1 tRNA-Cys [6338,6411] 33 (gca)
[18:12:12] 2 tRNA-Leu [18963,19049] 35 (taa)
[18:12:12] 1 tRNA-Ser c[15500,15589] 35 (cga)
[18:12:12] 1 tRNA-Gly c[94240,94313] 33 (ccc)
[18:12:12] 2 tmRNA c[197667,198019] 95,127 ANDDNYALAA*
[18:12:12] 3 tRNA-Ser [287421,287511] 35 (gct)
[18:12:12] 4 tRNA-Arg [287629,287705] 35 (acg)
[18:12:12] 5 tRNA-Arg [287817,287893] 35 (acg)
[18:12:12] 6 tRNA-Met c[303927,304003] 35 (cat)
[18:12:12] 7 tRNA-Lys [356581,356656] 34 (ttt)
[18:12:12] 1 tRNA-Val [129399,129474] 34 (tac)
[18:12:12] 2 tRNA-Asp [129491,129567] 35 (gtc)
[18:12:12] 1 tRNA-Ile [1687,1763] 35 (gat)
[18:12:12] 2 tRNA-Ala [1792,1867] 34 (tgc)
[18:12:12] 1 tRNA-Ser c[135514,135603] 35 (gga)
[18:12:12] 2 tRNA-Ala [145691,145781] 35 (tgc)
[18:12:12] 3 tRNA-Glu [168098,168173] 35 (ttc)
[18:12:12] 1 tRNA-Arg [46099,46188] 38 (tct)
[18:12:12] 2 tRNA-Leu c[102171,102257] 35 (caa)
[18:12:12] 1 tRNA-Ala c[43357,43451] 34 (cgc)
[18:12:12] 1 tRNA-Met c[22174,22250] 35 (cat)
[18:12:12] 2 tRNA-Gln c[49295,49369] 33 (ttg)
[18:12:12] 3 tRNA-Arg c[155473,155546] 35 (acg)
[18:12:12] 4 tRNA-Asn [199462,199537] 34 (gtt)
[18:12:12] 5 tRNA-Pro [199547,199623] 35 (tgg)
[18:12:12] 6 tRNA-Lys [199634,199709] 34 (ttt)
[18:12:12] 7 tRNA-Thr [217693,217768] 34 (cgt)
[18:12:12] 1 tRNA-Gly [5087,5162] 34 (gcc)
[18:12:12] 2 tRNA-Val [92502,92578] 35 (gac)
[18:12:12] 1 tRNA-Asp c[56521,56597] 35 (gtc)
[18:12:12] 2 tRNA-His c[67875,67950] 34 (gtg)
[18:12:12] 3 tRNA-Leu c[68017,68101] 35 (tag)
[18:12:12] 4 tRNA-His c[68156,68231] 34 (gtg)
[18:12:12] 5 tRNA-Arg c[68283,68359] 35 (tct)
[18:12:12] 6 tRNA-Cys c[90668,90766] 37 (gca)
[18:12:12] 1 tRNA-Met [11414,11489] 34 (cat)
[18:12:12] 2 tRNA-Asn [13239,13313] 33 (gtt)
[18:12:12] 3 tRNA-Thr [13318,13393] 34 (tgt)
[18:12:12] 1 tRNA-Phe c[5369,5444] 34 (gaa)
[18:12:13] 1 tRNA-Thr [23304,23379] 34 (tgt)
[18:12:13] 1 tRNA-Arg c[625,701] 35 (cct)
[18:12:13] 1 tRNA-Arg c[2429,2505] 35 (ccg)
[18:12:13] 1 tRNA-Tyr [2702,2786] 35 (gta)
[18:12:13] 2 tRNA-Gly [2813,2886] 33 (tcc)
[18:12:13] 3 tRNA-Thr [2906,2981] 34 (ggt)
[18:12:13] 4 tRNA-Trp [4315,4390] 34 (cca)
[18:12:13] 1 tRNA-Ser c[16669,16758] 31 (act)
[18:12:13] 1 tRNA-Trp c[33377,33474] 38 (cca)
[18:12:13] 1 tRNA-Ser [1041,1130] 35 (tga)
[18:12:13] 1 tRNA-Gly [1,76] 34 (gcc)
[18:12:13] Found 69 tRNAs
[18:12:13] Predicting Ribosomal RNAs
[18:12:13] Running Barrnap with 12 threads
[18:12:13] 1 JTMJ01000019 91 16S ribosomal RNA
[18:12:13] 2 JTMJ01000019 2095 23S ribosomal RNA
[18:12:13] 3 JTMJ01000025 67 5S ribosomal RNA
[18:12:13] Found 3 rRNAs
[18:12:13] Skipping ncRNA search, enable with --rfam if desired.
[18:12:13] Total of 71 tRNA + rRNA features
[18:12:13] Searching for CRISPR repeats
[18:12:14] Found 0 CRISPRs
[18:12:14] Predicting coding sequences
[18:12:14] Contigs total 6768150 bp, so using single mode
[18:12:14] Running: prodigal -i example_output\/prokka\/IUSRULWE\/PROKKA_02052024\.fna -c -m -g 11 -p single -f sco -q
[18:12:18] Excluding CDS which overlaps existing RNA (tRNA) at JTMJ01000003:174081..175298 on + strand
[18:12:18] Excluding CDS which overlaps existing RNA (tRNA) at JTMJ01000004:154496..155770 on - strand
[18:12:18] Excluding CDS which overlaps existing RNA (tRNA) at JTMJ01000007:22985..24394 on - strand
[18:12:19] Excluding CDS which overlaps existing RNA (tRNA) at JTMJ01000020:145321..146175 on - strand
[18:12:19] Excluding CDS which overlaps existing RNA (tRNA) at JTMJ01000021:45034..46329 on + strand
[18:12:19] Excluding CDS which overlaps existing RNA (tRNA) at JTMJ01000022:42815..44581 on + strand
[18:12:19] Excluding CDS which overlaps existing RNA (tRNA) at JTMJ01000025:48298..49326 on - strand
[18:12:20] Excluding CDS which overlaps existing RNA (tRNA) at JTMJ01000028:89906..92632 on + strand
[18:12:20] Excluding CDS which overlaps existing RNA (tRNA) at JTMJ01000055:13256..17101 on - strand
[18:12:20] Excluding CDS which overlaps existing RNA (tRNA) at JTMJ01000060:32810..33829 on + strand
[18:12:20] Found 6225 CDS
[18:12:20] Connecting features back to sequences
[18:12:20] Not using genus-specific database. Try --usegenus to enable it.
[18:12:20] Preparing user-supplied primary BLAST annotation source: example/reference.gbff
[18:12:20] Guessed source was in genbank format.
[18:12:20] Converting genbank 'example/reference.gbff' into Prokka FASTA 'example_output/prokka/IUSRULWE/proteins.faa'
[18:12:20] Running: prokka-genbank_to_fasta_db --format genbank example\/reference\.gbff > example_output\/prokka\/IUSRULWE\/proteins\.faa 2> /dev/null
[18:12:25] Running: makeblastdb -dbtype prot -in example_output\/prokka\/IUSRULWE\/proteins\.faa -out example_output\/prokka\/IUSRULWE\/proteins -logfile /dev/null
[18:12:26] Using /inference source as 'reference.gbff'
[18:12:26] Annotating CDS, please be patient.
[18:12:26] Will use 12 CPUs for similarity searching.
[18:12:27] There are still 6225 unannotated CDS left (started with 6225)
[18:12:27] Will use blast to search against example_output/prokka/IUSRULWE/proteins with 12 CPUs
[18:12:27] Running: cat example_output\/prokka\/IUSRULWE\/PROKKA_02052024\.proteins\.tmp\.7239\.faa | parallel --gnu --plain -j 12 --block 84881 --recstart '>' --pipe blastp -query - -db example_output/prokka/IUSRULWE/proteins -evalue 1e-09 -qcov_hsp_perc 80 -num_threads 1 -num_descriptions 1 -num_alignments 1 -seg no > example_output\/prokka\/IUSRULWE\/PROKKA_02052024\.proteins\.tmp\.7239\.blast 2> /dev/null
[18:12:43] Deleting unwanted file: example_output/prokka/IUSRULWE/PROKKA_02052024.proteins.tmp.7239.faa
[18:12:43] Deleting unwanted file: example_output/prokka/IUSRULWE/PROKKA_02052024.proteins.tmp.7239.blast
[18:12:44] There are still 2752 unannotated CDS left (started with 6225)
[18:12:44] Will use blast to search against /home/alper/miniconda3/envs/sr/db/kingdom/Bacteria/IS with 12 CPUs
[18:12:44] Running: cat example_output\/prokka\/IUSRULWE\/PROKKA_02052024\.IS\.tmp\.7239\.faa | parallel --gnu --plain -j 12 --block 30675 --recstart '>' --pipe blastp -query - -db /home/alper/miniconda3/envs/sr/db/kingdom/Bacteria/IS -evalue 1e-30 -qcov_hsp_perc 90 -num_threads 1 -num_descriptions 1 -num_alignments 1 -seg no > example_output\/prokka\/IUSRULWE\/PROKKA_02052024\.IS\.tmp\.7239\.blast 2> /dev/null
[18:12:50] Modify product: Tn3 family transposase Tn5393 => Tn3 family transposase
[18:12:50] Cleaned 1 /product names
[18:12:50] Deleting unwanted file: example_output/prokka/IUSRULWE/PROKKA_02052024.IS.tmp.7239.faa
[18:12:50] Deleting unwanted file: example_output/prokka/IUSRULWE/PROKKA_02052024.IS.tmp.7239.blast
[18:12:51] There are still 2735 unannotated CDS left (started with 6225)
[18:12:51] Will use blast to search against /home/alper/miniconda3/envs/sr/db/kingdom/Bacteria/AMR with 12 CPUs
[18:12:51] Running: cat example_output\/prokka\/IUSRULWE\/PROKKA_02052024\.AMR\.tmp\.7239\.faa | parallel --gnu --plain -j 12 --block 30391 --recstart '>' --pipe blastp -query - -db /home/alper/miniconda3/envs/sr/db/kingdom/Bacteria/AMR -evalue 1e-300 -qcov_hsp_perc 90 -num_threads 1 -num_descriptions 1 -num_alignments 1 -seg no > example_output\/prokka\/IUSRULWE\/PROKKA_02052024\.AMR\.tmp\.7239\.blast 2> /dev/null
[18:12:56] Deleting unwanted file: example_output/prokka/IUSRULWE/PROKKA_02052024.AMR.tmp.7239.faa
[18:12:56] Deleting unwanted file: example_output/prokka/IUSRULWE/PROKKA_02052024.AMR.tmp.7239.blast
[18:12:57] There are still 2735 unannotated CDS left (started with 6225)
[18:12:57] Will use blast to search against /home/alper/miniconda3/envs/sr/db/kingdom/Bacteria/sprot with 12 CPUs
[18:12:57] Running: cat example_output\/prokka\/IUSRULWE\/PROKKA_02052024\.sprot\.tmp\.7239\.faa | parallel --gnu --plain -j 12 --block 30391 --recstart '>' --pipe blastp -query - -db /home/alper/miniconda3/envs/sr/db/kingdom/Bacteria/sprot -evalue 1e-09 -qcov_hsp_perc 80 -num_threads 1 -num_descriptions 1 -num_alignments 1 -seg no > example_output\/prokka\/IUSRULWE\/PROKKA_02052024\.sprot\.tmp\.7239\.blast 2> /dev/null
[18:13:18] Modify product: Uncharacterized PhzA/B-like protein PA3332 => putative PhzA/B-like protein
[18:13:18] Modify product: Putative universal stress protein SA1532 => Putative universal stress protein
[18:13:18] Modify product: UPF0276 protein CCNA_03364 => hypothetical protein
[18:13:18] Modify product: UPF0060 membrane protein YnfA => hypothetical protein
[18:13:18] Modify product: Probable phosphatase Rv3661 => putative phosphatase
[18:13:18] Modify product: UPF0434 protein PFL_1779 => hypothetical protein
[18:13:18] Modify product: Probable metallo-hydrolase BURPS1710b_2304 => putative metallo-hydrolase
[18:13:18] Modify product: Probable L,D-transpeptidase YbiS => putative L,D-transpeptidase YbiS
[18:13:18] Modify product: Uncharacterized protein Rv0887c => putative protein
[18:13:18] Modify product: Probable lipoprotein YiaD => putative lipoprotein YiaD
[18:13:18] Modify product: Uncharacterized protein YciO => putative protein YciO
[18:13:18] Modify product: STAS-domain containing protein PA14_20770 => STAS-domain containing protein
[18:13:18] Modify product: Uncharacterized protein YcbX => putative protein YcbX
[18:13:18] Modify product: Universal stress protein A homolog 2 => Universal stress protein A 
[18:13:18] Modify product: UPF0053 inner membrane protein YgdQ => hypothetical protein
[18:13:18] Modify product: Uncharacterized protein YybH => putative protein YybH
[18:13:18] Modify product: UPF0053 inner membrane protein YoaE => hypothetical protein
[18:13:18] Modify product: Uncharacterized isomerase YddE => putative isomerase YddE
[18:13:18] Modify product: Probable FMNH2-dependent monooxygenase SfnC => putative FMNH2-dependent monooxygenase SfnC
[18:13:18] Modify product: Acetyltransferase PA3944 => Acetyltransferase
[18:13:18] Modify product: Acetyltransferase PA3944 => Acetyltransferase
[18:13:18] Modify product: Uncharacterized NTE family protein Rv1063c => putative NTE family protein
[18:13:18] Modify product: Uncharacterized HTH-type transcriptional regulator Rv3095 => putative HTH-type transcriptional regulator
[18:13:18] Modify product: UPF0153 protein YeiW => hypothetical protein
[18:13:18] Modify product: UPF0167 protein Rv2295 => hypothetical protein
[18:13:18] Modify product: Uncharacterized protein Rv2004c => putative protein
[18:13:18] Modify product: UPF0337 protein PA4738 => hypothetical protein
[18:13:18] Modify product: RNA-binding protein HI_1333 => RNA-binding protein
[18:13:18] Modify product: UPF0125 protein HI_0395 => hypothetical protein
[18:13:18] Modify product: Probable amino-acid metabolite efflux pump => putative amino-acid metabolite efflux pump
[18:13:18] Modify product: Uncharacterized inner membrane transporter YedA => putative inner membrane transporter YedA
[18:13:18] Modify product: Uncharacterized protein Rv2277c => putative protein
[18:13:18] Modify product: UPF0073 inner membrane protein YqfA => hypothetical protein
[18:13:18] Modify product: Uncharacterized Nudix hydrolase YfcD => putative Nudix hydrolase YfcD
[18:13:18] Modify product: Uncharacterized protein YbiI => putative protein YbiI
[18:13:18] Modify product: Uncharacterized protein Rv2569c => putative protein
[18:13:18] Modify product: Uncharacterized protein Rv2567 => putative protein
[18:13:18] Modify product: Putative esterase HI_1161 => Putative esterase
[18:13:18] Modify product: UPF0250 protein YbeD => hypothetical protein
[18:13:18] Modify product: Probable enoyl-CoA hydratase 1 => putative enoyl-CoA hydratase 1
[18:13:18] Modify product: Probable quorum-quenching lactonase YtnP => putative quorum-quenching lactonase YtnP
[18:13:18] Modify product: UPF0701 protein HI_0467 => hypothetical protein
[18:13:18] Modify product: Uncharacterized protein PA3922 => putative protein
[18:13:18] Modify product: Probable cyclic di-GMP phosphodiesterase PdeB => putative cyclic di-GMP phosphodiesterase PdeB
[18:13:18] Modify product: Uncharacterized protein YbdM => putative protein YbdM
[18:13:18] Modify product: Putative hydro-lyase PSPTO_5379 => Putative hydro-lyase
[18:13:18] Modify product: Probable amino-acid metabolite efflux pump => putative amino-acid metabolite efflux pump
[18:13:18] Modify product: UPF0070 protein HI_0370 => hypothetical protein
[18:13:18] Modify product: GTP cyclohydrolase 1 type 2 homolog => GTP cyclohydrolase 1 type 2 
[18:13:18] Modify product: UPF0053 inner membrane protein YfjD => hypothetical protein
[18:13:18] Modify product: Phage shock protein A homolog => Phage shock protein A 
[18:13:18] Modify product: Uncharacterized protein YaeQ => putative protein YaeQ
[18:13:18] Modify product: Uncharacterized protein M6_Spy0233 => putative protein
[18:13:18] Modify product: UPF0394 inner membrane protein YedE => hypothetical protein
[18:13:18] Modify product: Ribonuclease TTHA0252 => Ribonuclease
[18:13:18] Modify product: Probable FAD-dependent oxidoreductase PA4991 => putative FAD-dependent oxidoreductase
[18:13:18] Modify product: Uncharacterized HTH-type transcriptional regulator Rv3095 => putative HTH-type transcriptional regulator
[18:13:18] Modify product: Uncharacterized protein YnbC => putative protein YnbC
[18:13:18] Modify product: Uncharacterized protein YnbD => putative protein YnbD
[18:13:18] Modify product: Uncharacterized protein Rv1708 => putative protein
[18:13:18] Modify product: Probable TonB-dependent receptor NMB0964 => putative TonB-dependent receptor
[18:13:18] Modify product: Uncharacterized methyltransferase Rv3342 => putative methyltransferase
[18:13:18] Modify product: Uncharacterized protein HI_0933 => putative protein
[18:13:18] Modify product: Uncharacterized protein YqeY => putative protein YqeY
[18:13:18] Modify product: Stress response UPF0229 protein YhbH => hypothetical protein
[18:13:18] Modify product: Uncharacterized methyltransferase YcgJ => putative methyltransferase YcgJ
[18:13:18] Modify product: Uncharacterized protein PA3922 => putative protein
[18:13:18] Modify product: Uncharacterized protein HI_0341 => putative protein
[18:13:18] Modify product: Uncharacterized protein YqjD => putative protein YqjD
[18:13:18] Modify product: Uncharacterized protein YqjD => putative protein YqjD
[18:13:18] Modify product: UPF0761 membrane protein YihY => hypothetical protein
[18:13:18] Modify product: Uncharacterized protein HI_0341 => putative protein
[18:13:18] Modify product: Probable membrane transporter protein YfcA => putative membrane transporter protein YfcA
[18:13:18] Modify product: UPF0307 protein PSPTO_4464 => hypothetical protein
[18:13:18] Modify product: GTP cyclohydrolase 1 type 2 homolog => GTP cyclohydrolase 1 type 2 
[18:13:18] Modify product: Probable [Fe-S]-dependent transcriptional repressor => putative [Fe-S]-dependent transcriptional repressor
[18:13:18] Modify product: UPF0324 inner membrane protein YeiH => hypothetical protein
[18:13:18] Modify product: UPF0053 inner membrane protein YgdQ => hypothetical protein
[18:13:18] Modify product: UPF0056 inner membrane protein YhgN => hypothetical protein
[18:13:18] Modify product: UPF0126 inner membrane protein YicG => hypothetical protein
[18:13:18] Modify product: UPF0225 protein YchJ => hypothetical protein
[18:13:18] Modify product: UPF0270 protein PA3463 => hypothetical protein
[18:13:18] Modify product: UPF0502 protein PSPTO_2686 => hypothetical protein
[18:13:18] Modify product: Uncharacterized protein PA3922 => putative protein
[18:13:18] Modify product: Putative lipoprotein NMB1124/NMB1162 => Putative lipoprotein/NMB1162
[18:13:18] Modify product: Putative lipoprotein NMB1126/NMB1164 => Putative lipoprotein/NMB1164
[18:13:18] Modify product: Uncharacterized protein PA3922 => putative protein
[18:13:18] Modify product: Uncharacterized protein PA3922 => putative protein
[18:13:18] Modify product: UPF0382 membrane protein YwdK => hypothetical protein
[18:13:18] Modify product: Uncharacterized membrane protein NMB1645 => putative membrane protein
[18:13:18] Modify product: Probable phosphatase Rv3661 => putative phosphatase
[18:13:18] Modify product: UPF0339 protein YegP => hypothetical protein
[18:13:18] Modify product: Uncharacterized protein YjiK => putative protein YjiK
[18:13:18] Modify product: Uncharacterized protein YjiK => putative protein YjiK
[18:13:18] Modify product: Uncharacterized protein YcgM => putative protein YcgM
[18:13:18] Modify product: UPF0178 protein YaiI => hypothetical protein
[18:13:18] Modify product: UPF0053 inner membrane protein YgdQ => hypothetical protein
[18:13:18] Modify product: Uncharacterized protein PA14_33160 => putative protein
[18:13:18] Modify product: Uncharacterized protein YyaP => putative protein YyaP
[18:13:18] Modify product: Uncharacterized HTH-type transcriptional regulator HI_1476 => putative HTH-type transcriptional regulator
[18:13:18] Modify product: Epimerase family protein SA0724 => Epimerase family protein
[18:13:18] Modify product: Probable xanthine dehydrogenase subunit A => putative xanthine dehydrogenase subunit A
[18:13:18] Modify product: Cyclic diguanosine monophosphate-binding protein PA4608 => Cyclic diguanosine monophosphate-binding protein
[18:13:18] Modify product: Probable lipid II flippase MurJ => putative lipid II flippase MurJ
[18:13:18] Modify product: Probable multidrug ABC transporter ATP-binding protein YbhF => putative multidrug ABC transporter ATP-binding protein YbhF
[18:13:18] Modify product: Uncharacterized HTH-type transcriptional regulator Rv3095 => putative HTH-type transcriptional regulator
[18:13:18] Modify product: Uncharacterized protein PA0049 => putative protein
[18:13:18] Modify product: Probable transcriptional regulatory protein pdtaR => putative transcriptional regulatory protein pdtaR
[18:13:18] Modify product: Uncharacterized protein Rv2569c => putative protein
[18:13:18] Modify product: Uncharacterized protein Rv2411c => putative protein
[18:13:18] Modify product: Uncharacterized protein Rv2895c => putative protein
[18:13:18] Modify product: Uncharacterized protein YjiK => putative protein YjiK
[18:13:18] Modify product: Uncharacterized MFS-type transporter YhhS => putative MFS-type transporter YhhS
[18:13:18] Modify product: DNA-binding protein VF_0530 => DNA-binding protein
[18:13:18] Modify product: Uncharacterized oxidoreductase YdgJ => putative oxidoreductase YdgJ
[18:13:18] Modify product: Probable Fe(2+)-trafficking protein => putative Fe(2+)-trafficking protein
[18:13:18] Modify product: Uncharacterized protein YibN => putative protein YibN
[18:13:18] Modify product: Purine-binding protein BAB2_0673 => Purine-binding protein
[18:13:18] Modify product: Uncharacterized protein PA14_02130 => putative protein
[18:13:18] Modify product: Uncharacterized HTH-type transcriptional regulator Rv3095 => putative HTH-type transcriptional regulator
[18:13:18] Modify product: NADH dehydrogenase-like protein Rv1812c => NADH dehydrogenase-like protein
[18:13:18] Modify product: UPF0111 protein HI_1603 => hypothetical protein
[18:13:18] Modify product: Probable DNA endonuclease SmrA => putative DNA endonuclease SmrA
[18:13:18] Modify product: Uncharacterized protein Rv0906 => putative protein
[18:13:18] Modify product: UPF0235 protein YggU => hypothetical protein
[18:13:18] Modify product: UPF0301 protein AlgH => hypothetical protein
[18:13:18] Cleaned 126 /product names
[18:13:18] Deleting unwanted file: example_output/prokka/IUSRULWE/PROKKA_02052024.sprot.tmp.7239.faa
[18:13:18] Deleting unwanted file: example_output/prokka/IUSRULWE/PROKKA_02052024.sprot.tmp.7239.blast
[18:13:19] There are still 2256 unannotated CDS left (started with 6225)
[18:13:19] Will use hmmer3 to search against /home/alper/miniconda3/envs/sr/db/hmm/HAMAP.hmm with 12 CPUs
[18:13:19] Running: cat example_output\/prokka\/IUSRULWE\/PROKKA_02052024\.HAMAP\.hmm\.tmp\.7239\.faa | parallel --gnu --plain -j 12 --block 24589 --recstart '>' --pipe hmmscan --noali --notextw --acc -E 1e-09 --cpu 1 /home/alper/miniconda3/envs/sr/db/hmm/HAMAP.hmm /dev/stdin > example_output\/prokka\/IUSRULWE\/PROKKA_02052024\.HAMAP\.hmm\.tmp\.7239\.hmmer3 2> /dev/null
[18:14:18] Modify product: Uncharacterized Nudix hydrolase NudL => putative Nudix hydrolase NudL
[18:14:18] Cleaned 1 /product names
[18:14:18] Deleting unwanted file: example_output/prokka/IUSRULWE/PROKKA_02052024.HAMAP.hmm.tmp.7239.faa
[18:14:18] Deleting unwanted file: example_output/prokka/IUSRULWE/PROKKA_02052024.HAMAP.hmm.tmp.7239.hmmer3
[18:14:18] Deleting unwanted file: example_output/prokka/IUSRULWE/proteins.psq
[18:14:18] Deleting unwanted file: example_output/prokka/IUSRULWE/proteins.phr
[18:14:18] Deleting unwanted file: example_output/prokka/IUSRULWE/proteins.pin
[18:14:18] Labelling remaining 2122 proteins as 'hypothetical protein'
[18:14:18] Possible /pseudo 'amino acid permease' at JTMJ01000001 position 54675
[18:14:18] Possible /pseudo 'adenylate cyclase' at JTMJ01000001 position 65992
[18:14:18] Possible /pseudo 'major facilitator superfamily transporter' at JTMJ01000001 position 161817
[18:14:18] Possible /pseudo 'acyl-CoA dehydrogenase' at JTMJ01000002 position 82202
[18:14:18] Possible /pseudo 'acyl-CoA dehydrogenase' at JTMJ01000002 position 84273
[18:14:18] Possible /pseudo 'ABC transporter permease' at JTMJ01000002 position 182609
[18:14:18] Possible /pseudo 'bacteriophage protein' at JTMJ01000002 position 191421
[18:14:18] Possible /pseudo 'bacteriophage protein' at JTMJ01000002 position 192301
[18:14:18] Possible /pseudo 'bacteriophage protein' at JTMJ01000002 position 192836
[18:14:18] Possible /pseudo 'bacteriophage protein' at JTMJ01000002 position 195858
[18:14:18] Possible /pseudo 'bacteriophage protein' at JTMJ01000002 position 196605
[18:14:18] Possible /pseudo 'aspartate-semialdehyde dehydrogenase' at JTMJ01000003 position 67122
[18:14:18] Possible /pseudo 'amino acid ABC transporter permease' at JTMJ01000004 position 210151
[18:14:18] Possible /pseudo 'adenylosuccinate lyase' at JTMJ01000005 position 6160
[18:14:18] Possible /pseudo 'Acetyltransferase' at JTMJ01000006 position 12562
[18:14:18] Possible /pseudo 'Homoprotocatechuate catabolism bifunctional isomerase/decarboxylase' at JTMJ01000006 position 197414
[18:14:18] Possible /pseudo 'transcriptional regulator' at JTMJ01000006 position 267756
[18:14:18] Possible /pseudo 'phenazine biosynthesis protein' at JTMJ01000006 position 296411
[18:14:18] Possible /pseudo 'phosphate ABC transporter permease' at JTMJ01000007 position 3799
[18:14:18] Possible /pseudo 'rubredoxin' at JTMJ01000007 position 20538
[18:14:18] Possible /pseudo 'formate dehydrogenase-O major subunit' at JTMJ01000010 position 122587
[18:14:18] Possible /pseudo 'ABC transporter permease' at JTMJ01000010 position 180938
[18:14:18] Possible /pseudo 'ABC transporter ATP-binding protein' at JTMJ01000010 position 183008
[18:14:18] Possible /pseudo 'ABC transporter ATP-binding protein' at JTMJ01000010 position 230941
[18:14:18] Possible /pseudo 'putative protein' at JTMJ01000010 position 248164
[18:14:18] Possible /pseudo 'acyl-CoA dehydrogenase' at JTMJ01000010 position 334851
[18:14:18] Possible /pseudo 'lipopolysaccharide kinase WaaP' at JTMJ01000010 position 354309
[18:14:18] Possible /pseudo 'resistance-nodulation-cell division (RND) efflux transporter' at JTMJ01000012 position 81822
[18:14:18] Possible /pseudo 'transporter' at JTMJ01000014 position 11862
[18:14:18] Possible /pseudo 'hydrolase' at JTMJ01000014 position 44486
[18:14:18] Possible /pseudo 'xanthine dehydrogenase' at JTMJ01000014 position 152082
[18:14:18] Possible /pseudo '3-oxoacyl-ACP synthase' at JTMJ01000015 position 30558
[18:14:18] Possible /pseudo 'type II secretion system protein' at JTMJ01000016 position 14621
[18:14:18] Possible /pseudo 'bacteriophage protein' at JTMJ01000016 position 76973
[18:14:18] Possible /pseudo 'bacteriophage protein' at JTMJ01000016 position 81121
[18:14:18] Possible /pseudo 'enoyl-CoA hydratase' at JTMJ01000016 position 108948
[18:14:18] Possible /pseudo 'transcriptional regulator' at JTMJ01000016 position 191036
[18:14:18] Possible /pseudo 'transcriptional regulator' at JTMJ01000016 position 255644
[18:14:18] Possible /pseudo 'C4-dicarboxylate transporter' at JTMJ01000016 position 264365
[18:14:18] Possible /pseudo 'IS3 family transposase ISPa32' at JTMJ01000016 position 374456
[18:14:18] Possible /pseudo 'sugar ABC transporter permease' at JTMJ01000017 position 16921
[18:14:18] Possible /pseudo 'long-chain-fatty-acid--CoA ligase' at JTMJ01000018 position 83095
[18:14:18] Possible /pseudo 'transporter' at JTMJ01000018 position 127292
[18:14:18] Possible /pseudo 'ABC transporter permease' at JTMJ01000018 position 140917
[18:14:18] Possible /pseudo 'transcriptional regulator' at JTMJ01000020 position 138699
[18:14:18] Possible /pseudo 'N-acetyl-D-glucosamine phosphotransferase system transporter' at JTMJ01000021 position 171088
[18:14:18] Possible /pseudo 'resistance-nodulation-cell division (RND) efflux transporter' at JTMJ01000021 position 266522
[18:14:18] Possible /pseudo 'resistance-nodulation-cell division (RND) efflux membrane fusion protein' at JTMJ01000023 position 77583
[18:14:18] Possible /pseudo 'paraquat-inducible protein A' at JTMJ01000025 position 1021
[18:14:18] Possible /pseudo 'oxidoreductase' at JTMJ01000025 position 105739
[18:14:18] Possible /pseudo 'catalase' at JTMJ01000025 position 114899
[18:14:18] Possible /pseudo 'ABC transporter ATP-binding protein' at JTMJ01000025 position 140199
[18:14:18] Possible /pseudo 'ABC transporter permease' at JTMJ01000025 position 253501
[18:14:18] Possible /pseudo 'ABC transporter' at JTMJ01000025 position 263479
[18:14:18] Possible /pseudo 'bacteriophage protein' at JTMJ01000027 position 53824
[18:14:18] Possible /pseudo 'bacteriophage protein' at JTMJ01000027 position 54705
[18:14:18] Possible /pseudo 'bacteriophage protein' at JTMJ01000027 position 55232
[18:14:18] Possible /pseudo 'bacteriophage protein' at JTMJ01000027 position 58991
[18:14:18] Possible /pseudo 'General stress protein 16U' at JTMJ01000027 position 132634
[18:14:18] Possible /pseudo 'short-chain dehydrogenase' at JTMJ01000028 position 28853
[18:14:18] Possible /pseudo 'ABC transporter permease' at JTMJ01000028 position 51004
[18:14:18] Possible /pseudo 'transcriptional regulator' at JTMJ01000028 position 114155
[18:14:18] Possible /pseudo 'translocation protein in type III secretion' at JTMJ01000028 position 171179
[18:14:18] Possible /pseudo 'type III secretion system protein' at JTMJ01000028 position 172500
[18:14:18] Possible /pseudo 'translocation protein in type III secretion' at JTMJ01000028 position 173419
[18:14:18] Possible /pseudo 'translocation protein in type III secretion' at JTMJ01000028 position 174204
[18:14:18] Possible /pseudo 'ABC transporter permease' at JTMJ01000030 position 21893
[18:14:18] Possible /pseudo 'thioesterase' at JTMJ01000032 position 46719
[18:14:18] Possible /pseudo 'ABC transporter ATP-binding protein' at JTMJ01000032 position 99767
[18:14:18] Possible /pseudo 'B-type flagellar protein FliS' at JTMJ01000032 position 131218
[18:14:18] Possible /pseudo 'transcriptional regulator' at JTMJ01000032 position 177900
[18:14:18] Possible /pseudo 'polyhydroxyalkanoate synthesis protein PhaF' at JTMJ01000033 position 102448
[18:14:18] Possible /pseudo 'resistance-nodulation-cell division (RND) efflux membrane fusion protein' at JTMJ01000034 position 12896
[18:14:18] Possible /pseudo 'cytochrome C' at JTMJ01000037 position 3793
[18:14:18] Possible /pseudo 'transcriptional regulator' at JTMJ01000039 position 42900
[18:14:18] Possible /pseudo 'NAD(P) transhydrogenase subunit alpha' at JTMJ01000039 position 56715
[18:14:18] Possible /pseudo 'taurine dioxygenase' at JTMJ01000039 position 59447
[18:14:18] Possible /pseudo 'ABC transporter ATP-binding protein' at JTMJ01000044 position 59956
[18:14:18] Possible /pseudo 'iron ABC transporter substrate-binding protein' at JTMJ01000045 position 7471
[18:14:18] Possible /pseudo 'ABC transporter ATP-binding protein/permease' at JTMJ01000050 position 51802
[18:14:18] Possible /pseudo 'choline transporter' at JTMJ01000050 position 68181
[18:14:18] Possible /pseudo 'alkyl hydroperoxide reductase' at JTMJ01000053 position 2701
[18:14:18] Possible /pseudo 'ABC transporter permease' at JTMJ01000053 position 4378
[18:14:18] Possible /pseudo 'transcriptional regulator' at JTMJ01000053 position 20562
[18:14:18] Possible /pseudo 'cyanide insensitive terminal oxidase' at JTMJ01000054 position 16201
[18:14:18] Possible /pseudo 'FMNH2-dependent monooxygenase' at JTMJ01000056 position 2901
[18:14:18] Possible /pseudo 'ABC transporter permease' at JTMJ01000057 position 64898
[18:14:18] Possible /pseudo 'transcriptional regulator' at JTMJ01000057 position 82227
[18:14:18] Possible /pseudo 'L-cysteine ABC transporter protein YecS' at JTMJ01000059 position 3771
[18:14:18] Possible /pseudo 'type II secretion system protein' at JTMJ01000059 position 16211
[18:14:18] Possible /pseudo 'type II secretion system protein' at JTMJ01000059 position 16587
[18:14:18] Possible /pseudo 'type II secretion system protein' at JTMJ01000059 position 17024
[18:14:18] Possible /pseudo 'type II secretion system protein' at JTMJ01000059 position 17446
[18:14:18] Possible /pseudo 'isocitrate dehydrogenase' at JTMJ01000059 position 71144
[18:14:18] Possible /pseudo 'FMNH2-dependent monooxygenase' at JTMJ01000074 position 11422
[18:14:18] Possible /pseudo 'binding-protein-dependent maltose/mannitol transport protein' at JTMJ01000074 position 20315
[18:14:18] Possible /pseudo 'Putative aliphatic sulfonates-binding protein' at JTMJ01000075 position 10174
[18:14:18] Possible /pseudo 'Putative aliphatic sulfonates-binding protein' at JTMJ01000075 position 11266
[18:14:18] Possible /pseudo 'oxidoreductase' at JTMJ01000089 position 10244
[18:14:18] Possible /pseudo 'transcriptional regulator' at JTMJ01000091 position 9132
[18:14:18] Possible /pseudo 'leucyl/phenylalanyl-tRNA--protein transferase' at JTMJ01000098 position 346
[18:14:18] Possible /pseudo 'IS3 family transposase ISPa32' at JTMJ01000100 position 905
[18:14:18] Found 2046 unique /gene codes.
[18:14:18] Fixed 2 duplicate /gene - cysM_1 cysM_2
[18:14:18] Fixed 2 duplicate /gene - alx_1 alx_2
[18:14:18] Fixed 3 duplicate /gene - aguB_1 aguB_2 aguB_3
[18:14:18] Fixed 2 duplicate /gene - waaP_1 waaP_2
[18:14:18] Fixed 2 duplicate /gene - smc_1 smc_2
[18:14:18] Fixed 2 duplicate /gene - ftsN_1 ftsN_2
[18:14:18] Fixed 2 duplicate /gene - dksA_1 dksA_2
[18:14:18] Fixed 4 duplicate /gene - tauD_1 tauD_2 tauD_3 tauD_4
[18:14:18] Fixed 4 duplicate /gene - xerC_1 xerC_2 xerC_3 xerC_4
[18:14:18] Fixed 3 duplicate /gene - ambA_1 ambA_2 ambA_3
[18:14:18] Fixed 2 duplicate /gene - eamA_1 eamA_2
[18:14:18] Fixed 2 duplicate /gene - ilvI_1 ilvI_2
[18:14:18] Fixed 2 duplicate /gene - rutB_1 rutB_2
[18:14:18] Fixed 2 duplicate /gene - aph_1 aph_2
[18:14:18] Fixed 2 duplicate /gene - mdoB_1 mdoB_2
[18:14:18] Fixed 2 duplicate /gene - nudC_1 nudC_2
[18:14:18] Fixed 2 duplicate /gene - hcp1_1 hcp1_2
[18:14:18] Fixed 2 duplicate /gene - spuC_1 spuC_2
[18:14:18] Fixed 2 duplicate /gene - ilvA2_1 ilvA2_2
[18:14:18] Fixed 2 duplicate /gene - rhtC_1 rhtC_2
[18:14:18] Fixed 2 duplicate /gene - inaA_1 inaA_2
[18:14:18] Fixed 2 duplicate /gene - soj_1 soj_2
[18:14:18] Fixed 2 duplicate /gene - wzz_1 wzz_2
[18:14:18] Fixed 2 duplicate /gene - lemA_1 lemA_2
[18:14:18] Fixed 7 duplicate /gene - oprM_1 oprM_2 oprM_3 oprM_4 oprM_5 oprM_6 oprM_7
[18:14:18] Fixed 3 duplicate /gene - zapE_1 zapE_2 zapE_3
[18:14:18] Fixed 2 duplicate /gene - cif_1 cif_2
[18:14:18] Fixed 2 duplicate /gene - uvrB_1 uvrB_2
[18:14:18] Fixed 2 duplicate /gene - ssb_1 ssb_2
[18:14:18] Fixed 2 duplicate /gene - chpA_1 chpA_2
[18:14:18] Fixed 3 duplicate /gene - pxpB_1 pxpB_2 pxpB_3
[18:14:18] Fixed 2 duplicate /gene - speC_1 speC_2
[18:14:18] Fixed 2 duplicate /gene - hcpB_1 hcpB_2
[18:14:18] Fixed 2 duplicate /gene - prtN_1 prtN_2
[18:14:18] Fixed 2 duplicate /gene - femI_1 femI_2
[18:14:18] Fixed 2 duplicate /gene - vanA_1 vanA_2
[18:14:18] Fixed 2 duplicate /gene - cidA_1 cidA_2
[18:14:18] Fixed 2 duplicate /gene - hpcE_1 hpcE_2
[18:14:18] Fixed 2 duplicate /gene - yeaD_1 yeaD_2
[18:14:18] Fixed 2 duplicate /gene - nadD_1 nadD_2
[18:14:18] Fixed 2 duplicate /gene - dnaB_1 dnaB_2
[18:14:18] Fixed 2 duplicate /gene - pvdL_1 pvdL_2
[18:14:18] Fixed 2 duplicate /gene - pncC_1 pncC_2
[18:14:18] Fixed 3 duplicate /gene - fiuA_1 fiuA_2 fiuA_3
[18:14:18] Fixed 6 duplicate /gene - tam_1 tam_2 tam_3 tam_4 tam_5 tam_6
[18:14:18] Fixed 2 duplicate /gene - tufB_1 tufB_2
[18:14:18] Fixed 2 duplicate /gene - tolB_1 tolB_2
[18:14:18] Fixed 2 duplicate /gene - recD_1 recD_2
[18:14:18] Fixed 2 duplicate /gene - pmbA_1 pmbA_2
[18:14:18] Fixed 2 duplicate /gene - trmR_1 trmR_2
[18:14:18] Fixed 2 duplicate /gene - aruH_1 aruH_2
[18:14:18] Fixed 2 duplicate /gene - yohC_1 yohC_2
[18:14:18] Fixed 5 duplicate /gene - btuB_1 btuB_2 btuB_3 btuB_4 btuB_5
[18:14:18] Fixed 3 duplicate /gene - merT_1 merT_2 merT_3
[18:14:18] Fixed 2 duplicate /gene - topA_1 topA_2
[18:14:18] Fixed 2 duplicate /gene - yiiM_1 yiiM_2
[18:14:18] Fixed 3 duplicate /gene - yceD_1 yceD_2 yceD_3
[18:14:18] Fixed 2 duplicate /gene - radC_1 radC_2
[18:14:18] Fixed 2 duplicate /gene - speA_1 speA_2
[18:14:18] Fixed 3 duplicate /gene - yfdE_1 yfdE_2 yfdE_3
[18:14:18] Fixed 2 duplicate /gene - spuD_1 spuD_2
[18:14:18] Fixed 2 duplicate /gene - exoY_1 exoY_2
[18:14:18] Fixed 6 duplicate /gene - ssuA_1 ssuA_2 ssuA_3 ssuA_4 ssuA_5 ssuA_6
[18:14:18] Fixed 2 duplicate /gene - amiC_1 amiC_2
[18:14:18] Fixed 2 duplicate /gene - ivy_1 ivy_2
[18:14:18] Fixed 2 duplicate /gene - cpdA_1 cpdA_2
[18:14:18] Fixed 7 duplicate /gene - vgrG1_1 vgrG1_2 vgrG1_3 vgrG1_4 vgrG1_5 vgrG1_6 vgrG1_7
[18:14:18] Fixed 6 duplicate /gene - aaeB_1 aaeB_2 aaeB_3 aaeB_4 aaeB_5 aaeB_6
[18:14:18] Fixed 2 duplicate /gene - rimJ_1 rimJ_2
[18:14:18] Fixed 2 duplicate /gene - hrp1_1 hrp1_2
[18:14:18] Fixed 2 duplicate /gene - tadA_1 tadA_2
[18:14:18] Fixed 2 duplicate /gene - pvdH_1 pvdH_2
[18:14:18] Fixed 3 duplicate /gene - yjiK_1 yjiK_2 yjiK_3
[18:14:18] Fixed 3 duplicate /gene - lpdG_1 lpdG_2 lpdG_3
[18:14:18] Fixed 3 duplicate /gene - merP_1 merP_2 merP_3
[18:14:18] Fixed 5 duplicate /gene - oprN_1 oprN_2 oprN_3 oprN_4 oprN_5
[18:14:18] Fixed 2 duplicate /gene - yrdA_1 yrdA_2
[18:14:18] Fixed 3 duplicate /gene - intA_1 intA_2 intA_3
[18:14:18] Fixed 2 duplicate /gene - arsC_1 arsC_2
[18:14:18] Fixed 2 duplicate /gene - aaeX_1 aaeX_2
[18:14:18] Fixed 2 duplicate /gene - mmsR_1 mmsR_2
[18:14:18] Fixed 4 duplicate /gene - yabJ_1 yabJ_2 yabJ_3 yabJ_4
[18:14:18] Fixed 2 duplicate /gene - pyrG_1 pyrG_2
[18:14:18] Fixed 2 duplicate /gene - alyA_1 alyA_2
[18:14:18] Fixed 2 duplicate /gene - nfdA_1 nfdA_2
[18:14:18] Fixed 2 duplicate /gene - fdnG_1 fdnG_2
[18:14:18] Fixed 2 duplicate /gene - katB_1 katB_2
[18:14:18] Fixed 2 duplicate /gene - yohK_1 yohK_2
[18:14:18] Fixed 2 duplicate /gene - sttH_1 sttH_2
[18:14:18] Fixed 2 duplicate /gene - rhtA_1 rhtA_2
[18:14:18] Fixed 3 duplicate /gene - quiP_1 quiP_2 quiP_3
[18:14:18] Fixed 2 duplicate /gene - endA_1 endA_2
[18:14:18] Fixed 2 duplicate /gene - pauA_1 pauA_2
[18:14:18] Fixed 4 duplicate /gene - bepA_1 bepA_2 bepA_3 bepA_4
[18:14:18] Fixed 2 duplicate /gene - aat_1 aat_2
[18:14:18] Fixed 2 duplicate /gene - prpB_1 prpB_2
[18:14:18] Fixed 2 duplicate /gene - fdhA_1 fdhA_2
[18:14:18] Fixed 2 duplicate /gene - gcvH1_1 gcvH1_2
[18:14:18] Fixed 2 duplicate /gene - hcnA_1 hcnA_2
[18:14:18] Fixed 3 duplicate /gene - rhlB_1 rhlB_2 rhlB_3
[18:14:18] Fixed 2 duplicate /gene - cntI_1 cntI_2
[18:14:18] Fixed 2 duplicate /gene - oprD_1 oprD_2
[18:14:18] Fixed 2 duplicate /gene - amiE_1 amiE_2
[18:14:18] Fixed 2 duplicate /gene - maiA_1 maiA_2
[18:14:18] Fixed 3 duplicate /gene - gbt_1 gbt_2 gbt_3
[18:14:18] Fixed 5 duplicate /gene - COQ3_1 COQ3_2 COQ3_3 COQ3_4 COQ3_5
[18:14:18] Fixed 2 duplicate /gene - ydiK_1 ydiK_2
[18:14:18] Fixed 2 duplicate /gene - trpD_1 trpD_2
[18:14:18] Fixed 3 duplicate /gene - clpP_1 clpP_2 clpP_3
[18:14:18] Fixed 2 duplicate /gene - rlpA_1 rlpA_2
[18:14:18] Fixed 2 duplicate /gene - hxuB_1 hxuB_2
[18:14:18] Fixed 3 duplicate /gene - aguA_1 aguA_2 aguA_3
[18:14:18] Fixed 2 duplicate /gene - thiE_1 thiE_2
[18:14:18] Fixed 2 duplicate /gene - cat_1 cat_2
[18:14:18] Fixed 2 duplicate /gene - garK_1 garK_2
[18:14:18] Fixed 2 duplicate /gene - uspE_1 uspE_2
[18:14:18] Fixed 3 duplicate /gene - phuT_1 phuT_2 phuT_3
[18:14:18] Fixed 2 duplicate /gene - yqjD_1 yqjD_2
[18:14:18] Fixed 2 duplicate /gene - uvrD_1 uvrD_2
[18:14:18] Fixed 2 duplicate /gene - pcaC_1 pcaC_2
[18:14:18] Fixed 2 duplicate /gene - nadE_1 nadE_2
[18:14:18] Fixed 2 duplicate /gene - apaH_1 apaH_2
[18:14:18] Fixed 2 duplicate /gene - hpcD_1 hpcD_2
[18:14:18] Fixed 2 duplicate /gene - prmC_1 prmC_2
[18:14:18] Fixed 2 duplicate /gene - ogt_1 ogt_2
[18:14:18] Fixed 3 duplicate /gene - mvaT_1 mvaT_2 mvaT_3
[18:14:18] Fixed 2 duplicate /gene - pqsD_1 pqsD_2
[18:14:18] Fixed 2 duplicate /gene - secD_1 secD_2
[18:14:18] Fixed 2 duplicate /gene - cueR_1 cueR_2
[18:14:18] Fixed 2 duplicate /gene - mscS_1 mscS_2
[18:14:18] Fixed 2 duplicate /gene - cobO_1 cobO_2
[18:14:18] Fixed 4 duplicate /gene - glcD_1 glcD_2 glcD_3 glcD_4
[18:14:18] Fixed 2 duplicate /gene - str_1 str_2
[18:14:18] Fixed 2 duplicate /gene - lhgD_1 lhgD_2
[18:14:18] Fixed 4 duplicate /gene - pal_1 pal_2 pal_3 pal_4
[18:14:18] Fixed 2 duplicate /gene - folP_1 folP_2
[18:14:18] Fixed 2 duplicate /gene - uvrA_1 uvrA_2
[18:14:18] Fixed 2 duplicate /gene - htpX_1 htpX_2
[18:14:18] Fixed 2 duplicate /gene - icmF1_1 icmF1_2
[18:14:18] Fixed 2 duplicate /gene - rtcB_1 rtcB_2
[18:14:18] Fixed 2 duplicate /gene - adhC_1 adhC_2
[18:14:18] Fixed 2 duplicate /gene - dapA_1 dapA_2
[18:14:18] Fixed 2 duplicate /gene - lolE_1 lolE_2
[18:14:18] Fixed 2 duplicate /gene - yebT_1 yebT_2
[18:14:18] Fixed 2 duplicate /gene - wspR_1 wspR_2
[18:14:18] Fixed 2 duplicate /gene - lpxD_1 lpxD_2
[18:14:18] Fixed 2 duplicate /gene - cifR_1 cifR_2
[18:14:18] Fixed 2 duplicate /gene - eptA_1 eptA_2
[18:14:18] Fixed 2 duplicate /gene - trkH_1 trkH_2
[18:14:18] Fixed 2 duplicate /gene - pfeA_1 pfeA_2
[18:14:18] Fixed 2 duplicate /gene - dmoA_1 dmoA_2
[18:14:18] Fixed 3 duplicate /gene - aprF_1 aprF_2 aprF_3
[18:14:18] Fixed 2 duplicate /gene - cysH_1 cysH_2
[18:14:18] Fixed 2 duplicate /gene - pfpI_1 pfpI_2
[18:14:18] Fixed 2 duplicate /gene - phnX_1 phnX_2
[18:14:18] Fixed 2 duplicate /gene - def_1 def_2
[18:14:18] Fixed 2 duplicate /gene - comM_1 comM_2
[18:14:18] Fixed 2 duplicate /gene - rmlD_1 rmlD_2
[18:14:18] Fixed 2 duplicate /gene - ybgC_1 ybgC_2
[18:14:18] Fixed 3 duplicate /gene - pxpC_1 pxpC_2 pxpC_3
[18:14:18] Fixed 2 duplicate /gene - prtR_1 prtR_2
[18:14:18] Fixed 2 duplicate /gene - pxpA3_1 pxpA3_2
[18:14:18] Fixed 2 duplicate /gene - cmaX_1 cmaX_2
[18:14:18] Fixed 2 duplicate /gene - pvdN_1 pvdN_2
[18:14:18] Fixed 3 duplicate /gene - speE_1 speE_2 speE_3
[18:14:18] Fixed 2 duplicate /gene - hcnC_1 hcnC_2
[18:14:18] Fixed 2 duplicate /gene - arnT_1 arnT_2
[18:14:18] Fixed 3 duplicate /gene - ptrB_1 ptrB_2 ptrB_3
[18:14:18] Fixed 2 duplicate /gene - katA_1 katA_2
[18:14:18] Fixed 2 duplicate /gene - ndh_1 ndh_2
[18:14:18] Fixed 2 duplicate /gene - hcf136_1 hcf136_2
[18:14:18] Fixed 3 duplicate /gene - mttC_1 mttC_2 mttC_3
[18:14:18] Fixed 2 duplicate /gene - spuB_1 spuB_2
[18:14:18] Fixed 2 duplicate /gene - ubiJ_1 ubiJ_2
[18:14:18] Fixed 2 duplicate /gene - tolR_1 tolR_2
[18:14:18] Fixed 2 duplicate /gene - phaF_1 phaF_2
[18:14:18] Fixed 2 duplicate /gene - yjcH_1 yjcH_2
[18:14:18] Fixed 2 duplicate /gene - lptA_1 lptA_2
[18:14:18] Fixed 2 duplicate /gene - arnB_1 arnB_2
[18:14:18] Fixed 5 duplicate /gene - msuD_1 msuD_2 msuD_3 msuD_4 msuD_5
[18:14:18] Fixed 2 duplicate /gene - lsrG_1 lsrG_2
[18:14:18] Fixed 2 duplicate /gene - rep_1 rep_2
[18:14:18] Fixed 3 duplicate /gene - lptF_1 lptF_2 lptF_3
[18:14:18] Fixed 3 duplicate /gene - betB_1 betB_2 betB_3
[18:14:18] Fixed 184 colliding /gene names.
[18:14:18] Adding /locus_tag identifiers
[18:14:18] Assigned 6297 locus_tags to CDS and RNA features.
[18:14:18] Writing outputs to example_output/prokka/IUSRULWE/
[18:14:21] Generating annotation statistics file
[18:14:21] Generating Genbank and Sequin files
[18:14:21] Running: tbl2asn -V b -a r10k -l paired-ends -M n -N 1 -y 'Annotated using prokka 1.14.6 from https://github.com/tseemann/prokka' -Z example_output\/prokka\/IUSRULWE\/PROKKA_02052024\.err -i example_output\/prokka\/IUSRULWE\/PROKKA_02052024\.fsa 2> /dev/null
[18:14:30] Deleting unwanted file: example_output/prokka/IUSRULWE/errorsummary.val
[18:14:30] Deleting unwanted file: example_output/prokka/IUSRULWE/PROKKA_02052024.dr
[18:14:30] Deleting unwanted file: example_output/prokka/IUSRULWE/PROKKA_02052024.fixedproducts
[18:14:30] Deleting unwanted file: example_output/prokka/IUSRULWE/PROKKA_02052024.ecn
[18:14:30] Deleting unwanted file: example_output/prokka/IUSRULWE/PROKKA_02052024.val
[18:14:30] Repairing broken .GBK output that tbl2asn produces...
[18:14:30] Running: sed 's/COORDINATES: profile/COORDINATES:profile/' < example_output\/prokka\/IUSRULWE\/PROKKA_02052024\.gbf > example_output\/prokka\/IUSRULWE\/PROKKA_02052024\.gbk
[18:14:30] Deleting unwanted file: example_output/prokka/IUSRULWE/PROKKA_02052024.gbf
[18:14:30] Output files:
[18:14:30] example_output/prokka/IUSRULWE/PROKKA_02052024.err
[18:14:30] example_output/prokka/IUSRULWE/PROKKA_02052024.faa
[18:14:30] example_output/prokka/IUSRULWE/PROKKA_02052024.ffn
[18:14:30] example_output/prokka/IUSRULWE/PROKKA_02052024.fna
[18:14:30] example_output/prokka/IUSRULWE/PROKKA_02052024.fsa
[18:14:30] example_output/prokka/IUSRULWE/PROKKA_02052024.gbk
[18:14:30] example_output/prokka/IUSRULWE/PROKKA_02052024.gff
[18:14:30] example_output/prokka/IUSRULWE/PROKKA_02052024.log
[18:14:30] example_output/prokka/IUSRULWE/PROKKA_02052024.sqn
[18:14:30] example_output/prokka/IUSRULWE/PROKKA_02052024.tbl
[18:14:30] example_output/prokka/IUSRULWE/PROKKA_02052024.tsv
[18:14:30] example_output/prokka/IUSRULWE/PROKKA_02052024.txt
[18:14:30] Annotation finished successfully.
[18:14:30] Walltime used: 2.35 minutes
[18:14:30] If you use this result please cite the Prokka paper:
[18:14:30] Seemann T (2014) Prokka: rapid prokaryotic genome annotation. Bioinformatics. 30(14):2068-9.
[18:14:30] Type 'prokka --citation' for more details.
[18:14:30] Share and enjoy!
