[22:22:10] This is prokka 1.14.6
[22:22:10] Written by Torsten Seemann <torsten.seemann@gmail.com>
[22:22:10] Homepage is https://github.com/tseemann/prokka
[22:22:10] Local time is Wed Jan 31 22:22:10 2024
[22:22:10] You are alper
[22:22:10] Operating system is linux
[22:22:10] You have BioPerl 1.7.8
[22:22:10] System has 16 cores.
[22:22:10] Will use maximum of 12 cores.
[22:22:10] Annotating as >>> Bacteria <<<
[22:22:10] Generating locus_tag from '/home/alper/git/SR-AMR/example/example_files/amikacin/Susceptible/287.916.fna' contents.
[22:22:10] Setting --locustag PDFLHPBO from MD5 9df519b8f55772f1470f86eab6df44d4
[22:22:10] Creating new output folder: /home/alper/git/SR-AMR/example/example_output/prokka/A4O0PUJ2
[22:22:10] Running: mkdir -p \/home\/alper\/git\/SR\-AMR\/example\/example_output\/prokka\/A4O0PUJ2
[22:22:10] Using filename prefix: PROKKA_01312024.XXX
[22:22:10] Setting HMMER_NCPU=1
[22:22:10] Writing log to: /home/alper/git/SR-AMR/example/example_output/prokka/A4O0PUJ2/PROKKA_01312024.log
[22:22:10] Command: /home/alper/miniconda3/envs/sr/bin/prokka --cpus 12 --outdir /home/alper/git/SR-AMR/example/example_output/prokka/A4O0PUJ2 --proteins /home/alper/git/SR-AMR/example/reference.gbff --force /home/alper/git/SR-AMR/example/example_files/amikacin/Susceptible/287.916.fna
[22:22:10] Appending to PATH: /home/alper/miniconda3/envs/sr/bin
[22:22:10] Looking for 'aragorn' - found /home/alper/miniconda3/envs/sr/bin/aragorn
[22:22:10] Determined aragorn version is 001002 from 'ARAGORN v1.2.41 Dean Laslett'
[22:22:10] Looking for 'barrnap' - found /home/alper/miniconda3/envs/sr/bin/barrnap
[22:22:10] Determined barrnap version is 000009 from 'barrnap 0.9'
[22:22:10] Looking for 'blastp' - found /home/alper/miniconda3/envs/sr/bin/blastp
[22:22:10] Determined blastp version is 002015 from 'blastp: 2.15.0+'
[22:22:10] Looking for 'cmpress' - found /home/alper/miniconda3/envs/sr/bin/cmpress
[22:22:10] Determined cmpress version is 001001 from '# INFERNAL 1.1.4 (Dec 2020)'
[22:22:10] Looking for 'cmscan' - found /home/alper/miniconda3/envs/sr/bin/cmscan
[22:22:10] Determined cmscan version is 001001 from '# INFERNAL 1.1.4 (Dec 2020)'
[22:22:10] Looking for 'egrep' - found /usr/bin/egrep
[22:22:10] Looking for 'find' - found /usr/bin/find
[22:22:10] Looking for 'grep' - found /usr/bin/grep
[22:22:10] Looking for 'hmmpress' - found /home/alper/miniconda3/envs/sr/bin/hmmpress
[22:22:10] Determined hmmpress version is 003003 from '# HMMER 3.3.2 (Nov 2020); http://hmmer.org/'
[22:22:10] Looking for 'hmmscan' - found /home/alper/miniconda3/envs/sr/bin/hmmscan
[22:22:10] Determined hmmscan version is 003003 from '# HMMER 3.3.2 (Nov 2020); http://hmmer.org/'
[22:22:10] Looking for 'java' - found /home/alper/miniconda3/envs/sr/bin/java
[22:22:10] Looking for 'makeblastdb' - found /home/alper/miniconda3/envs/sr/bin/makeblastdb
[22:22:10] Determined makeblastdb version is 002015 from 'makeblastdb: 2.15.0+'
[22:22:10] Looking for 'minced' - found /home/alper/miniconda3/envs/sr/bin/minced
[22:22:10] Determined minced version is 004002 from 'minced 0.4.2'
[22:22:10] Looking for 'parallel' - found /home/alper/miniconda3/envs/sr/bin/parallel
[22:22:11] Determined parallel version is 20240122 from 'GNU parallel 20240122'
[22:22:11] Looking for 'prodigal' - found /home/alper/miniconda3/envs/sr/bin/prodigal
[22:22:11] Determined prodigal version is 002006 from 'Prodigal V2.6.3: February, 2016'
[22:22:11] Looking for 'prokka-genbank_to_fasta_db' - found /home/alper/miniconda3/envs/sr/bin/prokka-genbank_to_fasta_db
[22:22:11] Looking for 'sed' - found /usr/bin/sed
[22:22:11] Looking for 'tbl2asn' - found /home/alper/miniconda3/envs/sr/bin/tbl2asn
[22:22:11] Determined tbl2asn version is 025007 from 'tbl2asn 25.7   arguments:'
[22:22:11] Using genetic code table 11.
[22:22:11] Loading and checking input file: /home/alper/git/SR-AMR/example/example_files/amikacin/Susceptible/287.916.fna
[22:22:11] Wrote 101 contigs totalling 6802969 bp.
[22:22:11] Predicting tRNAs and tmRNAs
[22:22:11] Running: aragorn -l -gc11  -w \/home\/alper\/git\/SR\-AMR\/example\/example_output\/prokka\/A4O0PUJ2\/PROKKA_01312024\.fna
[22:22:13] 1 tRNA-Met [82952,83028] 35 (cat)
[22:22:13] 1 tRNA-Arg c[56784,56857] 35 (acg)
[22:22:13] 2 tRNA-Asn [100773,100848] 34 (gtt)
[22:22:13] 3 tRNA-Pro [100858,100934] 35 (tgg)
[22:22:13] 4 tRNA-Lys [100945,101020] 34 (ttt)
[22:22:13] 1 tRNA-Arg [32169,32245] 35 (ccg)
[22:22:13] 1 tRNA-Gln [49104,49178] 33 (ttg)
[22:22:13] 1 tRNA-Phe [120842,120917] 34 (gaa)
[22:22:13] 2 tRNA-Thr [132247,132322] 34 (tgt)
[22:22:13] 1 tRNA-Thr [66398,66473] 34 (cgt)
[22:22:13] 1 tRNA-Trp c[64044,64119] 34 (cca)
[22:22:13] 2 tRNA-Thr c[65190,65265] 34 (ggt)
[22:22:13] 3 tRNA-Gly c[65285,65358] 33 (tcc)
[22:22:13] 4 tRNA-Tyr c[65385,65469] 35 (gta)
[22:22:13] 1 tRNA-Leu [95447,95533] 35 (caa)
[22:22:13] 2 tRNA-Arg c[156920,157009] 38 (tct)
[22:22:13] tRNA [28796,28892] is a pseudo/wacky gene - skipping.
[22:22:13] 2 tRNA-Ala [30837,30934] 38 (cgc)
[22:22:13] 3 tRNA-Pro c[80209,80285] 35 (cgg)
[22:22:13] 4 tRNA-Trp c[82149,82242] 34 (cca)
[22:22:13] 1 tRNA-Ala c[101152,101246] 34 (cgc)
[22:22:13] 1 tmRNA c[95004,95356] 95,127 ANDDNYALAA*
[22:22:13] 2 tRNA-Ser [187922,188012] 35 (gct)
[22:22:13] 3 tRNA-Met c[204238,204314] 35 (cat)
[22:22:13] 1 tRNA-Ser c[130137,130232] 34 (cga)
[22:22:13] 1 tRNA-Ser c[146176,146265] 35 (cga)
[22:22:13] 1 tRNA-Arg c[188699,188792] 36 (acg)
[22:22:13] 2 tRNA-Arg c[202743,202819] 35 (cct)
[22:22:13] 1 tRNA-Asp c[110371,110447] 35 (gtc)
[22:22:13] 2 tRNA-Leu c[121888,121972] 35 (tag)
[22:22:13] 3 tRNA-His c[122027,122102] 34 (gtg)
[22:22:13] 4 tRNA-Arg c[122154,122230] 35 (tct)
[22:22:13] 5 tRNA-Cys c[144542,144640] 37 (gca)
[22:22:13] 1 tRNA-Pro c[30145,30221] 35 (ggg)
[22:22:13] 2 tRNA-Val c[64288,64364] 35 (gac)
[22:22:13] 3 tRNA-Glu c[105898,105973] 35 (ttc)
[22:22:13] 4 tRNA-Ala c[128292,128382] 35 (tgc)
[22:22:13] 5 tRNA-Ser [138470,138559] 35 (gga)
[22:22:13] 1 tRNA-Asn c[25118,25193] 34 (gtt)
[22:22:13] 2 tRNA-Ala [33991,34066] 34 (ggc)
[22:22:13] 3 tRNA-Glu [34115,34190] 35 (ttc)
[22:22:13] 4 tRNA-Ala [34284,34359] 34 (ggc)
[22:22:13] 5 tRNA-Glu [34406,34481] 35 (ttc)
[22:22:13] 6 tRNA-Val [73378,73453] 34 (tac)
[22:22:13] 1 tRNA-Gly c[56909,56982] 33 (ccc)
[22:22:13] 1 tRNA-Ser c[10954,11029] 35 (gct)
[22:22:13] 1 tRNA-Cys [33170,33243] 33 (gca)
[22:22:13] 2 tRNA-Leu [45793,45879] 35 (taa)
[22:22:13] 1 tRNA-Ser c[23627,23717] 32 (act)
[22:22:13] 1 tRNA-Met c[55634,55710] 35 (cat)
[22:22:13] 2 tRNA-Leu c[55801,55886] 35 (gag)
[22:22:13] 3 tRNA-SeC c[109930,110025] 35 (tca)
[22:22:13] 4 tRNA-Leu [263534,263620] 35 (cag)
[22:22:13] 5 tRNA-Leu [263750,263836] 35 (cag)
[22:22:14] 1 tRNA-Ile [1804,1880] 35 (gat)
[22:22:14] 2 tRNA-Ala [1909,1984] 34 (tgc)
[22:22:14] 1 tRNA-Met [2930,3006] 35 (cat)
[22:22:14] 1 tRNA-Lys c[1615,1690] 34 (ttt)
[22:22:14] 1 tRNA-Ser [21402,21491] 31 (act)
[22:22:14] 1 tRNA-Ser c[21179,21268] 35 (tga)
[22:22:14] 1 tRNA-Gly [3145,3220] 34 (gcc)
[22:22:14] Found 60 tRNAs
[22:22:14] Predicting Ribosomal RNAs
[22:22:14] Running Barrnap with 12 threads
[22:22:15] 1 JTOS01000042 208 16S ribosomal RNA
[22:22:15] 2 JTOS01000042 2213 23S ribosomal RNA
[22:22:15] 3 JTOS01000042 5248 5S ribosomal RNA
[22:22:15] Found 3 rRNAs
[22:22:15] Skipping ncRNA search, enable with --rfam if desired.
[22:22:15] Total of 62 tRNA + rRNA features
[22:22:15] Searching for CRISPR repeats
[22:22:16] Found 0 CRISPRs
[22:22:16] Predicting coding sequences
[22:22:16] Contigs total 6802969 bp, so using single mode
[22:22:16] Running: prodigal -i \/home\/alper\/git\/SR\-AMR\/example\/example_output\/prokka\/A4O0PUJ2\/PROKKA_01312024\.fna -c -m -g 11 -p single -f sco -q
[22:22:21] Excluding CDS which overlaps existing RNA (tRNA) at JTOS01000001:82985..84154 on - strand
[22:22:21] Excluding CDS which overlaps existing RNA (tRNA) at JTOS01000009:156779..158074 on - strand
[22:22:22] Excluding CDS which overlaps existing RNA (tRNA) at JTOS01000010:30731..31669 on - strand
[22:22:22] Excluding CDS which overlaps existing RNA (tRNA) at JTOS01000010:81991..83208 on + strand
[22:22:22] Excluding CDS which overlaps existing RNA (tRNA) at JTOS01000012:100610..102376 on + strand
[22:22:22] Excluding CDS which overlaps existing RNA (tRNA) at JTOS01000017:130065..131339 on + strand
[22:22:22] Excluding CDS which overlaps existing RNA (tRNA) at JTOS01000020:188564..189175 on - strand
[22:22:22] Excluding CDS which overlaps existing RNA (tRNA) at JTOS01000023:143780..146506 on + strand
[22:22:23] Excluding CDS which overlaps existing RNA (tRNA) at JTOS01000024:127898..128752 on + strand
[22:22:23] Excluding CDS which overlaps existing RNA (tRNA) at JTOS01000032:10801..11802 on + strand
[22:22:23] Excluding CDS which overlaps existing RNA (tRNA) at JTOS01000038:22998..24407 on - strand
[22:22:24] Excluding CDS which overlaps existing RNA (tRNA) at JTOS01000061:21059..24901 on + strand
[22:22:24] Found 6218 CDS
[22:22:24] Connecting features back to sequences
[22:22:24] Not using genus-specific database. Try --usegenus to enable it.
[22:22:24] Preparing user-supplied primary BLAST annotation source: /home/alper/git/SR-AMR/example/reference.gbff
[22:22:24] Guessed source was in genbank format.
[22:22:24] Converting genbank '/home/alper/git/SR-AMR/example/reference.gbff' into Prokka FASTA '/home/alper/git/SR-AMR/example/example_output/prokka/A4O0PUJ2/proteins.faa'
[22:22:24] Running: prokka-genbank_to_fasta_db --format genbank \/home\/alper\/git\/SR\-AMR\/example\/reference\.gbff > \/home\/alper\/git\/SR\-AMR\/example\/example_output\/prokka\/A4O0PUJ2\/proteins\.faa 2> /dev/null
[22:22:29] Running: makeblastdb -dbtype prot -in \/home\/alper\/git\/SR\-AMR\/example\/example_output\/prokka\/A4O0PUJ2\/proteins\.faa -out \/home\/alper\/git\/SR\-AMR\/example\/example_output\/prokka\/A4O0PUJ2\/proteins -logfile /dev/null
[22:22:29] Using /inference source as 'reference.gbff'
[22:22:29] Annotating CDS, please be patient.
[22:22:29] Will use 12 CPUs for similarity searching.
[22:22:30] There are still 6218 unannotated CDS left (started with 6218)
[22:22:30] Will use blast to search against /home/alper/git/SR-AMR/example/example_output/prokka/A4O0PUJ2/proteins with 12 CPUs
[22:22:30] Running: cat \/home\/alper\/git\/SR\-AMR\/example\/example_output\/prokka\/A4O0PUJ2\/PROKKA_01312024\.proteins\.tmp\.28648\.faa | parallel --gnu --plain -j 12 --block 84979 --recstart '>' --pipe blastp -query - -db /home/alper/git/SR-AMR/example/example_output/prokka/A4O0PUJ2/proteins -evalue 1e-09 -qcov_hsp_perc 80 -num_threads 1 -num_descriptions 1 -num_alignments 1 -seg no > \/home\/alper\/git\/SR\-AMR\/example\/example_output\/prokka\/A4O0PUJ2\/PROKKA_01312024\.proteins\.tmp\.28648\.blast 2> /dev/null
[22:22:48] Deleting unwanted file: /home/alper/git/SR-AMR/example/example_output/prokka/A4O0PUJ2/PROKKA_01312024.proteins.tmp.28648.faa
[22:22:48] Deleting unwanted file: /home/alper/git/SR-AMR/example/example_output/prokka/A4O0PUJ2/PROKKA_01312024.proteins.tmp.28648.blast
[22:22:48] There are still 2795 unannotated CDS left (started with 6218)
[22:22:48] Will use blast to search against /home/alper/miniconda3/envs/sr/db/kingdom/Bacteria/IS with 12 CPUs
[22:22:48] Running: cat \/home\/alper\/git\/SR\-AMR\/example\/example_output\/prokka\/A4O0PUJ2\/PROKKA_01312024\.IS\.tmp\.28648\.faa | parallel --gnu --plain -j 12 --block 31419 --recstart '>' --pipe blastp -query - -db /home/alper/miniconda3/envs/sr/db/kingdom/Bacteria/IS -evalue 1e-30 -qcov_hsp_perc 90 -num_threads 1 -num_descriptions 1 -num_alignments 1 -seg no > \/home\/alper\/git\/SR\-AMR\/example\/example_output\/prokka\/A4O0PUJ2\/PROKKA_01312024\.IS\.tmp\.28648\.blast 2> /dev/null
[22:22:56] Modify product: Tn3 family transposase Tn5393 => Tn3 family transposase
[22:22:56] Cleaned 1 /product names
[22:22:56] Deleting unwanted file: /home/alper/git/SR-AMR/example/example_output/prokka/A4O0PUJ2/PROKKA_01312024.IS.tmp.28648.faa
[22:22:56] Deleting unwanted file: /home/alper/git/SR-AMR/example/example_output/prokka/A4O0PUJ2/PROKKA_01312024.IS.tmp.28648.blast
[22:22:56] There are still 2766 unannotated CDS left (started with 6218)
[22:22:56] Will use blast to search against /home/alper/miniconda3/envs/sr/db/kingdom/Bacteria/AMR with 12 CPUs
[22:22:56] Running: cat \/home\/alper\/git\/SR\-AMR\/example\/example_output\/prokka\/A4O0PUJ2\/PROKKA_01312024\.AMR\.tmp\.28648\.faa | parallel --gnu --plain -j 12 --block 30903 --recstart '>' --pipe blastp -query - -db /home/alper/miniconda3/envs/sr/db/kingdom/Bacteria/AMR -evalue 1e-300 -qcov_hsp_perc 90 -num_threads 1 -num_descriptions 1 -num_alignments 1 -seg no > \/home\/alper\/git\/SR\-AMR\/example\/example_output\/prokka\/A4O0PUJ2\/PROKKA_01312024\.AMR\.tmp\.28648\.blast 2> /dev/null
[22:23:02] Deleting unwanted file: /home/alper/git/SR-AMR/example/example_output/prokka/A4O0PUJ2/PROKKA_01312024.AMR.tmp.28648.faa
[22:23:02] Deleting unwanted file: /home/alper/git/SR-AMR/example/example_output/prokka/A4O0PUJ2/PROKKA_01312024.AMR.tmp.28648.blast
[22:23:02] There are still 2765 unannotated CDS left (started with 6218)
[22:23:02] Will use blast to search against /home/alper/miniconda3/envs/sr/db/kingdom/Bacteria/sprot with 12 CPUs
[22:23:02] Running: cat \/home\/alper\/git\/SR\-AMR\/example\/example_output\/prokka\/A4O0PUJ2\/PROKKA_01312024\.sprot\.tmp\.28648\.faa | parallel --gnu --plain -j 12 --block 30885 --recstart '>' --pipe blastp -query - -db /home/alper/miniconda3/envs/sr/db/kingdom/Bacteria/sprot -evalue 1e-09 -qcov_hsp_perc 80 -num_threads 1 -num_descriptions 1 -num_alignments 1 -seg no > \/home\/alper\/git\/SR\-AMR\/example\/example_output\/prokka\/A4O0PUJ2\/PROKKA_01312024\.sprot\.tmp\.28648\.blast 2> /dev/null
[22:23:24] Modify product: Uncharacterized protein YciO => putative protein YciO
[22:23:24] Modify product: Probable phosphatase Rv3661 => putative phosphatase
[22:23:24] Modify product: UPF0060 membrane protein YnfA => hypothetical protein
[22:23:24] Modify product: UPF0276 protein CCNA_03364 => hypothetical protein
[22:23:24] Modify product: Putative universal stress protein SA1532 => Putative universal stress protein
[22:23:24] Modify product: Uncharacterized PhzA/B-like protein PA3332 => putative PhzA/B-like protein
[22:23:24] Modify product: STAS-domain containing protein PA14_20770 => STAS-domain containing protein
[22:23:24] Modify product: Uncharacterized protein PA3922 => putative protein
[22:23:24] Modify product: UPF0301 protein AlgH => hypothetical protein
[22:23:24] Modify product: UPF0235 protein YggU => hypothetical protein
[22:23:24] Modify product: Probable xanthine dehydrogenase subunit A => putative xanthine dehydrogenase subunit A
[22:23:24] Modify product: Cyclic diguanosine monophosphate-binding protein PA4608 => Cyclic diguanosine monophosphate-binding protein
[22:23:24] Modify product: Probable lipid II flippase MurJ => putative lipid II flippase MurJ
[22:23:24] Modify product: Stress response UPF0229 protein YhbH => hypothetical protein
[22:23:24] Modify product: Uncharacterized protein YqeY => putative protein YqeY
[22:23:24] Modify product: Uncharacterized protein HI_0933 => putative protein
[22:23:24] Modify product: Uncharacterized methyltransferase Rv3342 => putative methyltransferase
[22:23:24] Modify product: Epimerase family protein SA0724 => Epimerase family protein
[22:23:24] Modify product: UPF0053 inner membrane protein YgdQ => hypothetical protein
[22:23:24] Modify product: Putative lipoprotein NMB1126/NMB1164 => Putative lipoprotein/NMB1164
[22:23:24] Modify product: Putative lipoprotein NMB1124/NMB1162 => Putative lipoprotein/NMB1162
[22:23:24] Modify product: Uncharacterized protein PA0049 => putative protein
[22:23:24] Modify product: DNA-binding protein VF_0530 => DNA-binding protein
[22:23:24] Modify product: UPF0225 protein YchJ => hypothetical protein
[22:23:24] Modify product: UPF0126 inner membrane protein YicG => hypothetical protein
[22:23:24] Modify product: UPF0056 inner membrane protein YhgN => hypothetical protein
[22:23:24] Modify product: UPF0053 inner membrane protein YgdQ => hypothetical protein
[22:23:24] Modify product: Uncharacterized protein Rv1708 => putative protein
[22:23:24] Modify product: Probable amino-acid metabolite efflux pump => putative amino-acid metabolite efflux pump
[22:23:24] Modify product: Uncharacterized protein PA3922 => putative protein
[22:23:24] Modify product: Uncharacterized protein PA3922 => putative protein
[22:23:24] Modify product: Uncharacterized protein HI_0341 => putative protein
[22:23:24] Modify product: Uncharacterized protein YqjD => putative protein YqjD
[22:23:24] Modify product: Uncharacterized protein YcbX => putative protein YcbX
[22:23:24] Modify product: Universal stress protein A homolog 2 => Universal stress protein A 
[22:23:24] Modify product: UPF0434 protein PFL_1779 => hypothetical protein
[22:23:24] Modify product: Probable metallo-hydrolase BURPS1710b_2304 => putative metallo-hydrolase
[22:23:24] Modify product: UPF0324 inner membrane protein YeiH => hypothetical protein
[22:23:24] Modify product: Probable enoyl-CoA hydratase 1 => putative enoyl-CoA hydratase 1
[22:23:24] Modify product: UPF0250 protein YbeD => hypothetical protein
[22:23:24] Modify product: Putative esterase HI_1161 => Putative esterase
[22:23:24] Modify product: Probable TonB-dependent receptor NMB0964 => putative TonB-dependent receptor
[22:23:24] Modify product: Uncharacterized protein Rv0887c => putative protein
[22:23:24] Modify product: Probable lipoprotein YiaD => putative lipoprotein YiaD
[22:23:24] Modify product: Probable quorum-quenching lactonase YtnP => putative quorum-quenching lactonase YtnP
[22:23:24] Modify product: UPF0307 protein PSPTO_4464 => hypothetical protein
[22:23:24] Modify product: GTP cyclohydrolase 1 type 2 homolog => GTP cyclohydrolase 1 type 2 
[22:23:24] Modify product: Probable [Fe-S]-dependent transcriptional repressor => putative [Fe-S]-dependent transcriptional repressor
[22:23:24] Modify product: UPF0070 protein HI_0370 => hypothetical protein
[22:23:24] Modify product: Uncharacterized protein YibN => putative protein YibN
[22:23:24] Modify product: Probable Fe(2+)-trafficking protein => putative Fe(2+)-trafficking protein
[22:23:24] Modify product: Uncharacterized oxidoreductase YdgJ => putative oxidoreductase YdgJ
[22:23:24] Modify product: UPF0111 protein HI_1603 => hypothetical protein
[22:23:24] Modify product: UPF0178 protein YaiI => hypothetical protein
[22:23:24] Modify product: UPF0053 inner membrane protein YgdQ => hypothetical protein
[22:23:24] Modify product: UPF0153 protein YeiW => hypothetical protein
[22:23:24] Modify product: UPF0167 protein Rv2295 => hypothetical protein
[22:23:24] Modify product: Uncharacterized HTH-type transcriptional regulator Rv3095 => putative HTH-type transcriptional regulator
[22:23:24] Modify product: UPF0761 membrane protein YihY => hypothetical protein
[22:23:24] Modify product: Uncharacterized protein YqjD => putative protein YqjD
[22:23:24] Modify product: Probable L,D-transpeptidase YbiS => putative L,D-transpeptidase YbiS
[22:23:24] Modify product: Uncharacterized protein HI_1008 => putative protein
[22:23:24] Modify product: Uncharacterized methyltransferase YcgJ => putative methyltransferase YcgJ
[22:23:24] Modify product: Purine-binding protein BAB2_0673 => Purine-binding protein
[22:23:24] Modify product: Uncharacterized protein PA14_02130 => putative protein
[22:23:24] Modify product: Uncharacterized protein HI_0341 => putative protein
[22:23:24] Modify product: Probable membrane transporter protein YfcA => putative membrane transporter protein YfcA
[22:23:24] Modify product: Probable transcriptional regulatory protein pdtaR => putative transcriptional regulatory protein pdtaR
[22:23:24] Modify product: Uncharacterized protein Rv2569c => putative protein
[22:23:24] Modify product: Uncharacterized protein Rv2411c => putative protein
[22:23:24] Modify product: Probable DNA endonuclease SmrA => putative DNA endonuclease SmrA
[22:23:24] Modify product: Uncharacterized NTE family protein Rv1063c => putative NTE family protein
[22:23:24] Modify product: Uncharacterized HTH-type transcriptional regulator Rv3095 => putative HTH-type transcriptional regulator
[22:23:24] Modify product: Uncharacterized HTH-type transcriptional regulator Rv3095 => putative HTH-type transcriptional regulator
[22:23:25] Modify product: Uncharacterized protein PA14_33160 => putative protein
[22:23:25] Modify product: Uncharacterized protein YjiK => putative protein YjiK
[22:23:25] Modify product: UPF0339 protein YegP => hypothetical protein
[22:23:25] Modify product: Probable phosphatase Rv3661 => putative phosphatase
[22:23:25] Modify product: Uncharacterized membrane protein NMB1645 => putative membrane protein
[22:23:25] Modify product: UPF0382 membrane protein YwdK => hypothetical protein
[22:23:25] Modify product: Uncharacterized protein PA3922 => putative protein
[22:23:25] Modify product: Uncharacterized protein Rv2895c => putative protein
[22:23:25] Modify product: Uncharacterized protein YjiK => putative protein YjiK
[22:23:25] Modify product: Uncharacterized MFS-type transporter YhhS => putative MFS-type transporter YhhS
[22:23:25] Modify product: Uncharacterized protein Rv1708 => putative protein
[22:23:25] Modify product: Uncharacterized protein YnbC => putative protein YnbC
[22:23:25] Modify product: Uncharacterized protein YnbD => putative protein YnbD
[22:23:25] Modify product: UPF0701 protein HI_0467 => hypothetical protein
[22:23:25] Modify product: Uncharacterized protein YqcC => putative protein YqcC
[22:23:25] Modify product: Uncharacterized protein Rv2004c => putative protein
[22:23:25] Modify product: UPF0337 protein PA4738 => hypothetical protein
[22:23:25] Modify product: RNA-binding protein HI_1333 => RNA-binding protein
[22:23:25] Modify product: UPF0125 protein HI_0395 => hypothetical protein
[22:23:25] Modify product: Probable amino-acid metabolite efflux pump => putative amino-acid metabolite efflux pump
[22:23:25] Modify product: Uncharacterized inner membrane transporter YedA => putative inner membrane transporter YedA
[22:23:25] Modify product: Uncharacterized protein Rv2277c => putative protein
[22:23:25] Modify product: NADH dehydrogenase-like protein MT1860 => NADH dehydrogenase-like protein
[22:23:25] Modify product: Uncharacterized HTH-type transcriptional regulator Rv3095 => putative HTH-type transcriptional regulator
[22:23:25] Modify product: Probable type I restriction enzyme BthVORF4518P M protein => putative type I restriction enzymeP M protein
[22:23:25] Modify product: Uncharacterized protein YyaP => putative protein YyaP
[22:23:25] Modify product: Ribonuclease TTHA0252 => Ribonuclease
[22:23:25] Modify product: UPF0394 inner membrane protein YedE => hypothetical protein
[22:23:25] Modify product: Uncharacterized protein M6_Spy0233 => putative protein
[22:23:25] Modify product: Uncharacterized protein YaeQ => putative protein YaeQ
[22:23:25] Modify product: Phage shock protein A homolog => Phage shock protein A 
[22:23:25] Modify product: UPF0053 inner membrane protein YfjD => hypothetical protein
[22:23:25] Modify product: GTP cyclohydrolase 1 type 2 homolog => GTP cyclohydrolase 1 type 2 
[22:23:25] Modify product: UPF0073 inner membrane protein YqfA => hypothetical protein
[22:23:25] Modify product: Uncharacterized Nudix hydrolase YfcD => putative Nudix hydrolase YfcD
[22:23:25] Modify product: Uncharacterized protein YbiI => putative protein YbiI
[22:23:25] Modify product: Uncharacterized protein Rv2569c => putative protein
[22:23:25] Modify product: Uncharacterized protein Rv2567 => putative protein
[22:23:25] Modify product: Probable FAD-dependent oxidoreductase PA4991 => putative FAD-dependent oxidoreductase
[22:23:25] Modify product: Uncharacterized protein YcgM => putative protein YcgM
[22:23:25] Modify product: Uncharacterized protein YjiK => putative protein YjiK
[22:23:25] Modify product: UPF0053 inner membrane protein YoaE => hypothetical protein
[22:23:25] Modify product: Uncharacterized protein YybH => putative protein YybH
[22:23:25] Modify product: Acetyltransferase PA3944 => Acetyltransferase
[22:23:25] Modify product: Acetyltransferase PA3944 => Acetyltransferase
[22:23:25] Modify product: Probable FMNH2-dependent monooxygenase SfnC => putative FMNH2-dependent monooxygenase SfnC
[22:23:25] Modify product: UPF0276 protein CCNA_03364 => hypothetical protein
[22:23:25] Modify product: UPF0270 protein PA3463 => hypothetical protein
[22:23:25] Modify product: UPF0502 protein PSPTO_2686 => hypothetical protein
[22:23:25] Modify product: Probable fatty acid methyltransferase Rv3720 => putative fatty acid methyltransferase
[22:23:25] Modify product: Probable protein kinase UbiB => putative protein kinase UbiB
[22:23:25] Modify product: Ribonuclease TTHA0252 => Ribonuclease
[22:23:25] Cleaned 126 /product names
[22:23:25] Deleting unwanted file: /home/alper/git/SR-AMR/example/example_output/prokka/A4O0PUJ2/PROKKA_01312024.sprot.tmp.28648.faa
[22:23:25] Deleting unwanted file: /home/alper/git/SR-AMR/example/example_output/prokka/A4O0PUJ2/PROKKA_01312024.sprot.tmp.28648.blast
[22:23:25] There are still 2279 unannotated CDS left (started with 6218)
[22:23:25] Will use hmmer3 to search against /home/alper/miniconda3/envs/sr/db/hmm/HAMAP.hmm with 12 CPUs
[22:23:25] Running: cat \/home\/alper\/git\/SR\-AMR\/example\/example_output\/prokka\/A4O0PUJ2\/PROKKA_01312024\.HAMAP\.hmm\.tmp\.28648\.faa | parallel --gnu --plain -j 12 --block 25005 --recstart '>' --pipe hmmscan --noali --notextw --acc -E 1e-09 --cpu 1 /home/alper/miniconda3/envs/sr/db/hmm/HAMAP.hmm /dev/stdin > \/home\/alper\/git\/SR\-AMR\/example\/example_output\/prokka\/A4O0PUJ2\/PROKKA_01312024\.HAMAP\.hmm\.tmp\.28648\.hmmer3 2> /dev/null
[22:24:25] Modify product: Uncharacterized Nudix hydrolase NudL => putative Nudix hydrolase NudL
[22:24:25] Cleaned 1 /product names
[22:24:25] Deleting unwanted file: /home/alper/git/SR-AMR/example/example_output/prokka/A4O0PUJ2/PROKKA_01312024.HAMAP.hmm.tmp.28648.faa
[22:24:25] Deleting unwanted file: /home/alper/git/SR-AMR/example/example_output/prokka/A4O0PUJ2/PROKKA_01312024.HAMAP.hmm.tmp.28648.hmmer3
[22:24:25] Deleting unwanted file: /home/alper/git/SR-AMR/example/example_output/prokka/A4O0PUJ2/proteins.psq
[22:24:25] Deleting unwanted file: /home/alper/git/SR-AMR/example/example_output/prokka/A4O0PUJ2/proteins.phr
[22:24:25] Deleting unwanted file: /home/alper/git/SR-AMR/example/example_output/prokka/A4O0PUJ2/proteins.pin
[22:24:25] Labelling remaining 2139 proteins as 'hypothetical protein'
[22:24:25] Possible /pseudo 'bacteriophage protein' at JTOS01000001 position 25178
[22:24:25] Possible /pseudo 'bacteriophage protein' at JTOS01000001 position 28940
[22:24:25] Possible /pseudo 'bacteriophage protein' at JTOS01000001 position 29466
[22:24:25] Possible /pseudo 'bacteriophage protein' at JTOS01000001 position 30350
[22:24:25] Possible /pseudo 'ABC transporter permease' at JTOS01000001 position 39271
[22:24:25] Possible /pseudo 'acyl-CoA dehydrogenase' at JTOS01000001 position 173202
[22:24:25] Possible /pseudo 'acyl-CoA dehydrogenase' at JTOS01000001 position 175211
[22:24:25] Possible /pseudo 'oxidoreductase' at JTOS01000002 position 8495
[22:24:25] Possible /pseudo 'ABC transporter ATP-binding protein' at JTOS01000002 position 41514
[22:24:25] Possible /pseudo 'ABC transporter permease' at JTOS01000003 position 83702
[22:24:25] Possible /pseudo 'polyhydroxyalkanoate synthesis protein PhaF' at JTOS01000005 position 23983
[22:24:25] Possible /pseudo 'iron ABC transporter substrate-binding protein' at JTOS01000005 position 196864
[22:24:25] Possible /pseudo 'ABC transporter permease' at JTOS01000006 position 92367
[22:24:25] Possible /pseudo 'ABC transporter' at JTOS01000006 position 102345
[22:24:25] Possible /pseudo 'ABC transporter ATP-binding protein' at JTOS01000008 position 8472
[22:24:25] Possible /pseudo 'transcriptional regulator' at JTOS01000009 position 4288
[22:24:25] Possible /pseudo 'cyanide insensitive terminal oxidase' at JTOS01000009 position 217884
[22:24:25] Possible /pseudo 'major facilitator superfamily transporter' at JTOS01000013 position 24177
[22:24:25] Possible /pseudo 'ABC transporter permease' at JTOS01000013 position 67594
[22:24:25] Possible /pseudo 'ABC transporter permease' at JTOS01000013 position 68357
[22:24:25] Possible /pseudo 'ATP-dependent helicase' at JTOS01000014 position 59651
[22:24:25] Possible /pseudo 'transcriptional regulator' at JTOS01000015 position 65405
[22:24:25] Possible /pseudo 'IS3 family transposase ISPa32' at JTOS01000015 position 102825
[22:24:25] Possible /pseudo 'transcriptional regulator' at JTOS01000015 position 156146
[22:24:25] Possible /pseudo 'C4-dicarboxylate transporter' at JTOS01000015 position 164867
[22:24:25] Possible /pseudo 'transcriptional regulator' at JTOS01000016 position 44045
[22:24:25] Possible /pseudo 'ABC transporter permease' at JTOS01000016 position 53961
[22:24:25] Possible /pseudo 'phenazine biosynthesis protein' at JTOS01000016 position 76942
[22:24:25] Possible /pseudo 'NAD(P)H dehydrogenase' at JTOS01000017 position 200168
[22:24:25] Possible /pseudo 'transcriptional regulator' at JTOS01000019 position 9984
[22:24:25] Possible /pseudo 'flagellar glycosyl transferase FgtA' at JTOS01000019 position 61406
[22:24:25] Possible /pseudo 'ABC transporter ATP-binding protein' at JTOS01000019 position 84461
[22:24:25] Possible /pseudo '3-oxoacyl-ACP synthase' at JTOS01000019 position 161233
[22:24:25] Possible /pseudo 'sugar ABC transporter permease' at JTOS01000020 position 2339
[22:24:25] Possible /pseudo 'ABC transporter permease' at JTOS01000020 position 63529
[22:24:25] Possible /pseudo 'transporter' at JTOS01000020 position 77240
[22:24:25] Possible /pseudo 'long-chain-fatty-acid--CoA ligase' at JTOS01000020 position 121535
[22:24:25] Possible /pseudo 'FMNH2-dependent monooxygenase' at JTOS01000022 position 41194
[22:24:25] Possible /pseudo 'oxidoreductase' at JTOS01000023 position 18344
[22:24:25] Possible /pseudo 'short-chain dehydrogenase' at JTOS01000023 position 82927
[22:24:25] Possible /pseudo 'ABC transporter permease' at JTOS01000023 position 104853
[22:24:25] Possible /pseudo 'transcriptional regulator' at JTOS01000023 position 168029
[22:24:25] Possible /pseudo 'translocation protein in type III secretion' at JTOS01000023 position 225151
[22:24:25] Possible /pseudo 'type III secretion system protein' at JTOS01000023 position 226472
[22:24:25] Possible /pseudo 'translocation protein in type III secretion' at JTOS01000023 position 227391
[22:24:25] Possible /pseudo 'translocation protein in type III secretion' at JTOS01000023 position 228176
[22:24:25] Possible /pseudo 'transporter' at JTOS01000023 position 271732
[22:24:25] Possible /pseudo 'hydrolase' at JTOS01000023 position 304336
[22:24:25] Possible /pseudo 'xanthine dehydrogenase' at JTOS01000023 position 466756
[22:24:25] Possible /pseudo 'transcriptional regulator' at JTOS01000024 position 135459
[22:24:25] Possible /pseudo 'aspartate-semialdehyde dehydrogenase' at JTOS01000025 position 49812
[22:24:25] Possible /pseudo 'resistance-nodulation-cell division (RND) efflux membrane fusion protein' at JTOS01000027 position 16841
[22:24:25] Possible /pseudo 'amino acid ABC transporter permease' at JTOS01000028 position 24859
[22:24:25] Possible /pseudo 'type II secretion system protein' at JTOS01000030 position 14644
[22:24:25] Possible /pseudo 'enoyl-CoA hydratase' at JTOS01000030 position 71632
[22:24:25] Possible /pseudo 'Acetyltransferase' at JTOS01000031 position 23593
[22:24:25] Possible /pseudo 'Homoprotocatechuate catabolism bifunctional isomerase/decarboxylase' at JTOS01000033 position 26827
[22:24:25] Possible /pseudo 'isocitrate dehydrogenase' at JTOS01000034 position 1835
[22:24:25] Possible /pseudo 'type II secretion system protein' at JTOS01000034 position 56544
[22:24:25] Possible /pseudo 'type II secretion system protein' at JTOS01000034 position 56969
[22:24:25] Possible /pseudo 'type II secretion system protein' at JTOS01000034 position 57348
[22:24:25] Possible /pseudo 'type II secretion system protein' at JTOS01000034 position 57836
[22:24:25] Possible /pseudo 'chaperone' at JTOS01000034 position 112971
[22:24:25] Possible /pseudo 'ISNCY family transposase ISBcen27' at JTOS01000035 position 5336
[22:24:25] Possible /pseudo 'resistance-nodulation-cell division (RND) efflux transporter' at JTOS01000037 position 100883
[22:24:25] Possible /pseudo 'phosphate ABC transporter permease' at JTOS01000038 position 3813
[22:24:25] Possible /pseudo 'rubredoxin' at JTOS01000038 position 20551
[22:24:25] Possible /pseudo 'formate dehydrogenase-O major subunit' at JTOS01000039 position 123285
[22:24:25] Possible /pseudo 'ABC transporter permease' at JTOS01000039 position 181429
[22:24:25] Possible /pseudo 'ABC transporter ATP-binding protein' at JTOS01000039 position 183499
[22:24:25] Possible /pseudo 'ABC transporter ATP-binding protein' at JTOS01000039 position 230592
[22:24:25] Possible /pseudo 'putative protein' at JTOS01000039 position 247815
[22:24:25] Possible /pseudo 'acyl-CoA dehydrogenase' at JTOS01000039 position 332771
[22:24:25] Possible /pseudo 'lipopolysaccharide kinase WaaP' at JTOS01000039 position 349785
[22:24:25] Possible /pseudo 'transcriptional regulator' at JTOS01000040 position 49523
[22:24:25] Possible /pseudo 'NAD(P) transhydrogenase subunit alpha' at JTOS01000040 position 63337
[22:24:25] Possible /pseudo 'taurine dioxygenase' at JTOS01000040 position 66069
[22:24:25] Possible /pseudo 'transcriptional regulator' at JTOS01000041 position 17008
[22:24:25] Possible /pseudo 'ABC transporter permease' at JTOS01000041 position 34353
[22:24:25] Possible /pseudo 'paraquat-inducible protein A' at JTOS01000045 position 24148
[22:24:25] Possible /pseudo 'adenylosuccinate lyase' at JTOS01000048 position 28574
[22:24:25] Possible /pseudo 'N-acetyl-D-glucosamine phosphotransferase system transporter' at JTOS01000048 position 307866
[22:24:25] Possible /pseudo 'transcriptional regulator' at JTOS01000050 position 41617
[22:24:25] Possible /pseudo 'ABC transporter permease' at JTOS01000050 position 57722
[22:24:25] Possible /pseudo 'alkyl hydroperoxide reductase' at JTOS01000050 position 59521
[22:24:25] Possible /pseudo 'binding-protein-dependent maltose/mannitol transport protein' at JTOS01000055 position 15612
[22:24:25] Possible /pseudo 'FMNH2-dependent monooxygenase' at JTOS01000055 position 24517
[22:24:25] Possible /pseudo 'Putative aliphatic sulfonates-binding protein' at JTOS01000070 position 11179
[22:24:25] Possible /pseudo 'Putative aliphatic sulfonates-binding protein' at JTOS01000070 position 12147
[22:24:25] Possible /pseudo 'cytochrome C' at JTOS01000074 position 20246
[22:24:25] Possible /pseudo 'transcriptional regulator' at JTOS01000074 position 24485
[22:24:25] Found 2064 unique /gene codes.
[22:24:25] Fixed 2 duplicate /gene - cobO_1 cobO_2
[22:24:25] Fixed 3 duplicate /gene - yfdE_1 yfdE_2 yfdE_3
[22:24:25] Fixed 2 duplicate /gene - phuT_1 phuT_2
[22:24:25] Fixed 2 duplicate /gene - alyA_1 alyA_2
[22:24:25] Fixed 4 duplicate /gene - aprF_1 aprF_2 aprF_3 aprF_4
[22:24:25] Fixed 4 duplicate /gene - oprN_1 oprN_2 oprN_3 oprN_4
[22:24:25] Fixed 3 duplicate /gene - zapE_1 zapE_2 zapE_3
[22:24:25] Fixed 3 duplicate /gene - quiP_1 quiP_2 quiP_3
[22:24:25] Fixed 5 duplicate /gene - xerC_1 xerC_2 xerC_3 xerC_4 xerC_5
[22:24:25] Fixed 2 duplicate /gene - nudC_1 nudC_2
[22:24:25] Fixed 2 duplicate /gene - lspA_1 lspA_2
[22:24:25] Fixed 2 duplicate /gene - pilT_1 pilT_2
[22:24:25] Fixed 2 duplicate /gene - def_1 def_2
[22:24:25] Fixed 2 duplicate /gene - tolB_1 tolB_2
[22:24:25] Fixed 4 duplicate /gene - lpdG_1 lpdG_2 lpdG_3 lpdG_4
[22:24:25] Fixed 2 duplicate /gene - vanA_1 vanA_2
[22:24:25] Fixed 2 duplicate /gene - xerD_1 xerD_2
[22:24:25] Fixed 2 duplicate /gene - pfpI_1 pfpI_2
[22:24:25] Fixed 6 duplicate /gene - aaeB_1 aaeB_2 aaeB_3 aaeB_4 aaeB_5 aaeB_6
[22:24:25] Fixed 2 duplicate /gene - phnX_1 phnX_2
[22:24:25] Fixed 2 duplicate /gene - arsC_1 arsC_2
[22:24:25] Fixed 2 duplicate /gene - pxpB_1 pxpB_2
[22:24:25] Fixed 2 duplicate /gene - mmsR_1 mmsR_2
[22:24:25] Fixed 2 duplicate /gene - cidA_1 cidA_2
[22:24:25] Fixed 2 duplicate /gene - ydiK_1 ydiK_2
[22:24:25] Fixed 2 duplicate /gene - gfnR_1 gfnR_2
[22:24:25] Fixed 2 duplicate /gene - yohK_1 yohK_2
[22:24:25] Fixed 2 duplicate /gene - prtR_1 prtR_2
[22:24:25] Fixed 2 duplicate /gene - pauA_1 pauA_2
[22:24:25] Fixed 2 duplicate /gene - trpD_1 trpD_2
[22:24:25] Fixed 3 duplicate /gene - ambA_1 ambA_2 ambA_3
[22:24:25] Fixed 3 duplicate /gene - mttC_1 mttC_2 mttC_3
[22:24:25] Fixed 2 duplicate /gene - arnC_1 arnC_2
[22:24:25] Fixed 2 duplicate /gene - fdnG_1 fdnG_2
[22:24:25] Fixed 2 duplicate /gene - rimJ_1 rimJ_2
[22:24:25] Fixed 2 duplicate /gene - prs_1 prs_2
[22:24:25] Fixed 2 duplicate /gene - sttH_1 sttH_2
[22:24:25] Fixed 2 duplicate /gene - hpcE_1 hpcE_2
[22:24:25] Fixed 2 duplicate /gene - ubiB_1 ubiB_2
[22:24:25] Fixed 2 duplicate /gene - umuC_1 umuC_2
[22:24:25] Fixed 2 duplicate /gene - htpX_1 htpX_2
[22:24:25] Fixed 2 duplicate /gene - aruH_1 aruH_2
[22:24:25] Fixed 2 duplicate /gene - rmlD_1 rmlD_2
[22:24:25] Fixed 5 duplicate /gene - vgrG1_1 vgrG1_2 vgrG1_3 vgrG1_4 vgrG1_5
[22:24:25] Fixed 2 duplicate /gene - phzF1_1 phzF1_2
[22:24:25] Fixed 4 duplicate /gene - COQ3_1 COQ3_2 COQ3_3 COQ3_4
[22:24:25] Fixed 2 duplicate /gene - czcA_1 czcA_2
[22:24:25] Fixed 2 duplicate /gene - yqjD_1 yqjD_2
[22:24:25] Fixed 2 duplicate /gene - ubiJ_1 ubiJ_2
[22:24:25] Fixed 2 duplicate /gene - spuB_1 spuB_2
[22:24:25] Fixed 2 duplicate /gene - intS_1 intS_2
[22:24:25] Fixed 2 duplicate /gene - ogt_1 ogt_2
[22:24:25] Fixed 2 duplicate /gene - pcoA_1 pcoA_2
[22:24:25] Fixed 2 duplicate /gene - cysM_1 cysM_2
[22:24:25] Fixed 2 duplicate /gene - inaA_1 inaA_2
[22:24:25] Fixed 4 duplicate /gene - glcD_1 glcD_2 glcD_3 glcD_4
[22:24:25] Fixed 2 duplicate /gene - traG_1 traG_2
[22:24:25] Fixed 2 duplicate /gene - maiA_1 maiA_2
[22:24:25] Fixed 2 duplicate /gene - chpA_1 chpA_2
[22:24:25] Fixed 2 duplicate /gene - hcp1_1 hcp1_2
[22:24:25] Fixed 2 duplicate /gene - adhC_1 adhC_2
[22:24:25] Fixed 2 duplicate /gene - smc_1 smc_2
[22:24:25] Fixed 3 duplicate /gene - lemA_1 lemA_2 lemA_3
[22:24:25] Fixed 2 duplicate /gene - amrZ_1 amrZ_2
[22:24:25] Fixed 2 duplicate /gene - aaeX_1 aaeX_2
[22:24:25] Fixed 2 duplicate /gene - waaP_1 waaP_2
[22:24:25] Fixed 3 duplicate /gene - rutB_1 rutB_2 rutB_3
[22:24:25] Fixed 2 duplicate /gene - arr_1 arr_2
[22:24:25] Fixed 2 duplicate /gene - arsH_1 arsH_2
[22:24:25] Fixed 2 duplicate /gene - soxR_1 soxR_2
[22:24:25] Fixed 2 duplicate /gene - fiuA_1 fiuA_2
[22:24:25] Fixed 2 duplicate /gene - virB4_1 virB4_2
[22:24:25] Fixed 2 duplicate /gene - pvdL_1 pvdL_2
[22:24:25] Fixed 2 duplicate /gene - prpB_1 prpB_2
[22:24:25] Fixed 2 duplicate /gene - tufB_1 tufB_2
[22:24:25] Fixed 2 duplicate /gene - ilvA2_1 ilvA2_2
[22:24:25] Fixed 2 duplicate /gene - aph_1 aph_2
[22:24:25] Fixed 3 duplicate /gene - opdT_1 opdT_2 opdT_3
[22:24:25] Fixed 2 duplicate /gene - lolE_1 lolE_2
[22:24:25] Fixed 2 duplicate /gene - copS_1 copS_2
[22:24:25] Fixed 2 duplicate /gene - pirA_1 pirA_2
[22:24:25] Fixed 3 duplicate /gene - merT_1 merT_2 merT_3
[22:24:25] Fixed 2 duplicate /gene - mdoB_1 mdoB_2
[22:24:25] Fixed 2 duplicate /gene - rlpA_1 rlpA_2
[22:24:25] Fixed 2 duplicate /gene - hpcD_1 hpcD_2
[22:24:25] Fixed 2 duplicate /gene - sufE_1 sufE_2
[22:24:25] Fixed 2 duplicate /gene - icmF1_1 icmF1_2
[22:24:25] Fixed 2 duplicate /gene - fpvB_1 fpvB_2
[22:24:25] Fixed 2 duplicate /gene - eptA_1 eptA_2
[22:24:25] Fixed 2 duplicate /gene - ybgC_1 ybgC_2
[22:24:25] Fixed 2 duplicate /gene - recF_1 recF_2
[22:24:25] Fixed 4 duplicate /gene - bepA_1 bepA_2 bepA_3 bepA_4
[22:24:25] Fixed 2 duplicate /gene - cpdA_1 cpdA_2
[22:24:25] Fixed 2 duplicate /gene - eamA_1 eamA_2
[22:24:25] Fixed 2 duplicate /gene - lhgD_1 lhgD_2
[22:24:25] Fixed 2 duplicate /gene - yeaD_1 yeaD_2
[22:24:25] Fixed 4 duplicate /gene - tauD_1 tauD_2 tauD_3 tauD_4
[22:24:25] Fixed 2 duplicate /gene - secD_1 secD_2
[22:24:25] Fixed 2 duplicate /gene - comM_1 comM_2
[22:24:25] Fixed 2 duplicate /gene - rhlB_1 rhlB_2
[22:24:25] Fixed 2 duplicate /gene - rep_1 rep_2
[22:24:25] Fixed 2 duplicate /gene - cpoB_1 cpoB_2
[22:24:25] Fixed 2 duplicate /gene - nadE_1 nadE_2
[22:24:25] Fixed 6 duplicate /gene - ssuA_1 ssuA_2 ssuA_3 ssuA_4 ssuA_5 ssuA_6
[22:24:25] Fixed 2 duplicate /gene - speA_1 speA_2
[22:24:25] Fixed 2 duplicate /gene - rmd_1 rmd_2
[22:24:25] Fixed 2 duplicate /gene - copR_1 copR_2
[22:24:25] Fixed 2 duplicate /gene - cobC_1 cobC_2
[22:24:25] Fixed 2 duplicate /gene - nadD_1 nadD_2
[22:24:25] Fixed 2 duplicate /gene - oprB_1 oprB_2
[22:24:25] Fixed 2 duplicate /gene - tolR_1 tolR_2
[22:24:25] Fixed 2 duplicate /gene - ftsN_1 ftsN_2
[22:24:25] Fixed 3 duplicate /gene - yjiK_1 yjiK_2 yjiK_3
[22:24:25] Fixed 2 duplicate /gene - dnaB_1 dnaB_2
[22:24:25] Fixed 2 duplicate /gene - cntI_1 cntI_2
[22:24:25] Fixed 2 duplicate /gene - pyrG_1 pyrG_2
[22:24:25] Fixed 2 duplicate /gene - arnB_1 arnB_2
[22:24:25] Fixed 2 duplicate /gene - ilvI_1 ilvI_2
[22:24:25] Fixed 2 duplicate /gene - dksA_1 dksA_2
[22:24:25] Fixed 3 duplicate /gene - tadA_1 tadA_2 tadA_3
[22:24:25] Fixed 2 duplicate /gene - dapA_1 dapA_2
[22:24:25] Fixed 3 duplicate /gene - amiC_1 amiC_2 amiC_3
[22:24:25] Fixed 2 duplicate /gene - pxpC_1 pxpC_2
[22:24:25] Fixed 2 duplicate /gene - uspE_1 uspE_2
[22:24:25] Fixed 2 duplicate /gene - lsrG_1 lsrG_2
[22:24:25] Fixed 3 duplicate /gene - mvaT_1 mvaT_2 mvaT_3
[22:24:25] Fixed 2 duplicate /gene - apaH_1 apaH_2
[22:24:25] Fixed 2 duplicate /gene - amiE_1 amiE_2
[22:24:25] Fixed 5 duplicate /gene - btuB_1 btuB_2 btuB_3 btuB_4 btuB_5
[22:24:25] Fixed 2 duplicate /gene - trmR_1 trmR_2
[22:24:25] Fixed 2 duplicate /gene - phaF_1 phaF_2
[22:24:25] Fixed 5 duplicate /gene - radC_1 radC_2 radC_3 radC_4 radC_5
[22:24:25] Fixed 4 duplicate /gene - yabJ_1 yabJ_2 yabJ_3 yabJ_4
[22:24:25] Fixed 2 duplicate /gene - ldhA_1 ldhA_2
[22:24:25] Fixed 2 duplicate /gene - lptA_1 lptA_2
[22:24:25] Fixed 2 duplicate /gene - folP_1 folP_2
[22:24:25] Fixed 2 duplicate /gene - nfdA_1 nfdA_2
[22:24:25] Fixed 2 duplicate /gene - pvdN_1 pvdN_2
[22:24:25] Fixed 2 duplicate /gene - rapA_1 rapA_2
[22:24:25] Fixed 2 duplicate /gene - ivy_1 ivy_2
[22:24:25] Fixed 3 duplicate /gene - speE_1 speE_2 speE_3
[22:24:25] Fixed 2 duplicate /gene - merP_1 merP_2
[22:24:25] Fixed 2 duplicate /gene - thiE_1 thiE_2
[22:24:25] Fixed 2 duplicate /gene - fgtA_1 fgtA_2
[22:24:25] Fixed 2 duplicate /gene - spuC_1 spuC_2
[22:24:25] Fixed 2 duplicate /gene - pcaC_1 pcaC_2
[22:24:25] Fixed 2 duplicate /gene - ftsH_1 ftsH_2
[22:24:25] Fixed 2 duplicate /gene - dmoA_1 dmoA_2
[22:24:25] Fixed 6 duplicate /gene - oprM_1 oprM_2 oprM_3 oprM_4 oprM_5 oprM_6
[22:24:25] Fixed 2 duplicate /gene - pmbA_1 pmbA_2
[22:24:25] Fixed 5 duplicate /gene - msuD_1 msuD_2 msuD_3 msuD_4 msuD_5
[22:24:25] Fixed 5 duplicate /gene - soj_1 soj_2 soj_3 soj_4 soj_5
[22:24:25] Fixed 2 duplicate /gene - uvrA_1 uvrA_2
[22:24:25] Fixed 2 duplicate /gene - mscS_1 mscS_2
[22:24:25] Fixed 2 duplicate /gene - arnT_1 arnT_2
[22:24:25] Fixed 4 duplicate /gene - pal_1 pal_2 pal_3 pal_4
[22:24:25] Fixed 2 duplicate /gene - hxuB_1 hxuB_2
[22:24:25] Fixed 2 duplicate /gene - rhtC_1 rhtC_2
[22:24:25] Fixed 2 duplicate /gene - phnE_1 phnE_2
[22:24:25] Fixed 3 duplicate /gene - lptF_1 lptF_2 lptF_3
[22:24:25] Fixed 2 duplicate /gene - yrdA_1 yrdA_2
[22:24:25] Fixed 7 duplicate /gene - tam_1 tam_2 tam_3 tam_4 tam_5 tam_6 tam_7
[22:24:25] Fixed 2 duplicate /gene - phnC_1 phnC_2
[22:24:25] Fixed 2 duplicate /gene - ant1_1 ant1_2
[22:24:25] Fixed 2 duplicate /gene - pqsD_1 pqsD_2
[22:24:25] Fixed 3 duplicate /gene - gbt_1 gbt_2 gbt_3
[22:24:25] Fixed 2 duplicate /gene - cmaX_1 cmaX_2
[22:24:25] Fixed 4 duplicate /gene - topA_1 topA_2 topA_3 topA_4
[22:24:25] Fixed 2 duplicate /gene - kdpB_1 kdpB_2
[22:24:25] Fixed 2 duplicate /gene - cifR_1 cifR_2
[22:24:25] Fixed 3 duplicate /gene - rtcB_1 rtcB_2 rtcB_3
[22:24:25] Fixed 2 duplicate /gene - aguB_1 aguB_2
[22:24:25] Fixed 2 duplicate /gene - ackA_1 ackA_2
[22:24:25] Fixed 2 duplicate /gene - yiiM_1 yiiM_2
[22:24:25] Fixed 174 colliding /gene names.
[22:24:25] Adding /locus_tag identifiers
[22:24:25] Assigned 6281 locus_tags to CDS and RNA features.
[22:24:25] Writing outputs to /home/alper/git/SR-AMR/example/example_output/prokka/A4O0PUJ2/
[22:24:27] Generating annotation statistics file
[22:24:27] Generating Genbank and Sequin files
[22:24:27] Running: tbl2asn -V b -a r10k -l paired-ends -M n -N 1 -y 'Annotated using prokka 1.14.6 from https://github.com/tseemann/prokka' -Z \/home\/alper\/git\/SR\-AMR\/example\/example_output\/prokka\/A4O0PUJ2\/PROKKA_01312024\.err -i \/home\/alper\/git\/SR\-AMR\/example\/example_output\/prokka\/A4O0PUJ2\/PROKKA_01312024\.fsa 2> /dev/null
[22:24:36] Deleting unwanted file: /home/alper/git/SR-AMR/example/example_output/prokka/A4O0PUJ2/errorsummary.val
[22:24:36] Deleting unwanted file: /home/alper/git/SR-AMR/example/example_output/prokka/A4O0PUJ2/PROKKA_01312024.dr
[22:24:36] Deleting unwanted file: /home/alper/git/SR-AMR/example/example_output/prokka/A4O0PUJ2/PROKKA_01312024.fixedproducts
[22:24:36] Deleting unwanted file: /home/alper/git/SR-AMR/example/example_output/prokka/A4O0PUJ2/PROKKA_01312024.ecn
[22:24:36] Deleting unwanted file: /home/alper/git/SR-AMR/example/example_output/prokka/A4O0PUJ2/PROKKA_01312024.val
[22:24:36] Repairing broken .GBK output that tbl2asn produces...
[22:24:36] Running: sed 's/COORDINATES: profile/COORDINATES:profile/' < \/home\/alper\/git\/SR\-AMR\/example\/example_output\/prokka\/A4O0PUJ2\/PROKKA_01312024\.gbf > \/home\/alper\/git\/SR\-AMR\/example\/example_output\/prokka\/A4O0PUJ2\/PROKKA_01312024\.gbk
[22:24:36] Deleting unwanted file: /home/alper/git/SR-AMR/example/example_output/prokka/A4O0PUJ2/PROKKA_01312024.gbf
[22:24:36] Output files:
[22:24:36] /home/alper/git/SR-AMR/example/example_output/prokka/A4O0PUJ2/PROKKA_01312024.err
[22:24:36] /home/alper/git/SR-AMR/example/example_output/prokka/A4O0PUJ2/PROKKA_01312024.faa
[22:24:36] /home/alper/git/SR-AMR/example/example_output/prokka/A4O0PUJ2/PROKKA_01312024.ffn
[22:24:36] /home/alper/git/SR-AMR/example/example_output/prokka/A4O0PUJ2/PROKKA_01312024.fna
[22:24:36] /home/alper/git/SR-AMR/example/example_output/prokka/A4O0PUJ2/PROKKA_01312024.fsa
[22:24:36] /home/alper/git/SR-AMR/example/example_output/prokka/A4O0PUJ2/PROKKA_01312024.gbk
[22:24:36] /home/alper/git/SR-AMR/example/example_output/prokka/A4O0PUJ2/PROKKA_01312024.gff
[22:24:36] /home/alper/git/SR-AMR/example/example_output/prokka/A4O0PUJ2/PROKKA_01312024.log
[22:24:36] /home/alper/git/SR-AMR/example/example_output/prokka/A4O0PUJ2/PROKKA_01312024.sqn
[22:24:36] /home/alper/git/SR-AMR/example/example_output/prokka/A4O0PUJ2/PROKKA_01312024.tbl
[22:24:36] /home/alper/git/SR-AMR/example/example_output/prokka/A4O0PUJ2/PROKKA_01312024.tsv
[22:24:36] /home/alper/git/SR-AMR/example/example_output/prokka/A4O0PUJ2/PROKKA_01312024.txt
[22:24:36] Annotation finished successfully.
[22:24:36] Walltime used: 2.43 minutes
[22:24:36] If you use this result please cite the Prokka paper:
[22:24:36] Seemann T (2014) Prokka: rapid prokaryotic genome annotation. Bioinformatics. 30(14):2068-9.
[22:24:36] Type 'prokka --citation' for more details.
[22:24:36] Thank you, come again.
