IQ-TREE multicore version 2.2.6 COVID-edition for Linux 64-bit built Dec  8 2023
Developed by Bui Quang Minh, James Barbetti, Nguyen Lam Tung,
Olga Chernomor, Heiko Schmidt, Dominik Schrempf, Michael Woodhams, Ly Trong Nhan.

Host:    alper_hp (AVX512, FMA3, 31 GB RAM)
Command: iqtree2 -s example_output/panacota/align_out/Phylo-WIBI/WIBI.nucl.grp.aln -T 12 -m GTR --seqtype DNA --prefix example_output/panacota/tree/WIBI.nucl.grp.aln.iqtree_tree --quiet
Seed:    353084 (Using SPRNG - Scalable Parallel Random Number Generator)
Time:    Tue Feb  6 01:17:55 2024
Kernel:  AVX+FMA - 12 threads (16 CPU cores detected)

Reading alignment file example_output/panacota/align_out/Phylo-WIBI/WIBI.nucl.grp.aln ... Fasta format detected
Reading fasta file: done in 0.323406 secs using 48.31% CPU
Alignment most likely contains DNA/RNA sequences
Constructing alignment: done in 6.66565 secs using 22.97% CPU
Alignment has 5 sequences with 4864830 columns, 731 distinct patterns
33326 parsimony-informative, 45546 singleton sites, 4785958 constant sites
                 Gap/Ambiguity  Composition  p-value
Analyzing sequences: done in 1.74e-05 secs
   1  WIBI.0224.00001    0.09%    passed     85.87%
   2  WIBI.0224.00002    0.08%    passed     76.56%
   3  WIBI.0224.00003    0.07%    passed     98.12%
   4  WIBI.0224.00004    0.10%    passed     66.79%
   5  WIBI.0224.00005    0.08%    passed     75.06%
****  TOTAL              0.09%  0 sequences failed composition chi2 test (p-value<5%; df=3)
NOTE: minimal branch length is reduced to 0.000000020556 for long alignment
Checking for duplicate sequences: done in 3.64e-05 secs

Create initial parsimony tree by phylogenetic likelihood library (PLL)... 0.002 seconds

NOTE: 0 MB RAM (0 GB) is required!
WARNING: Number of threads seems too high for short alignments. Use -T AUTO to determine best number of threads.
Estimate model parameters (epsilon = 0.100)
1. Initial log-likelihood: -7163359.079
2. Current log-likelihood: -7121664.865
3. Current log-likelihood: -7121663.036
4. Current log-likelihood: -7121662.463
5. Current log-likelihood: -7121662.058
6. Current log-likelihood: -7121661.723
7. Current log-likelihood: -7121661.436
8. Current log-likelihood: -7121661.176
9. Current log-likelihood: -7121660.943
10. Current log-likelihood: -7121660.723
11. Current log-likelihood: -7121660.521
12. Current log-likelihood: -7121660.325
13. Current log-likelihood: -7121660.142
14. Current log-likelihood: -7121659.962
15. Current log-likelihood: -7121659.791
16. Current log-likelihood: -7121659.622
17. Current log-likelihood: -7121659.461
18. Current log-likelihood: -7121659.299
19. Current log-likelihood: -7121659.146
20. Current log-likelihood: -7121658.992
21. Current log-likelihood: -7121658.844
22. Current log-likelihood: -7121658.696
23. Current log-likelihood: -7121658.555
24. Current log-likelihood: -7121658.412
25. Current log-likelihood: -7121658.276
26. Current log-likelihood: -7121658.138
27. Current log-likelihood: -7121658.006
28. Current log-likelihood: -7121657.874
29. Current log-likelihood: -7121657.747
30. Current log-likelihood: -7121657.618
31. Current log-likelihood: -7121657.496
32. Current log-likelihood: -7121657.372
33. Current log-likelihood: -7121657.253
34. Current log-likelihood: -7121657.133
35. Current log-likelihood: -7121657.019
36. Current log-likelihood: -7121656.902
37. Current log-likelihood: -7121656.792
38. Current log-likelihood: -7121656.679
39. Current log-likelihood: -7121656.572
40. Current log-likelihood: -7121656.463
41. Current log-likelihood: -7121656.359
42. Current log-likelihood: -7121656.253
43. Current log-likelihood: -7121656.152
44. Current log-likelihood: -7121656.050
Optimal log-likelihood: -7121655.952
Rate parameters:  A-C: 1.18833  A-G: 5.96390  A-T: 0.80331  C-G: 0.94444  C-T: 8.08676  G-T: 1.00000
Base frequencies:  A: 0.166  C: 0.350  G: 0.326  T: 0.158
Parameters optimization took 44 rounds (0.019 sec)
Wrote distance file to... 
Computing ML distances based on estimated model parameters...
Calculating distance matrix: done in 8.18e-05 secs
Computing ML distances took 0.000138 sec (of wall-clock time) 0.000000 sec (of CPU time)
Setting up auxiliary I and S matrices: done in 0.0035601 secs
Constructing RapidNJ tree: done in 0.0060915 secs
Computing RapidNJ tree took 0.009765 sec (of wall-clock time) 0.000000 sec (of CPU time)
Log-likelihood of RapidNJ tree: -7121655.952
--------------------------------------------------------------------
|             INITIALIZING CANDIDATE TREE SET                      |
--------------------------------------------------------------------
Generating 99 parsimony trees... 0.444 second
Computing log-likelihood of 4 initial trees ... 0.001 seconds
Current best score: -7121655.952

Do NNI search on 5 best initial trees
Optimizing NNI: done in 0.0004447 secs
UPDATE BEST LOG-LIKELIHOOD: -7121655.952
Optimizing NNI: done in 0.0010571 secs
Optimizing NNI: done in 0.0009967 secs using 3135% CPU
Optimizing NNI: done in 0.0012768 secs
Optimizing NNI: done in 0.0010862 secs
Finish initializing candidate tree set (5)
Current best tree score: -7121655.952 / CPU time: 0.451
Number of iterations: 5
--------------------------------------------------------------------
|               OPTIMIZING CANDIDATE TREE SET                      |
--------------------------------------------------------------------
Optimizing NNI: done in 0.0016617 secs
Optimizing NNI: done in 0.0016405 secs
Optimizing NNI: done in 0.0015419 secs
Optimizing NNI: done in 0.0011018 secs
Optimizing NNI: done in 0.0017397 secs
Iteration 10 / LogL: -7121659.081 / Time: 0h:0m:0s
Optimizing NNI: done in 0.0017911 secs
Optimizing NNI: done in 0.0010314 secs using 1515% CPU
Optimizing NNI: done in 0.0017643 secs using 885.6% CPU
Optimizing NNI: done in 0.0019693 secs using 5554% CPU
Optimizing NNI: done in 0.0010015 secs
Optimizing NNI: done in 0.001871 secs
Optimizing NNI: done in 0.000949 secs
Optimizing NNI: done in 0.0016973 secs
Optimizing NNI: done in 0.0017628 secs
Optimizing NNI: done in 0.0015422 secs
Iteration 20 / LogL: -7121655.953 / Time: 0h:0m:0s
Optimizing NNI: done in 0.0016928 secs
Optimizing NNI: done in 0.0009541 secs
Optimizing NNI: done in 0.0010844 secs using 1441% CPU
Optimizing NNI: done in 0.000933 secs
Optimizing NNI: done in 0.0013099 secs using 1193% CPU
Optimizing NNI: done in 0.0011363 secs
Optimizing NNI: done in 0.0011178 secs using 4194% CPU
Optimizing NNI: done in 0.0004178 secs
Optimizing NNI: done in 0.0015424 secs
Optimizing NNI: done in 0.001616 secs using 966.9% CPU
Iteration 30 / LogL: -7121655.960 / Time: 0h:0m:0s (0h:0m:1s left)
Optimizing NNI: done in 0.0016692 secs
Optimizing NNI: done in 0.0022156 secs
Optimizing NNI: done in 0.0009459 secs
Optimizing NNI: done in 0.0009085 secs
Optimizing NNI: done in 0.0015777 secs
Optimizing NNI: done in 0.0018118 secs
Optimizing NNI: done in 0.0017183 secs
Optimizing NNI: done in 0.0017606 secs
Optimizing NNI: done in 0.0018421 secs using 2545% CPU
Optimizing NNI: done in 0.0010835 secs
Iteration 40 / LogL: -7121659.139 / Time: 0h:0m:0s (0h:0m:0s left)
Optimizing NNI: done in 0.0009877 secs
Optimizing NNI: done in 0.001524 secs
Optimizing NNI: done in 0.0016838 secs
Optimizing NNI: done in 0.0015914 secs using 981.8% CPU
Optimizing NNI: done in 0.0004373 secs
Optimizing NNI: done in 0.0015911 secs
Optimizing NNI: done in 0.0019194 secs using 6512% CPU
Optimizing NNI: done in 0.0009828 secs
Optimizing NNI: done in 0.0016113 secs
Optimizing NNI: done in 0.0019257 secs
Iteration 50 / LogL: -7121655.953 / Time: 0h:0m:0s (0h:0m:0s left)
Optimizing NNI: done in 0.0017006 secs
Optimizing NNI: done in 0.0010993 secs
Optimizing NNI: done in 0.0016058 secs
Optimizing NNI: done in 0.0010843 secs
Optimizing NNI: done in 0.001733 secs
Optimizing NNI: done in 0.0011239 secs
Optimizing NNI: done in 0.0025076 secs
Optimizing NNI: done in 0.0008845 secs
Optimizing NNI: done in 0.0009606 secs
Optimizing NNI: done in 0.001805 secs
Iteration 60 / LogL: -7121659.081 / Time: 0h:0m:0s (0h:0m:0s left)
Optimizing NNI: done in 0.0011282 secs
Optimizing NNI: done in 0.0009212 secs
Optimizing NNI: done in 0.0016777 secs
Optimizing NNI: done in 0.001666 secs
Optimizing NNI: done in 0.0017566 secs using 889.5% CPU
Optimizing NNI: done in 0.0015892 secs
Optimizing NNI: done in 0.0008693 secs
Optimizing NNI: done in 0.0009416 secs
Optimizing NNI: done in 0.0023292 secs
Optimizing NNI: done in 0.0017536 secs using 2673% CPU
Iteration 70 / LogL: -7121655.960 / Time: 0h:0m:0s (0h:0m:0s left)
Optimizing NNI: done in 0.001746 secs
Optimizing NNI: done in 0.0015689 secs
Optimizing NNI: done in 0.0010014 secs
Optimizing NNI: done in 0.0016908 secs
Optimizing NNI: done in 0.0017034 secs
Optimizing NNI: done in 0.0012002 secs
Optimizing NNI: done in 0.0009906 secs
Optimizing NNI: done in 0.0009564 secs
Optimizing NNI: done in 0.0018342 secs
Optimizing NNI: done in 0.0012191 secs
Iteration 80 / LogL: -7121659.139 / Time: 0h:0m:0s (0h:0m:0s left)
Optimizing NNI: done in 0.0004411 secs
Optimizing NNI: done in 0.0008831 secs
Optimizing NNI: done in 0.0011482 secs
Optimizing NNI: done in 0.0009473 secs
Optimizing NNI: done in 0.0011104 secs
Optimizing NNI: done in 0.001603 secs
Optimizing NNI: done in 0.0017279 secs using 904.3% CPU
Optimizing NNI: done in 0.0017255 secs
Optimizing NNI: done in 0.0010132 secs
Optimizing NNI: done in 0.0010058 secs
Iteration 90 / LogL: -7121655.953 / Time: 0h:0m:0s (0h:0m:0s left)
Optimizing NNI: done in 0.0012329 secs
Optimizing NNI: done in 0.000926 secs
Optimizing NNI: done in 0.0010609 secs
Optimizing NNI: done in 0.0015212 secs
Optimizing NNI: done in 0.0016719 secs
Optimizing NNI: done in 0.0016743 secs
Optimizing NNI: done in 0.001736 secs using 900.1% CPU
Optimizing NNI: done in 0.0015918 secs
Optimizing NNI: done in 0.0016408 secs
Optimizing NNI: done in 0.00168 secs
Iteration 100 / LogL: -7121659.081 / Time: 0h:0m:0s (0h:0m:0s left)
Optimizing NNI: done in 0.0016941 secs using 7379% CPU
TREE SEARCH COMPLETED AFTER 101 ITERATIONS / Time: 0h:0m:0s

--------------------------------------------------------------------
|                    FINALIZING TREE SEARCH                        |
--------------------------------------------------------------------
Performs final model parameters optimization
Estimate model parameters (epsilon = 0.010)
1. Initial log-likelihood: -7121655.952
2. Current log-likelihood: -7121655.853
3. Current log-likelihood: -7121655.758
4. Current log-likelihood: -7121655.662
5. Current log-likelihood: -7121655.570
6. Current log-likelihood: -7121655.477
7. Current log-likelihood: -7121655.387
8. Current log-likelihood: -7121655.296
9. Current log-likelihood: -7121655.210
10. Current log-likelihood: -7121655.122
11. Current log-likelihood: -7121655.038
12. Current log-likelihood: -7121654.952
13. Current log-likelihood: -7121654.870
14. Current log-likelihood: -7121654.786
15. Current log-likelihood: -7121654.707
16. Current log-likelihood: -7121654.625
17. Current log-likelihood: -7121654.548
18. Current log-likelihood: -7121654.469
19. Current log-likelihood: -7121654.394
20. Current log-likelihood: -7121654.316
21. Current log-likelihood: -7121654.243
22. Current log-likelihood: -7121654.168
23. Current log-likelihood: -7121654.097
24. Current log-likelihood: -7121654.023
25. Current log-likelihood: -7121653.953
26. Current log-likelihood: -7121653.882
27. Current log-likelihood: -7121653.814
28. Current log-likelihood: -7121653.743
29. Current log-likelihood: -7121653.677
30. Current log-likelihood: -7121653.609
31. Current log-likelihood: -7121653.544
32. Current log-likelihood: -7121653.477
33. Current log-likelihood: -7121653.413
34. Current log-likelihood: -7121653.347
35. Current log-likelihood: -7121653.285
36. Current log-likelihood: -7121653.221
37. Current log-likelihood: -7121653.160
38. Current log-likelihood: -7121653.097
39. Current log-likelihood: -7121653.037
40. Current log-likelihood: -7121652.975
41. Current log-likelihood: -7121652.916
42. Current log-likelihood: -7121652.855
43. Current log-likelihood: -7121652.797
44. Current log-likelihood: -7121652.737
45. Current log-likelihood: -7121652.680
46. Current log-likelihood: -7121652.621
47. Current log-likelihood: -7121652.565
48. Current log-likelihood: -7121652.506
49. Current log-likelihood: -7121652.451
Optimal log-likelihood: -7121652.449
Rate parameters:  A-C: 1.21088  A-G: 6.08551  A-T: 0.81897  C-G: 0.97107  C-T: 8.25492  G-T: 1.00000
Base frequencies:  A: 0.166  C: 0.350  G: 0.326  T: 0.158
Parameters optimization took 49 rounds (0.017 sec)
BEST SCORE FOUND : -7121652.449
Total tree length: 0.019

Total number of iterations: 101
CPU time used for tree search: 3.984 sec (0h:0m:3s)
Wall-clock time used for tree search: 0.598 sec (0h:0m:0s)
Total CPU time used: 4.141 sec (0h:0m:4s)
Total wall-clock time used: 0.669 sec (0h:0m:0s)

Analysis results written to: 
  IQ-TREE report:                example_output/panacota/tree/WIBI.nucl.grp.aln.iqtree_tree.iqtree
  Maximum-likelihood tree:       example_output/panacota/tree/WIBI.nucl.grp.aln.iqtree_tree.treefile
  Likelihood distances:          example_output/panacota/tree/WIBI.nucl.grp.aln.iqtree_tree.mldist
  Screen log file:               example_output/panacota/tree/WIBI.nucl.grp.aln.iqtree_tree.log

Date and Time: Tue Feb  6 01:18:03 2024
