[18:15:13] This is prokka 1.14.6
[18:15:13] Written by Torsten Seemann <torsten.seemann@gmail.com>
[18:15:13] Homepage is https://github.com/tseemann/prokka
[18:15:13] Local time is Mon Feb  5 18:15:13 2024
[18:15:13] You are alper
[18:15:13] Operating system is linux
[18:15:13] You have BioPerl 1.7.8
[18:15:13] System has 16 cores.
[18:15:13] Will use maximum of 12 cores.
[18:15:13] Annotating as >>> Bacteria <<<
[18:15:13] Generating locus_tag from 'example/example_files/amikacin/Resistant/287.871.fna' contents.
[18:15:13] Setting --locustag GCDEOBMB from MD5 0cde8b6b95141b1ff2a56b4d0f09e044
[18:15:13] Creating new output folder: example_output/prokka/8CESK0LV
[18:15:13] Running: mkdir -p example_output\/prokka\/8CESK0LV
[18:15:13] Using filename prefix: PROKKA_02052024.XXX
[18:15:13] Setting HMMER_NCPU=1
[18:15:13] Writing log to: example_output/prokka/8CESK0LV/PROKKA_02052024.log
[18:15:13] Command: /home/alper/miniconda3/envs/sr/bin/prokka --cpus 12 --outdir example_output/prokka/8CESK0LV --proteins example/reference.gbff --force example/example_files/amikacin/Resistant/287.871.fna
[18:15:13] Appending to PATH: /home/alper/miniconda3/envs/sr/bin
[18:15:13] Looking for 'aragorn' - found /home/alper/miniconda3/envs/sr/bin/aragorn
[18:15:13] Determined aragorn version is 001002 from 'ARAGORN v1.2.41 Dean Laslett'
[18:15:13] Looking for 'barrnap' - found /home/alper/miniconda3/envs/sr/bin/barrnap
[18:15:14] Determined barrnap version is 000009 from 'barrnap 0.9'
[18:15:14] Looking for 'blastp' - found /home/alper/miniconda3/envs/sr/bin/blastp
[18:15:14] Determined blastp version is 002015 from 'blastp: 2.15.0+'
[18:15:14] Looking for 'cmpress' - found /home/alper/miniconda3/envs/sr/bin/cmpress
[18:15:14] Determined cmpress version is 001001 from '# INFERNAL 1.1.4 (Dec 2020)'
[18:15:14] Looking for 'cmscan' - found /home/alper/miniconda3/envs/sr/bin/cmscan
[18:15:14] Determined cmscan version is 001001 from '# INFERNAL 1.1.4 (Dec 2020)'
[18:15:14] Looking for 'egrep' - found /usr/bin/egrep
[18:15:14] Looking for 'find' - found /usr/bin/find
[18:15:14] Looking for 'grep' - found /usr/bin/grep
[18:15:14] Looking for 'hmmpress' - found /home/alper/miniconda3/envs/sr/bin/hmmpress
[18:15:14] Determined hmmpress version is 003003 from '# HMMER 3.3.2 (Nov 2020); http://hmmer.org/'
[18:15:14] Looking for 'hmmscan' - found /home/alper/miniconda3/envs/sr/bin/hmmscan
[18:15:14] Determined hmmscan version is 003003 from '# HMMER 3.3.2 (Nov 2020); http://hmmer.org/'
[18:15:14] Looking for 'java' - found /home/alper/miniconda3/envs/sr/bin/java
[18:15:14] Looking for 'makeblastdb' - found /home/alper/miniconda3/envs/sr/bin/makeblastdb
[18:15:14] Determined makeblastdb version is 002015 from 'makeblastdb: 2.15.0+'
[18:15:14] Looking for 'minced' - found /home/alper/miniconda3/envs/sr/bin/minced
[18:15:14] Determined minced version is 004002 from 'minced 0.4.2'
[18:15:14] Looking for 'parallel' - found /home/alper/miniconda3/envs/sr/bin/parallel
[18:15:14] Determined parallel version is 20240122 from 'GNU parallel 20240122'
[18:15:14] Looking for 'prodigal' - found /home/alper/miniconda3/envs/sr/bin/prodigal
[18:15:14] Determined prodigal version is 002006 from 'Prodigal V2.6.3: February, 2016'
[18:15:14] Looking for 'prokka-genbank_to_fasta_db' - found /home/alper/miniconda3/envs/sr/bin/prokka-genbank_to_fasta_db
[18:15:14] Looking for 'sed' - found /usr/bin/sed
[18:15:14] Looking for 'tbl2asn' - found /home/alper/miniconda3/envs/sr/bin/tbl2asn
[18:15:14] Determined tbl2asn version is 025007 from 'tbl2asn 25.7   arguments:'
[18:15:14] Using genetic code table 11.
[18:15:14] Loading and checking input file: example/example_files/amikacin/Resistant/287.871.fna
[18:15:14] Wrote 123 contigs totalling 6898282 bp.
[18:15:14] Predicting tRNAs and tmRNAs
[18:15:14] Running: aragorn -l -gc11  -w example_output\/prokka\/8CESK0LV\/PROKKA_02052024\.fna
[18:15:17] 1 tRNA-Glu [4521,4596] 35 (ttc)
[18:15:17] 2 tRNA-Gly [4599,4674] 34 (gcc)
[18:15:17] 3 tRNA-Gly [4759,4834] 34 (gcc)
[18:15:17] 4 tRNA-Val [173694,173770] 35 (gac)
[18:15:17] 5 tRNA-Pro [207539,207615] 35 (ggg)
[18:15:17] 1 tRNA-Gly [95303,95376] 33 (ccc)
[18:15:17] 2 tRNA-Ser c[171801,171896] 35 (cga)
[18:15:17] 1 tRNA-Thr c[230254,230329] 34 (cgt)
[18:15:17] 1 tRNA-Leu [334880,334966] 35 (caa)
[18:15:17] 2 tRNA-Arg c[437098,437187] 38 (tct)
[18:15:17] 1 tRNA-Ser [51055,51144] 35 (cga)
[18:15:17] 1 tRNA-Lys c[3767,3842] 34 (ttt)
[18:15:17] 2 tRNA-Met [56420,56496] 35 (cat)
[18:15:17] 3 tRNA-Arg c[72480,72556] 35 (acg)
[18:15:17] 4 tRNA-Arg c[72668,72744] 35 (acg)
[18:15:17] 5 tRNA-Ser c[72862,72952] 35 (gct)
[18:15:17] 6 tmRNA [162241,162593] 95,127 ANDDNYALAA*
[18:15:17] 1 tRNA-Ser c[84533,84622] 35 (gga)
[18:15:17] 2 tRNA-Ala [94714,94804] 35 (tgc)
[18:15:17] 1 tRNA-Cys [4577,4650] 33 (gca)
[18:15:17] 2 tRNA-Leu [17202,17288] 35 (taa)
[18:15:17] 1 tRNA-Arg [119284,119358] 34 (cct)
[18:15:17] 1 tRNA-Lys c[60914,60989] 34 (ttt)
[18:15:17] 2 tRNA-Pro c[61000,61076] 35 (tgg)
[18:15:17] 3 tRNA-Asn c[61086,61161] 34 (gtt)
[18:15:17] 4 tRNA-Arg [105069,105142] 35 (acg)
[18:15:17] 1 tRNA-Asn c[158108,158183] 34 (gtt)
[18:15:17] 2 tRNA-Ala [166982,167057] 34 (ggc)
[18:15:17] 3 tRNA-Glu [167106,167181] 35 (ttc)
[18:15:17] 4 tRNA-Ala [167275,167350] 34 (ggc)
[18:15:17] 5 tRNA-Glu [167397,167472] 35 (ttc)
[18:15:17] 1 tRNA-Cys [97702,97800] 37 (gca)
[18:15:17] 2 tRNA-Arg [120110,120186] 35 (tct)
[18:15:17] 3 tRNA-His [120238,120313] 34 (gtg)
[18:15:17] 4 tRNA-Leu [120368,120452] 35 (tag)
[18:15:17] 5 tRNA-Gly [151473,151548] 34 (tcc)
[18:15:17] 6 tRNA-Asn [151561,151635] 33 (gtt)
[18:15:17] 7 tRNA-Thr [151640,151715] 34 (tgt)
[18:15:17] 8 tRNA-His [181138,181213] 34 (gtg)
[18:15:17] 9 tRNA-Asp [192491,192567] 35 (gtc)
[18:15:17] 1 tRNA-Trp c[18807,18904] 38 (cca)
[18:15:17] 1 tRNA-Met c[21962,22038] 35 (cat)
[18:15:17] 2 tRNA-Gln c[25712,25786] 33 (ttg)
[18:15:17] 1 tRNA-Ser [23287,23376] 31 (act)
[18:15:17] 1 tRNA-Leu [30184,30270] 35 (cag)
[18:15:17] 2 tRNA-Leu [30400,30486] 35 (cag)
[18:15:17] 3 tRNA-Phe [287124,287199] 34 (gaa)
[18:15:17] 4 tRNA-Thr [298529,298604] 34 (tgt)
[18:15:17] 1 tRNA-Arg [32058,32134] 35 (ccg)
[18:15:17] 1 tRNA-Ala [30109,30203] 34 (cgc)
[18:15:17] 1 tRNA-Ser [54175,54265] 32 (act)
[18:15:18] 1 tRNA-Trp [51273,51366] 34 (cca)
[18:15:18] 2 tRNA-Pro [53230,53306] 35 (cgg)
[18:15:18] 1 tRNA-Val [15269,15344] 34 (tac)
[18:15:18] 2 tRNA-Asp [15361,15437] 35 (gtc)
[18:15:18] 3 tRNA-Asp [15552,15628] 35 (gtc)
[18:15:18] 1 tRNA-Trp c[15219,15294] 34 (cca)
[18:15:18] 1 tRNA-Ala c[3137,3212] 34 (tgc)
[18:15:18] 2 tRNA-Ile c[3241,3317] 35 (gat)
[18:15:18] 1 tRNA-Met [80176,80252] 35 (cat)
[18:15:18] 1 tRNA-Met c[23177,23253] 35 (cat)
[18:15:18] 2 tRNA-Leu c[23344,23429] 35 (gag)
[18:15:18] 1 tRNA-Ser [1018,1107] 35 (tga)
[18:15:18] 1 tRNA-Ser [4152,4227] 35 (gct)
[18:15:18] 1 tRNA-SeC c[4095,4190] 35 (tca)
[18:15:18] 1 tRNA-Thr c[135,210] 34 (ggt)
[18:15:18] 2 tRNA-Gly c[230,303] 33 (tcc)
[18:15:18] 3 tRNA-Tyr c[330,414] 35 (gta)
[18:15:18] 1 tRNA-Gly [6955,7030] 34 (gcc)
[18:15:18] Found 69 tRNAs
[18:15:18] Predicting Ribosomal RNAs
[18:15:18] Running Barrnap with 12 threads
[18:15:19] 1 JTMZ01000046 77935 5S ribosomal RNA
[18:15:19] 2 JTMZ01000061 22 23S ribosomal RNA
[18:15:19] 3 JTMZ01000061 3383 16S ribosomal RNA
[18:15:19] 4 JTMZ01000062 60853 5S ribosomal RNA (partial)
[18:15:19] Found 4 rRNAs
[18:15:19] Skipping ncRNA search, enable with --rfam if desired.
[18:15:19] Total of 72 tRNA + rRNA features
[18:15:19] Searching for CRISPR repeats
[18:15:20] Found 0 CRISPRs
[18:15:20] Predicting coding sequences
[18:15:20] Contigs total 6898282 bp, so using single mode
[18:15:20] Running: prodigal -i example_output\/prokka\/8CESK0LV\/PROKKA_02052024\.fna -c -m -g 11 -p single -f sco -q
[18:15:24] Excluding CDS which overlaps existing RNA (tRNA) at JTMZ01000003:171550..174177 on + strand
[18:15:24] Excluding CDS which overlaps existing RNA (tRNA) at JTMZ01000008:436957..438252 on - strand
[18:15:24] Excluding CDS which overlaps existing RNA (tRNA) at JTMZ01000013:94344..95198 on - strand
[18:15:25] Excluding CDS which overlaps existing RNA (tRNA) at JTMZ01000027:95836..98562 on - strand
[18:15:25] Excluding CDS which overlaps existing RNA (tRNA) at JTMZ01000028:18240..19259 on + strand
[18:15:25] Excluding CDS which overlaps existing RNA (tRNA) at JTMZ01000035:22944..26789 on + strand
[18:15:26] Excluding CDS which overlaps existing RNA (tRNA) at JTMZ01000040:28979..30745 on - strand
[18:15:26] Excluding CDS which overlaps existing RNA (tRNA) at JTMZ01000046:53485..54894 on + strand
[18:15:26] Excluding CDS which overlaps existing RNA (tRNA) at JTMZ01000048:50307..51524 on - strand
[18:15:26] Excluding CDS which overlaps existing RNA (tRNA) at JTMZ01000085:3379..4380 on - strand
[18:15:26] Found 6394 CDS
[18:15:26] Connecting features back to sequences
[18:15:26] Not using genus-specific database. Try --usegenus to enable it.
[18:15:26] Preparing user-supplied primary BLAST annotation source: example/reference.gbff
[18:15:26] Guessed source was in genbank format.
[18:15:26] Converting genbank 'example/reference.gbff' into Prokka FASTA 'example_output/prokka/8CESK0LV/proteins.faa'
[18:15:26] Running: prokka-genbank_to_fasta_db --format genbank example\/reference\.gbff > example_output\/prokka\/8CESK0LV\/proteins\.faa 2> /dev/null
[18:15:32] Running: makeblastdb -dbtype prot -in example_output\/prokka\/8CESK0LV\/proteins\.faa -out example_output\/prokka\/8CESK0LV\/proteins -logfile /dev/null
[18:15:32] Using /inference source as 'reference.gbff'
[18:15:32] Annotating CDS, please be patient.
[18:15:32] Will use 12 CPUs for similarity searching.
[18:15:33] There are still 6394 unannotated CDS left (started with 6394)
[18:15:33] Will use blast to search against example_output/prokka/8CESK0LV/proteins with 12 CPUs
[18:15:33] Running: cat example_output\/prokka\/8CESK0LV\/PROKKA_02052024\.proteins\.tmp\.11163\.faa | parallel --gnu --plain -j 12 --block 86095 --recstart '>' --pipe blastp -query - -db example_output/prokka/8CESK0LV/proteins -evalue 1e-09 -qcov_hsp_perc 80 -num_threads 1 -num_descriptions 1 -num_alignments 1 -seg no > example_output\/prokka\/8CESK0LV\/PROKKA_02052024\.proteins\.tmp\.11163\.blast 2> /dev/null
[18:15:49] Deleting unwanted file: example_output/prokka/8CESK0LV/PROKKA_02052024.proteins.tmp.11163.faa
[18:15:49] Deleting unwanted file: example_output/prokka/8CESK0LV/PROKKA_02052024.proteins.tmp.11163.blast
[18:15:50] There are still 2887 unannotated CDS left (started with 6394)
[18:15:50] Will use blast to search against /home/alper/miniconda3/envs/sr/db/kingdom/Bacteria/IS with 12 CPUs
[18:15:50] Running: cat example_output\/prokka\/8CESK0LV\/PROKKA_02052024\.IS\.tmp\.11163\.faa | parallel --gnu --plain -j 12 --block 31522 --recstart '>' --pipe blastp -query - -db /home/alper/miniconda3/envs/sr/db/kingdom/Bacteria/IS -evalue 1e-30 -qcov_hsp_perc 90 -num_threads 1 -num_descriptions 1 -num_alignments 1 -seg no > example_output\/prokka\/8CESK0LV\/PROKKA_02052024\.IS\.tmp\.11163\.blast 2> /dev/null
[18:15:57] Deleting unwanted file: example_output/prokka/8CESK0LV/PROKKA_02052024.IS.tmp.11163.faa
[18:15:57] Deleting unwanted file: example_output/prokka/8CESK0LV/PROKKA_02052024.IS.tmp.11163.blast
[18:15:57] There are still 2855 unannotated CDS left (started with 6394)
[18:15:57] Will use blast to search against /home/alper/miniconda3/envs/sr/db/kingdom/Bacteria/AMR with 12 CPUs
[18:15:57] Running: cat example_output\/prokka\/8CESK0LV\/PROKKA_02052024\.AMR\.tmp\.11163\.faa | parallel --gnu --plain -j 12 --block 31093 --recstart '>' --pipe blastp -query - -db /home/alper/miniconda3/envs/sr/db/kingdom/Bacteria/AMR -evalue 1e-300 -qcov_hsp_perc 90 -num_threads 1 -num_descriptions 1 -num_alignments 1 -seg no > example_output\/prokka\/8CESK0LV\/PROKKA_02052024\.AMR\.tmp\.11163\.blast 2> /dev/null
[18:16:03] Deleting unwanted file: example_output/prokka/8CESK0LV/PROKKA_02052024.AMR.tmp.11163.faa
[18:16:03] Deleting unwanted file: example_output/prokka/8CESK0LV/PROKKA_02052024.AMR.tmp.11163.blast
[18:16:03] There are still 2855 unannotated CDS left (started with 6394)
[18:16:03] Will use blast to search against /home/alper/miniconda3/envs/sr/db/kingdom/Bacteria/sprot with 12 CPUs
[18:16:03] Running: cat example_output\/prokka\/8CESK0LV\/PROKKA_02052024\.sprot\.tmp\.11163\.faa | parallel --gnu --plain -j 12 --block 31093 --recstart '>' --pipe blastp -query - -db /home/alper/miniconda3/envs/sr/db/kingdom/Bacteria/sprot -evalue 1e-09 -qcov_hsp_perc 80 -num_threads 1 -num_descriptions 1 -num_alignments 1 -seg no > example_output\/prokka\/8CESK0LV\/PROKKA_02052024\.sprot\.tmp\.11163\.blast 2> /dev/null
[18:16:25] Modify product: Uncharacterized protein YqjD => putative protein YqjD
[18:16:25] Modify product: UPF0761 membrane protein YihY => hypothetical protein
[18:16:25] Modify product: Probable TonB-dependent receptor NMB0964 => putative TonB-dependent receptor
[18:16:25] Modify product: Uncharacterized protein Rv0887c => putative protein
[18:16:25] Modify product: Probable lipid II flippase MurJ => putative lipid II flippase MurJ
[18:16:25] Modify product: UPF0276 protein CCNA_03364 => hypothetical protein
[18:16:25] Modify product: UPF0060 membrane protein YnfA => hypothetical protein
[18:16:25] Modify product: Probable phosphatase Rv3661 => putative phosphatase
[18:16:25] Modify product: Probable lipoprotein YiaD => putative lipoprotein YiaD
[18:16:25] Modify product: Probable metallo-hydrolase BURPS1710b_2304 => putative metallo-hydrolase
[18:16:25] Modify product: Probable L,D-transpeptidase YbiS => putative L,D-transpeptidase YbiS
[18:16:25] Modify product: UPF0073 inner membrane protein YqfA => hypothetical protein
[18:16:25] Modify product: DNA-binding protein VF_0530 => DNA-binding protein
[18:16:25] Modify product: Uncharacterized NTE family protein Rv1063c => putative NTE family protein
[18:16:25] Modify product: Uncharacterized HTH-type transcriptional regulator Rv3095 => putative HTH-type transcriptional regulator
[18:16:25] Modify product: UPF0153 protein YeiW => hypothetical protein
[18:16:25] Modify product: UPF0167 protein Rv2295 => hypothetical protein
[18:16:25] Modify product: Probable amino-acid metabolite efflux pump => putative amino-acid metabolite efflux pump
[18:16:25] Modify product: UPF0126 inner membrane protein YicG => hypothetical protein
[18:16:25] Modify product: UPF0225 protein YchJ => hypothetical protein
[18:16:25] Modify product: UPF0758 protein => hypothetical protein
[18:16:25] Modify product: Uncharacterized protein YnbC => putative protein YnbC
[18:16:25] Modify product: Uncharacterized protein YnbD => putative protein YnbD
[18:16:25] Modify product: Uncharacterized protein YyaP => putative protein YyaP
[18:16:25] Modify product: UPF0270 protein PA3463 => hypothetical protein
[18:16:25] Modify product: UPF0502 protein PSPTO_2686 => hypothetical protein
[18:16:25] Modify product: Uncharacterized protein PA3922 => putative protein
[18:16:25] Modify product: Probable amino-acid metabolite efflux pump => putative amino-acid metabolite efflux pump
[18:16:25] Modify product: STAS-domain containing protein PA14_20770 => STAS-domain containing protein
[18:16:25] Modify product: Uncharacterized PhzA/B-like protein PA3332 => putative PhzA/B-like protein
[18:16:25] Modify product: Putative universal stress protein SA1532 => Putative universal stress protein
[18:16:25] Modify product: Uncharacterized protein Rv1708 => putative protein
[18:16:25] Modify product: Protease HtpX homolog => Protease HtpX 
[18:16:25] Modify product: Uncharacterized methyltransferase Rv3342 => putative methyltransferase
[18:16:25] Modify product: Uncharacterized protein HI_0933 => putative protein
[18:16:25] Modify product: Probable [Fe-S]-dependent transcriptional repressor => putative [Fe-S]-dependent transcriptional repressor
[18:16:25] Modify product: GTP cyclohydrolase 1 type 2 homolog => GTP cyclohydrolase 1 type 2 
[18:16:25] Modify product: UPF0307 protein PSPTO_4464 => hypothetical protein
[18:16:25] Modify product: Uncharacterized protein YjiK => putative protein YjiK
[18:16:25] Modify product: Uncharacterized protein PA14_02130 => putative protein
[18:16:25] Modify product: Purine-binding protein BAB2_0673 => Purine-binding protein
[18:16:25] Modify product: Ribonuclease TTHA0252 => Ribonuclease
[18:16:25] Modify product: UPF0394 inner membrane protein YedE => hypothetical protein
[18:16:25] Modify product: Uncharacterized protein M6_Spy0233 => putative protein
[18:16:25] Modify product: Uncharacterized protein YaeQ => putative protein YaeQ
[18:16:25] Modify product: Phage shock protein A homolog => Phage shock protein A 
[18:16:25] Modify product: UPF0053 inner membrane protein YfjD => hypothetical protein
[18:16:25] Modify product: GTP cyclohydrolase 1 type 2 homolog => GTP cyclohydrolase 1 type 2 
[18:16:25] Modify product: UPF0070 protein HI_0370 => hypothetical protein
[18:16:25] Modify product: Probable fatty acid methyltransferase Rv3720 => putative fatty acid methyltransferase
[18:16:25] Modify product: Probable protein kinase UbiB => putative protein kinase UbiB
[18:16:25] Modify product: Ribonuclease TTHA0252 => Ribonuclease
[18:16:25] Modify product: Uncharacterized Nudix hydrolase YfcD => putative Nudix hydrolase YfcD
[18:16:25] Modify product: Uncharacterized protein YbiI => putative protein YbiI
[18:16:25] Modify product: UPF0301 protein AlgH => hypothetical protein
[18:16:25] Modify product: UPF0235 protein YggU => hypothetical protein
[18:16:25] Modify product: Uncharacterized HTH-type transcriptional regulator Rv3095 => putative HTH-type transcriptional regulator
[18:16:25] Modify product: Uncharacterized protein PA0049 => putative protein
[18:16:25] Modify product: Putative lipoprotein NMB1124/NMB1162 => Putative lipoprotein/NMB1162
[18:16:25] Modify product: Putative lipoprotein NMB1126/NMB1164 => Putative lipoprotein/NMB1164
[18:16:25] Modify product: Uncharacterized protein YciO => putative protein YciO
[18:16:25] Modify product: Uncharacterized methyltransferase YcgJ => putative methyltransferase YcgJ
[18:16:25] Modify product: Uncharacterized protein Rv2411c => putative protein
[18:16:25] Modify product: Uncharacterized protein Rv2569c => putative protein
[18:16:25] Modify product: Probable transcriptional regulatory protein pdtaR => putative transcriptional regulatory protein pdtaR
[18:16:25] Modify product: Probable membrane transporter protein YfcA => putative membrane transporter protein YfcA
[18:16:25] Modify product: Uncharacterized protein HI_0341 => putative protein
[18:16:25] Modify product: Uncharacterized HTH-type transcriptional regulator Rv3095 => putative HTH-type transcriptional regulator
[18:16:25] Modify product: Cyclic diguanosine monophosphate-binding protein PA4608 => Cyclic diguanosine monophosphate-binding protein
[18:16:25] Modify product: Uncharacterized MFS-type transporter YhhS => putative MFS-type transporter YhhS
[18:16:25] Modify product: Uncharacterized protein YjiK => putative protein YjiK
[18:16:25] Modify product: Uncharacterized protein Rv2895c => putative protein
[18:16:25] Modify product: Uncharacterized protein PA3922 => putative protein
[18:16:25] Modify product: UPF0382 membrane protein YwdK => hypothetical protein
[18:16:25] Modify product: Uncharacterized membrane protein NMB1645 => putative membrane protein
[18:16:25] Modify product: NADH dehydrogenase-like protein Rv1812c => NADH dehydrogenase-like protein
[18:16:25] Modify product: UPF0053 inner membrane protein YgdQ => hypothetical protein
[18:16:25] Modify product: Uncharacterized protein YbdM => putative protein YbdM
[18:16:25] Modify product: Putative hydro-lyase PSPTO_5379 => Putative hydro-lyase
[18:16:25] Modify product: UPF0053 inner membrane protein YgdQ => hypothetical protein
[18:16:25] Modify product: UPF0178 protein YaiI => hypothetical protein
[18:16:25] Modify product: UPF0111 protein HI_1603 => hypothetical protein
[18:16:25] Modify product: UPF0701 protein HI_0467 => hypothetical protein
[18:16:25] Modify product: Probable quorum-quenching lactonase YtnP => putative quorum-quenching lactonase YtnP
[18:16:25] Modify product: Universal stress protein A homolog 2 => Universal stress protein A 
[18:16:25] Modify product: Uncharacterized protein YcbX => putative protein YcbX
[18:16:25] Modify product: Uncharacterized protein YqjD => putative protein YqjD
[18:16:25] Modify product: Uncharacterized protein HI_0341 => putative protein
[18:16:25] Modify product: Uncharacterized protein YybH => putative protein YybH
[18:16:26] Modify product: UPF0053 inner membrane protein YoaE => hypothetical protein
[18:16:26] Modify product: Uncharacterized isomerase YddE => putative isomerase YddE
[18:16:26] Modify product: Uncharacterized HTH-type transcriptional regulator Rv3095 => putative HTH-type transcriptional regulator
[18:16:26] Modify product: Probable FMNH2-dependent monooxygenase SfnC => putative FMNH2-dependent monooxygenase SfnC
[18:16:26] Modify product: Acetyltransferase PA3944 => Acetyltransferase
[18:16:26] Modify product: Acetyltransferase PA3944 => Acetyltransferase
[18:16:26] Modify product: Putative esterase HI_1161 => Putative esterase
[18:16:26] Modify product: Epimerase family protein SA0724 => Epimerase family protein
[18:16:26] Modify product: Probable xanthine dehydrogenase subunit A => putative xanthine dehydrogenase subunit A
[18:16:26] Modify product: Probable Fe(2+)-trafficking protein => putative Fe(2+)-trafficking protein
[18:16:26] Modify product: Uncharacterized oxidoreductase YdgJ => putative oxidoreductase YdgJ
[18:16:26] Modify product: UPF0056 inner membrane protein YhgN => hypothetical protein
[18:16:26] Modify product: Probable cyclic di-GMP phosphodiesterase PdeB => putative cyclic di-GMP phosphodiesterase PdeB
[18:16:26] Modify product: Uncharacterized protein PA3922 => putative protein
[18:16:26] Modify product: Uncharacterized protein PA3922 => putative protein
[18:16:26] Modify product: UPF0434 protein PFL_1779 => hypothetical protein
[18:16:26] Modify product: Uncharacterized protein PA14_33160 => putative protein
[18:16:26] Modify product: Uncharacterized protein Rv2004c => putative protein
[18:16:26] Modify product: Uncharacterized protein YqcC => putative protein YqcC
[18:16:26] Modify product: Stress response UPF0229 protein YhbH => hypothetical protein
[18:16:26] Modify product: Uncharacterized protein YqeY => putative protein YqeY
[18:16:26] Modify product: UPF0337 protein PA4738 => hypothetical protein
[18:16:26] Modify product: RNA-binding protein HI_1333 => RNA-binding protein
[18:16:26] Modify product: UPF0125 protein HI_0395 => hypothetical protein
[18:16:26] Modify product: Probable amino-acid metabolite efflux pump => putative amino-acid metabolite efflux pump
[18:16:26] Modify product: Uncharacterized inner membrane transporter YedA => putative inner membrane transporter YedA
[18:16:26] Modify product: Uncharacterized protein Rv2277c => putative protein
[18:16:26] Modify product: UPF0250 protein YbeD => hypothetical protein
[18:16:26] Modify product: Probable enoyl-CoA hydratase 1 => putative enoyl-CoA hydratase 1
[18:16:26] Modify product: Uncharacterized protein PA3922 => putative protein
[18:16:26] Modify product: UPF0324 inner membrane protein YeiH => hypothetical protein
[18:16:26] Modify product: UPF0053 inner membrane protein YgdQ => hypothetical protein
[18:16:26] Modify product: Probable phosphatase Rv3661 => putative phosphatase
[18:16:26] Modify product: UPF0339 protein YegP => hypothetical protein
[18:16:26] Modify product: Uncharacterized protein YjiK => putative protein YjiK
[18:16:26] Modify product: Uncharacterized protein YjiK => putative protein YjiK
[18:16:26] Modify product: Uncharacterized protein YcgM => putative protein YcgM
[18:16:26] Modify product: Uncharacterized protein Rv2569c => putative protein
[18:16:26] Modify product: Uncharacterized protein Rv2567 => putative protein
[18:16:26] Modify product: Probable FAD-dependent oxidoreductase PA4991 => putative FAD-dependent oxidoreductase
[18:16:26] Modify product: Uncharacterized protein YibN => putative protein YibN
[18:16:26] Modify product: Probable DNA endonuclease SmrA => putative DNA endonuclease SmrA
[18:16:26] Cleaned 131 /product names
[18:16:26] Deleting unwanted file: example_output/prokka/8CESK0LV/PROKKA_02052024.sprot.tmp.11163.faa
[18:16:26] Deleting unwanted file: example_output/prokka/8CESK0LV/PROKKA_02052024.sprot.tmp.11163.blast
[18:16:26] There are still 2372 unannotated CDS left (started with 6394)
[18:16:26] Will use hmmer3 to search against /home/alper/miniconda3/envs/sr/db/hmm/HAMAP.hmm with 12 CPUs
[18:16:26] Running: cat example_output\/prokka\/8CESK0LV\/PROKKA_02052024\.HAMAP\.hmm\.tmp\.11163\.faa | parallel --gnu --plain -j 12 --block 25273 --recstart '>' --pipe hmmscan --noali --notextw --acc -E 1e-09 --cpu 1 /home/alper/miniconda3/envs/sr/db/hmm/HAMAP.hmm /dev/stdin > example_output\/prokka\/8CESK0LV\/PROKKA_02052024\.HAMAP\.hmm\.tmp\.11163\.hmmer3 2> /dev/null
[18:17:27] Modify product: Uncharacterized Nudix hydrolase NudL => putative Nudix hydrolase NudL
[18:17:27] Cleaned 1 /product names
[18:17:27] Deleting unwanted file: example_output/prokka/8CESK0LV/PROKKA_02052024.HAMAP.hmm.tmp.11163.faa
[18:17:27] Deleting unwanted file: example_output/prokka/8CESK0LV/PROKKA_02052024.HAMAP.hmm.tmp.11163.hmmer3
[18:17:27] Deleting unwanted file: example_output/prokka/8CESK0LV/proteins.psq
[18:17:27] Deleting unwanted file: example_output/prokka/8CESK0LV/proteins.phr
[18:17:27] Deleting unwanted file: example_output/prokka/8CESK0LV/proteins.pin
[18:17:27] Labelling remaining 2233 proteins as 'hypothetical protein'
[18:17:27] Possible /pseudo 'Homoprotocatechuate catabolism bifunctional isomerase/decarboxylase' at JTMZ01000001 position 22828
[18:17:27] Possible /pseudo 'glutamate carboxypeptidase' at JTMZ01000002 position 163289
[18:17:27] Possible /pseudo 'enoyl-CoA hydratase' at JTMZ01000003 position 80729
[18:17:27] Possible /pseudo 'bacteriophage protein' at JTMZ01000003 position 106004
[18:17:27] Possible /pseudo 'bacteriophage protein' at JTMZ01000003 position 109902
[18:17:27] Possible /pseudo 'bacteriophage protein' at JTMZ01000003 position 110783
[18:17:27] Possible /pseudo 'acyl-CoA dehydrogenase' at JTMZ01000004 position 82506
[18:17:27] Possible /pseudo 'acyl-CoA dehydrogenase' at JTMZ01000004 position 84577
[18:17:27] Possible /pseudo 'ABC transporter' at JTMZ01000005 position 194470
[18:17:27] Possible /pseudo 'ABC transporter permease' at JTMZ01000005 position 204366
[18:17:27] Possible /pseudo 'resistance-nodulation-cell division (RND) efflux membrane fusion protein' at JTMZ01000007 position 18514
[18:17:27] Possible /pseudo 'N-acetyl-D-glucosamine phosphotransferase system transporter' at JTMZ01000008 position 266126
[18:17:27] Possible /pseudo '3-oxoacyl-ACP synthase' at JTMZ01000009 position 36130
[18:17:27] Possible /pseudo 'ABC transporter ATP-binding protein' at JTMZ01000009 position 112866
[18:17:27] Possible /pseudo 'B-type flagellar protein FliS' at JTMZ01000009 position 144318
[18:17:27] Possible /pseudo 'NAD-dependent protein deacylase' at JTMZ01000009 position 176102
[18:17:27] Possible /pseudo 'transcriptional regulator' at JTMZ01000009 position 191008
[18:17:27] Possible /pseudo 'transporter' at JTMZ01000010 position 27051
[18:17:27] Possible /pseudo 'hydrolase' at JTMZ01000010 position 59675
[18:17:27] Possible /pseudo 'sensor/response regulator hybrid protein' at JTMZ01000010 position 69608
[18:17:27] Possible /pseudo 'glycosyl transferase family protein' at JTMZ01000011 position 51834
[18:17:27] Possible /pseudo 'glycosyl transferase family protein' at JTMZ01000011 position 53054
[18:17:27] Possible /pseudo 'porin D' at JTMZ01000012 position 19955
[18:17:27] Possible /pseudo 'C4-dicarboxylate transporter' at JTMZ01000012 position 96006
[18:17:27] Possible /pseudo 'transcriptional regulator' at JTMZ01000012 position 104752
[18:17:27] Possible /pseudo 'transcriptional regulator' at JTMZ01000013 position 87722
[18:17:27] Possible /pseudo 'formate dehydrogenase-O major subunit' at JTMZ01000016 position 15372
[18:17:27] Possible /pseudo 'ABC transporter permease' at JTMZ01000016 position 73543
[18:17:27] Possible /pseudo 'ABC transporter ATP-binding protein' at JTMZ01000016 position 75612
[18:17:27] Possible /pseudo 'ABC transporter ATP-binding protein' at JTMZ01000016 position 123479
[18:17:27] Possible /pseudo 'alkyl hydroperoxide reductase' at JTMZ01000018 position 2487
[18:17:27] Possible /pseudo 'ABC transporter permease' at JTMZ01000018 position 4164
[18:17:27] Possible /pseudo 'transcriptional regulator' at JTMZ01000018 position 20350
[18:17:27] Possible /pseudo 'transposase' at JTMZ01000018 position 108090
[18:17:27] Possible /pseudo 'resistance-nodulation-cell division (RND) efflux transporter' at JTMZ01000019 position 72295
[18:17:27] Possible /pseudo 'long-chain-fatty-acid--CoA ligase' at JTMZ01000020 position 205812
[18:17:27] Possible /pseudo 'transcriptional regulator' at JTMZ01000021 position 43922
[18:17:27] Possible /pseudo 'IS3 family transposase ISStma5' at JTMZ01000022 position 27558
[18:17:27] Possible /pseudo 'ABC transporter ATP-binding protein' at JTMZ01000022 position 120896
[18:17:27] Possible /pseudo 'transporter' at JTMZ01000023 position 33840
[18:17:27] Possible /pseudo 'ABC transporter permease' at JTMZ01000023 position 47410
[18:17:27] Possible /pseudo 'sugar ABC transporter permease' at JTMZ01000023 position 112274
[18:17:27] Possible /pseudo 'aspartate-semialdehyde dehydrogenase' at JTMZ01000023 position 182812
[18:17:27] Possible /pseudo 'sulfate transporter' at JTMZ01000024 position 9972
[18:17:27] Possible /pseudo 'binding-protein-dependent maltose/mannitol transport protein' at JTMZ01000025 position 15685
[18:17:27] Possible /pseudo 'FMNH2-dependent monooxygenase' at JTMZ01000025 position 24578
[18:17:27] Possible /pseudo 'translocation protein in type III secretion' at JTMZ01000027 position 14309
[18:17:27] Possible /pseudo 'translocation protein in type III secretion' at JTMZ01000027 position 15094
[18:17:27] Possible /pseudo 'type III secretion system protein' at JTMZ01000027 position 16013
[18:17:27] Possible /pseudo 'translocation protein in type III secretion' at JTMZ01000027 position 18027
[18:17:27] Possible /pseudo 'transcriptional regulator' at JTMZ01000027 position 74316
[18:17:27] Possible /pseudo 'bacteriophage protein' at JTMZ01000027 position 173715
[18:17:27] Possible /pseudo 'ABC transporter permease' at JTMZ01000027 position 198089
[18:17:27] Possible /pseudo 'short-chain dehydrogenase' at JTMZ01000027 position 220385
[18:17:27] Possible /pseudo 'type II secretion system protein' at JTMZ01000028 position 54106
[18:17:27] Possible /pseudo 'type II secretion system protein' at JTMZ01000028 position 54482
[18:17:27] Possible /pseudo 'type II secretion system protein' at JTMZ01000028 position 54919
[18:17:27] Possible /pseudo 'type II secretion system protein' at JTMZ01000028 position 55341
[18:17:27] Possible /pseudo 'isocitrate dehydrogenase' at JTMZ01000028 position 109033
[18:17:27] Possible /pseudo 'ISNCY family transposase ISBcen27' at JTMZ01000030 position 8663
[18:17:27] Possible /pseudo 'FMNH2-dependent monooxygenase' at JTMZ01000030 position 125744
[18:17:27] Possible /pseudo 'amino acid ABC transporter permease' at JTMZ01000032 position 209189
[18:17:27] Possible /pseudo 'Acetyltransferase' at JTMZ01000033 position 13085
[18:17:27] Possible /pseudo 'paraquat-inducible protein A' at JTMZ01000034 position 800
[18:17:27] Possible /pseudo 'oxidoreductase' at JTMZ01000034 position 83196
[18:17:27] Possible /pseudo 'transcriptional regulator' at JTMZ01000035 position 79542
[18:17:27] Possible /pseudo 'ABC transporter permease' at JTMZ01000036 position 64981
[18:17:27] Possible /pseudo 'transcriptional regulator' at JTMZ01000036 position 82310
[18:17:27] Possible /pseudo 'putative protein' at JTMZ01000037 position 12741
[18:17:27] Possible /pseudo 'acyl-CoA dehydrogenase' at JTMZ01000037 position 99429
[18:17:27] Possible /pseudo 'lipopolysaccharide kinase WaaP' at JTMZ01000037 position 116443
[18:17:27] Possible /pseudo 'Prophage integrase IntA' at JTMZ01000037 position 299558
[18:17:27] Possible /pseudo 'transcriptional regulator' at JTMZ01000038 position 75056
[18:17:27] Possible /pseudo 'NAD(P) transhydrogenase subunit alpha' at JTMZ01000038 position 88871
[18:17:27] Possible /pseudo 'taurine dioxygenase' at JTMZ01000038 position 91603
[18:17:27] Possible /pseudo 'amino acid permease' at JTMZ01000041 position 26147
[18:17:27] Possible /pseudo 'alcohol dehydrogenase' at JTMZ01000041 position 64567
[18:17:27] Possible /pseudo 'major facilitator superfamily transporter' at JTMZ01000041 position 132602
[18:17:27] Possible /pseudo 'iron ABC transporter substrate-binding protein' at JTMZ01000042 position 58207
[18:17:27] Possible /pseudo 'IS3 family transposase ISKpn11' at JTMZ01000044 position 1620
[18:17:27] Possible /pseudo 'oxidoreductase' at JTMZ01000045 position 9333
[18:17:27] Possible /pseudo 'rubredoxin' at JTMZ01000046 position 57525
[18:17:27] Possible /pseudo 'phosphate ABC transporter permease' at JTMZ01000046 position 74100
[18:17:27] Possible /pseudo 'transcriptional regulator' at JTMZ01000047 position 6343
[18:17:27] Possible /pseudo 'ABC transporter permease' at JTMZ01000047 position 16275
[18:17:27] Possible /pseudo 'phenazine biosynthesis protein' at JTMZ01000047 position 39255
[18:17:27] Possible /pseudo 'ABC transporter permease' at JTMZ01000050 position 727
[18:17:27] Possible /pseudo 'resistance-nodulation-cell division (RND) efflux transporter' at JTMZ01000053 position 768
[18:17:27] Possible /pseudo 'cytochrome C' at JTMZ01000054 position 20519
[18:17:27] Possible /pseudo 'transcriptional regulator' at JTMZ01000054 position 24757
[18:17:27] Possible /pseudo 'glycine cleavage system protein T2' at JTMZ01000057 position 2782
[18:17:27] Possible /pseudo 'type II secretion system protein' at JTMZ01000062 position 46173
[18:17:27] Possible /pseudo 'aldehyde dehydrogenase' at JTMZ01000067 position 20746
[18:17:27] Possible /pseudo 'bacteriophage protein' at JTMZ01000072 position 25361
[18:17:27] Possible /pseudo 'bacteriophage protein' at JTMZ01000072 position 29123
[18:17:27] Possible /pseudo 'bacteriophage protein' at JTMZ01000072 position 29649
[18:17:27] Possible /pseudo 'bacteriophage protein' at JTMZ01000072 position 30533
[18:17:27] Possible /pseudo 'ABC transporter permease' at JTMZ01000072 position 39455
[18:17:27] Possible /pseudo 'Putative aliphatic sulfonates-binding protein' at JTMZ01000075 position 10151
[18:17:27] Possible /pseudo 'Putative aliphatic sulfonates-binding protein' at JTMZ01000075 position 11243
[18:17:27] Possible /pseudo 'IS3 family transposase ISPa32' at JTMZ01000085 position 30432
[18:17:27] Possible /pseudo 'cyanide insensitive terminal oxidase' at JTMZ01000086 position 16203
[18:17:27] Possible /pseudo 'adenylosuccinate lyase' at JTMZ01000088 position 13734
[18:17:27] Possible /pseudo 'xanthine dehydrogenase' at JTMZ01000091 position 13178
[18:17:27] Possible /pseudo 'ABC transporter ATP-binding protein' at JTMZ01000101 position 9112
[18:17:27] Found 2054 unique /gene codes.
[18:17:27] Fixed 5 duplicate /gene - oprN_1 oprN_2 oprN_3 oprN_4 oprN_5
[18:17:27] Fixed 6 duplicate /gene - tam_1 tam_2 tam_3 tam_4 tam_5 tam_6
[18:17:27] Fixed 3 duplicate /gene - mttC_1 mttC_2 mttC_3
[18:17:27] Fixed 4 duplicate /gene - yjiK_1 yjiK_2 yjiK_3 yjiK_4
[18:17:27] Fixed 2 duplicate /gene - inaA_1 inaA_2
[18:17:27] Fixed 3 duplicate /gene - dksA_1 dksA_2 dksA_3
[18:17:27] Fixed 2 duplicate /gene - exaC_1 exaC_2
[18:17:27] Fixed 2 duplicate /gene - prs_1 prs_2
[18:17:27] Fixed 2 duplicate /gene - fdnG_1 fdnG_2
[18:17:27] Fixed 2 duplicate /gene - pauA_1 pauA_2
[18:17:27] Fixed 2 duplicate /gene - mvaT_1 mvaT_2
[18:17:27] Fixed 2 duplicate /gene - betB_1 betB_2
[18:17:27] Fixed 2 duplicate /gene - soxR_1 soxR_2
[18:17:27] Fixed 2 duplicate /gene - amiE_1 amiE_2
[18:17:27] Fixed 2 duplicate /gene - cueR_1 cueR_2
[18:17:27] Fixed 2 duplicate /gene - gcvH1_1 gcvH1_2
[18:17:27] Fixed 2 duplicate /gene - rmlD_1 rmlD_2
[18:17:27] Fixed 2 duplicate /gene - prpB_1 prpB_2
[18:17:27] Fixed 2 duplicate /gene - ackA_1 ackA_2
[18:17:27] Fixed 2 duplicate /gene - cysM_1 cysM_2
[18:17:27] Fixed 2 duplicate /gene - rimJ_1 rimJ_2
[18:17:27] Fixed 2 duplicate /gene - hcf136_1 hcf136_2
[18:17:27] Fixed 2 duplicate /gene - hpcD_1 hpcD_2
[18:17:27] Fixed 2 duplicate /gene - mscS_1 mscS_2
[18:17:27] Fixed 2 duplicate /gene - icmF1_1 icmF1_2
[18:17:27] Fixed 2 duplicate /gene - yqjD_1 yqjD_2
[18:17:27] Fixed 2 duplicate /gene - pvdD_1 pvdD_2
[18:17:27] Fixed 2 duplicate /gene - kefB_1 kefB_2
[18:17:27] Fixed 2 duplicate /gene - prtR_1 prtR_2
[18:17:27] Fixed 2 duplicate /gene - lpxD_1 lpxD_2
[18:17:27] Fixed 2 duplicate /gene - lhgD_1 lhgD_2
[18:17:27] Fixed 2 duplicate /gene - pirA_1 pirA_2
[18:17:27] Fixed 2 duplicate /gene - argC_1 argC_2
[18:17:27] Fixed 2 duplicate /gene - tufB_1 tufB_2
[18:17:27] Fixed 2 duplicate /gene - grx_1 grx_2
[18:17:27] Fixed 4 duplicate /gene - bepA_1 bepA_2 bepA_3 bepA_4
[18:17:27] Fixed 2 duplicate /gene - aruH_1 aruH_2
[18:17:27] Fixed 2 duplicate /gene - aph_1 aph_2
[18:17:27] Fixed 2 duplicate /gene - poxB_1 poxB_2
[18:17:27] Fixed 3 duplicate /gene - gbt_1 gbt_2 gbt_3
[18:17:27] Fixed 2 duplicate /gene - prmC_1 prmC_2
[18:17:27] Fixed 2 duplicate /gene - ybgC_1 ybgC_2
[18:17:27] Fixed 2 duplicate /gene - uspE_1 uspE_2
[18:17:27] Fixed 3 duplicate /gene - speE_1 speE_2 speE_3
[18:17:27] Fixed 5 duplicate /gene - msuD_1 msuD_2 msuD_3 msuD_4 msuD_5
[18:17:27] Fixed 2 duplicate /gene - mdoB_1 mdoB_2
[18:17:27] Fixed 5 duplicate /gene - oprM_1 oprM_2 oprM_3 oprM_4 oprM_5
[18:17:27] Fixed 6 duplicate /gene - aaeB_1 aaeB_2 aaeB_3 aaeB_4 aaeB_5 aaeB_6
[18:17:27] Fixed 2 duplicate /gene - speA_1 speA_2
[18:17:27] Fixed 3 duplicate /gene - rutB_1 rutB_2 rutB_3
[18:17:27] Fixed 6 duplicate /gene - xerC_1 xerC_2 xerC_3 xerC_4 xerC_5 xerC_6
[18:17:27] Fixed 2 duplicate /gene - prtN_1 prtN_2
[18:17:27] Fixed 3 duplicate /gene - aguB_1 aguB_2 aguB_3
[18:17:27] Fixed 4 duplicate /gene - yabJ_1 yabJ_2 yabJ_3 yabJ_4
[18:17:27] Fixed 2 duplicate /gene - nudC_1 nudC_2
[18:17:27] Fixed 2 duplicate /gene - vanA_1 vanA_2
[18:17:27] Fixed 3 duplicate /gene - czcA_1 czcA_2 czcA_3
[18:17:27] Fixed 2 duplicate /gene - hcp1_1 hcp1_2
[18:17:27] Fixed 2 duplicate /gene - hcnA_1 hcnA_2
[18:17:27] Fixed 4 duplicate /gene - tauD_1 tauD_2 tauD_3 tauD_4
[18:17:27] Fixed 2 duplicate /gene - trmR_1 trmR_2
[18:17:27] Fixed 2 duplicate /gene - copS_1 copS_2
[18:17:27] Fixed 2 duplicate /gene - pvdG_1 pvdG_2
[18:17:27] Fixed 2 duplicate /gene - catR_1 catR_2
[18:17:27] Fixed 2 duplicate /gene - chpA_1 chpA_2
[18:17:27] Fixed 2 duplicate /gene - clpX_1 clpX_2
[18:17:27] Fixed 2 duplicate /gene - arnT_1 arnT_2
[18:17:27] Fixed 2 duplicate /gene - pxpA3_1 pxpA3_2
[18:17:27] Fixed 2 duplicate /gene - arsH_1 arsH_2
[18:17:27] Fixed 2 duplicate /gene - rlpA_1 rlpA_2
[18:17:27] Fixed 2 duplicate /gene - fdhA_1 fdhA_2
[18:17:27] Fixed 2 duplicate /gene - dnaB_1 dnaB_2
[18:17:27] Fixed 2 duplicate /gene - cpdA_1 cpdA_2
[18:17:27] Fixed 2 duplicate /gene - cidA_1 cidA_2
[18:17:27] Fixed 3 duplicate /gene - clpP_1 clpP_2 clpP_3
[18:17:27] Fixed 2 duplicate /gene - def_1 def_2
[18:17:27] Fixed 5 duplicate /gene - soj_1 soj_2 soj_3 soj_4 soj_5
[18:17:27] Fixed 4 duplicate /gene - vgrG1_1 vgrG1_2 vgrG1_3 vgrG1_4
[18:17:27] Fixed 2 duplicate /gene - rhtC_1 rhtC_2
[18:17:27] Fixed 2 duplicate /gene - thrB_1 thrB_2
[18:17:27] Fixed 2 duplicate /gene - ubiJ_1 ubiJ_2
[18:17:27] Fixed 3 duplicate /gene - yfdE_1 yfdE_2 yfdE_3
[18:17:27] Fixed 3 duplicate /gene - quiP_1 quiP_2 quiP_3
[18:17:27] Fixed 2 duplicate /gene - pfpI_1 pfpI_2
[18:17:27] Fixed 2 duplicate /gene - yohK_1 yohK_2
[18:17:27] Fixed 2 duplicate /gene - dmoA_1 dmoA_2
[18:17:27] Fixed 2 duplicate /gene - femI_1 femI_2
[18:17:27] Fixed 3 duplicate /gene - lemA_1 lemA_2 lemA_3
[18:17:27] Fixed 2 duplicate /gene - ogt_1 ogt_2
[18:17:27] Fixed 2 duplicate /gene - yrdA_1 yrdA_2
[18:17:27] Fixed 3 duplicate /gene - ambA_1 ambA_2 ambA_3
[18:17:27] Fixed 2 duplicate /gene - xcpS_1 xcpS_2
[18:17:27] Fixed 2 duplicate /gene - tolB_1 tolB_2
[18:17:27] Fixed 2 duplicate /gene - pcaC_1 pcaC_2
[18:17:27] Fixed 2 duplicate /gene - lpdG_1 lpdG_2
[18:17:27] Fixed 2 duplicate /gene - spuD_1 spuD_2
[18:17:27] Fixed 2 duplicate /gene - yeaD_1 yeaD_2
[18:17:27] Fixed 2 duplicate /gene - femA_1 femA_2
[18:17:27] Fixed 2 duplicate /gene - ydiK_1 ydiK_2
[18:17:27] Fixed 2 duplicate /gene - rtcB_1 rtcB_2
[18:17:27] Fixed 3 duplicate /gene - lptF_1 lptF_2 lptF_3
[18:17:27] Fixed 3 duplicate /gene - tadA_1 tadA_2 tadA_3
[18:17:27] Fixed 4 duplicate /gene - topA_1 topA_2 topA_3 topA_4
[18:17:27] Fixed 2 duplicate /gene - pyrG_1 pyrG_2
[18:17:27] Fixed 2 duplicate /gene - pobA_1 pobA_2
[18:17:27] Fixed 2 duplicate /gene - lspA_1 lspA_2
[18:17:27] Fixed 2 duplicate /gene - intA_1 intA_2
[18:17:27] Fixed 2 duplicate /gene - cifR_1 cifR_2
[18:17:27] Fixed 2 duplicate /gene - hcnC_1 hcnC_2
[18:17:27] Fixed 2 duplicate /gene - lsrG_1 lsrG_2
[18:17:27] Fixed 2 duplicate /gene - yohC_1 yohC_2
[18:17:27] Fixed 2 duplicate /gene - czcC_1 czcC_2
[18:17:27] Fixed 2 duplicate /gene - spuB_1 spuB_2
[18:17:27] Fixed 2 duplicate /gene - ldhA_1 ldhA_2
[18:17:27] Fixed 2 duplicate /gene - yiiM_1 yiiM_2
[18:17:27] Fixed 2 duplicate /gene - nfdA_1 nfdA_2
[18:17:27] Fixed 3 duplicate /gene - pxpB_1 pxpB_2 pxpB_3
[18:17:27] Fixed 4 duplicate /gene - pal_1 pal_2 pal_3 pal_4
[18:17:27] Fixed 2 duplicate /gene - hpcE_1 hpcE_2
[18:17:27] Fixed 2 duplicate /gene - xseA_1 xseA_2
[18:17:27] Fixed 2 duplicate /gene - merT_1 merT_2
[18:17:27] Fixed 2 duplicate /gene - lolE_1 lolE_2
[18:17:27] Fixed 2 duplicate /gene - thiE_1 thiE_2
[18:17:27] Fixed 2 duplicate /gene - proS_1 proS_2
[18:17:27] Fixed 2 duplicate /gene - alyA_1 alyA_2
[18:17:27] Fixed 2 duplicate /gene - aaeX_1 aaeX_2
[18:17:27] Fixed 2 duplicate /gene - ilvI_1 ilvI_2
[18:17:27] Fixed 2 duplicate /gene - mmsR_1 mmsR_2
[18:17:27] Fixed 2 duplicate /gene - phuT_1 phuT_2
[18:17:27] Fixed 3 duplicate /gene - ptrB_1 ptrB_2 ptrB_3
[18:17:27] Fixed 2 duplicate /gene - ivy_1 ivy_2
[18:17:27] Fixed 2 duplicate /gene - hxuB_1 hxuB_2
[18:17:27] Fixed 2 duplicate /gene - pilT_1 pilT_2
[18:17:27] Fixed 2 duplicate /gene - pvdL_1 pvdL_2
[18:17:27] Fixed 2 duplicate /gene - cobO_1 cobO_2
[18:17:27] Fixed 2 duplicate /gene - eptA_1 eptA_2
[18:17:27] Fixed 2 duplicate /gene - cls_1 cls_2
[18:17:27] Fixed 3 duplicate /gene - eamA_1 eamA_2 eamA_3
[18:17:27] Fixed 2 duplicate /gene - copR_1 copR_2
[18:17:27] Fixed 2 duplicate /gene - secD_1 secD_2
[18:17:27] Fixed 2 duplicate /gene - kdpB_1 kdpB_2
[18:17:27] Fixed 2 duplicate /gene - trpD_1 trpD_2
[18:17:27] Fixed 2 duplicate /gene - arnB_1 arnB_2
[18:17:27] Fixed 4 duplicate /gene - COQ3_1 COQ3_2 COQ3_3 COQ3_4
[18:17:27] Fixed 2 duplicate /gene - algR_1 algR_2
[18:17:27] Fixed 2 duplicate /gene - nadD_1 nadD_2
[18:17:27] Fixed 2 duplicate /gene - spuC_1 spuC_2
[18:17:27] Fixed 4 duplicate /gene - glcD_1 glcD_2 glcD_3 glcD_4
[18:17:27] Fixed 4 duplicate /gene - htpX_1 htpX_2 htpX_3 htpX_4
[18:17:27] Fixed 2 duplicate /gene - gbcB_1 gbcB_2
[18:17:27] Fixed 3 duplicate /gene - aguA_1 aguA_2 aguA_3
[18:17:27] Fixed 2 duplicate /gene - gcvT2_1 gcvT2_2
[18:17:27] Fixed 3 duplicate /gene - aprF_1 aprF_2 aprF_3
[18:17:27] Fixed 2 duplicate /gene - fiuA_1 fiuA_2
[18:17:27] Fixed 2 duplicate /gene - pvdN_1 pvdN_2
[18:17:27] Fixed 2 duplicate /gene - pcoA_1 pcoA_2
[18:17:27] Fixed 2 duplicate /gene - amiC_1 amiC_2
[18:17:27] Fixed 2 duplicate /gene - vanB_1 vanB_2
[18:17:27] Fixed 3 duplicate /gene - ftsH_1 ftsH_2 ftsH_3
[18:17:27] Fixed 2 duplicate /gene - cobC_1 cobC_2
[18:17:27] Fixed 2 duplicate /gene - ubiB_1 ubiB_2
[18:17:27] Fixed 2 duplicate /gene - yjcH_1 yjcH_2
[18:17:27] Fixed 6 duplicate /gene - ssuA_1 ssuA_2 ssuA_3 ssuA_4 ssuA_5 ssuA_6
[18:17:27] Fixed 4 duplicate /gene - btuB_1 btuB_2 btuB_3 btuB_4
[18:17:27] Fixed 2 duplicate /gene - pvdH_1 pvdH_2
[18:17:27] Fixed 2 duplicate /gene - cmaX_1 cmaX_2
[18:17:27] Fixed 2 duplicate /gene - waaP_1 waaP_2
[18:17:27] Fixed 2 duplicate /gene - cpg2_1 cpg2_2
[18:17:27] Fixed 2 duplicate /gene - oprB_1 oprB_2
[18:17:27] Fixed 3 duplicate /gene - arsC_1 arsC_2 arsC_3
[18:17:27] Fixed 2 duplicate /gene - comM_1 comM_2
[18:17:27] Fixed 2 duplicate /gene - lptA_1 lptA_2
[18:17:27] Fixed 2 duplicate /gene - wspR_1 wspR_2
[18:17:27] Fixed 2 duplicate /gene - yebT_1 yebT_2
[18:17:27] Fixed 3 duplicate /gene - zapE_1 zapE_2 zapE_3
[18:17:27] Fixed 2 duplicate /gene - pmbA_1 pmbA_2
[18:17:27] Fixed 2 duplicate /gene - pqsD_1 pqsD_2
[18:17:27] Fixed 2 duplicate /gene - rhlB_1 rhlB_2
[18:17:27] Fixed 2 duplicate /gene - trkH_1 trkH_2
[18:17:27] Fixed 2 duplicate /gene - pncC_1 pncC_2
[18:17:27] Fixed 3 duplicate /gene - pxpC_1 pxpC_2 pxpC_3
[18:17:27] Fixed 2 duplicate /gene - tolR_1 tolR_2
[18:17:27] Fixed 2 duplicate /gene - cntI_1 cntI_2
[18:17:27] Fixed 2 duplicate /gene - phnX_1 phnX_2
[18:17:27] Fixed 3 duplicate /gene - oprD_1 oprD_2 oprD_3
[18:17:27] Fixed 2 duplicate /gene - merP_1 merP_2
[18:17:27] Fixed 2 duplicate /gene - wzz_1 wzz_2
[18:17:27] Fixed 187 colliding /gene names.
[18:17:27] Adding /locus_tag identifiers
[18:17:27] Assigned 6467 locus_tags to CDS and RNA features.
[18:17:27] Writing outputs to example_output/prokka/8CESK0LV/
[18:17:29] Generating annotation statistics file
[18:17:29] Generating Genbank and Sequin files
[18:17:29] Running: tbl2asn -V b -a r10k -l paired-ends -M n -N 1 -y 'Annotated using prokka 1.14.6 from https://github.com/tseemann/prokka' -Z example_output\/prokka\/8CESK0LV\/PROKKA_02052024\.err -i example_output\/prokka\/8CESK0LV\/PROKKA_02052024\.fsa 2> /dev/null
[18:17:39] Deleting unwanted file: example_output/prokka/8CESK0LV/errorsummary.val
[18:17:39] Deleting unwanted file: example_output/prokka/8CESK0LV/PROKKA_02052024.dr
[18:17:39] Deleting unwanted file: example_output/prokka/8CESK0LV/PROKKA_02052024.fixedproducts
[18:17:39] Deleting unwanted file: example_output/prokka/8CESK0LV/PROKKA_02052024.ecn
[18:17:39] Deleting unwanted file: example_output/prokka/8CESK0LV/PROKKA_02052024.val
[18:17:39] Repairing broken .GBK output that tbl2asn produces...
[18:17:39] Running: sed 's/COORDINATES: profile/COORDINATES:profile/' < example_output\/prokka\/8CESK0LV\/PROKKA_02052024\.gbf > example_output\/prokka\/8CESK0LV\/PROKKA_02052024\.gbk
[18:17:39] Deleting unwanted file: example_output/prokka/8CESK0LV/PROKKA_02052024.gbf
[18:17:39] Output files:
[18:17:39] example_output/prokka/8CESK0LV/PROKKA_02052024.err
[18:17:39] example_output/prokka/8CESK0LV/PROKKA_02052024.faa
[18:17:39] example_output/prokka/8CESK0LV/PROKKA_02052024.ffn
[18:17:39] example_output/prokka/8CESK0LV/PROKKA_02052024.fna
[18:17:39] example_output/prokka/8CESK0LV/PROKKA_02052024.fsa
[18:17:39] example_output/prokka/8CESK0LV/PROKKA_02052024.gbk
[18:17:39] example_output/prokka/8CESK0LV/PROKKA_02052024.gff
[18:17:39] example_output/prokka/8CESK0LV/PROKKA_02052024.log
[18:17:39] example_output/prokka/8CESK0LV/PROKKA_02052024.sqn
[18:17:39] example_output/prokka/8CESK0LV/PROKKA_02052024.tbl
[18:17:39] example_output/prokka/8CESK0LV/PROKKA_02052024.tsv
[18:17:39] example_output/prokka/8CESK0LV/PROKKA_02052024.txt
[18:17:39] Annotation finished successfully.
[18:17:39] Walltime used: 2.43 minutes
[18:17:39] If you use this result please cite the Prokka paper:
[18:17:39] Seemann T (2014) Prokka: rapid prokaryotic genome annotation. Bioinformatics. 30(14):2068-9.
[18:17:39] Type 'prokka --citation' for more details.
[18:17:39] Thank you, come again.
