### echo snippy 4.6.0
### cd /home/alper/git/SR-AMR

### /home/alper/miniconda3/envs/sr/bin/snippy --cpus 12 --ram 24 --outdir example_output/snippy/YMM2RB8W --reference example/reference.gbff --force --ctgs example/example_files/amikacin/Resistant/287.887.fna

### samtools faidx reference/ref.fa

samtools: /home/alper/miniconda3/envs/sr/bin/../lib/libtinfow.so.6: no version information available (required by samtools)
samtools: /home/alper/miniconda3/envs/sr/bin/../lib/libncursesw.so.6: no version information available (required by samtools)
samtools: /home/alper/miniconda3/envs/sr/bin/../lib/libncursesw.so.6: no version information available (required by samtools)

### bwa index reference/ref.fa

[bwa_index] Pack FASTA... 0.02 sec
[bwa_index] Construct BWT for the packed sequence...
[bwa_index] 0.59 seconds elapse.
[bwa_index] Update BWT... 0.02 sec
[bwa_index] Pack forward-only FASTA... 0.02 sec
[bwa_index] Construct SA from BWT and Occ... 0.23 sec
[main] Version: 0.7.17-r1188
[main] CMD: bwa index reference/ref.fa
[main] Real time: 1.578 sec; CPU: 0.875 sec

### mkdir -p reference/genomes && cp -f reference/ref.fa reference/genomes/ref.fa


### ln -sf reference/ref.fa .


### ln -sf reference/ref.fa.fai .


### mkdir -p reference/ref && gzip -c reference/ref.gff > reference/ref/genes.gff.gz


### snpEff build -c reference/snpeff.config -dataDir . -gff3 ref

WARNING: All frames are zero! This seems rather odd, please check that 'frame' information in your 'genes' file is accurate.

### bwa mem  -Y -M -R '@RG\tID:YMM2RB8W\tSM:YMM2RB8W' -t 12 reference/ref.fa fake_reads.fq | samclip --max 10 --ref reference/ref.fa.fai | samtools sort -n -l 0 -T /tmp --threads 5 -m 4000M | samtools fixmate -m --threads 5 - - | samtools sort -l 0 -T /tmp --threads 5 -m 4000M | samtools markdup -T /tmp --threads 5 -r -s - - > snps.bam

samtools: /home/alper/miniconda3/envs/sr/bin/../lib/libtinfow.so.6: no version information available (required by samtools)
samtools: /home/alper/miniconda3/envs/sr/bin/../lib/libncursesw.so.6: no version information available (required by samtools)
samtools: /home/alper/miniconda3/envs/sr/bin/../lib/libncursesw.so.6: no version information available (required by samtools)
samtools markdup: warning, unable to calculate estimated library size. Read pairs 0 should be greater than duplicate pairs 0, which should both be non zero.

COMMAND: samtools markdup -T /tmp --threads 5 -r -s - -
READ: 549392
WRITTEN: 544550
EXCLUDED: 67644
EXAMINED: 481748
PAIRED: 0
SINGLE: 481748
DUPLICATE PAIR: 0
DUPLICATE SINGLE: 4842
DUPLICATE PAIR OPTICAL: 0
DUPLICATE SINGLE OPTICAL: 0
DUPLICATE NON PRIMARY: 0
DUPLICATE NON PRIMARY OPTICAL: 0
DUPLICATE PRIMARY TOTAL: 4842
DUPLICATE TOTAL: 4842
ESTIMATED_LIBRARY_SIZE: 0


### samtools index snps.bam

samtools: /home/alper/miniconda3/envs/sr/bin/../lib/libtinfow.so.6: no version information available (required by samtools)
samtools: /home/alper/miniconda3/envs/sr/bin/../lib/libncursesw.so.6: no version information available (required by samtools)
samtools: /home/alper/miniconda3/envs/sr/bin/../lib/libncursesw.so.6: no version information available (required by samtools)

### fasta_generate_regions.py reference/ref.fa.fai 276907 > reference/ref.txt


### freebayes-parallel reference/ref.txt 12 -p 2 -P 0 -C 2 -F 0.05 --min-coverage 10 --min-repeat-entropy 1.0 -q 13 -m 60 --strict-vcf   -f reference/ref.fa snps.bam > snps.raw.vcf


### bcftools view --include 'FMT/GT="1/1" && QUAL>=100 && FMT/DP>=10 && (FMT/AO)/(FMT/DP)>=0' snps.raw.vcf  | vt normalize -r reference/ref.fa - | bcftools annotate --remove '^INFO/TYPE,^INFO/DP,^INFO/RO,^INFO/AO,^INFO/AB,^FORMAT/GT,^FORMAT/DP,^FORMAT/RO,^FORMAT/AO,^FORMAT/QR,^FORMAT/QA,^FORMAT/GL' > snps.filt.vcf


### snpEff ann -noLog -noStats -no-downstream -no-upstream -no-utr -c reference/snpeff.config -dataDir . ref snps.filt.vcf > snps.vcf


### /home/alper/miniconda3/envs/sr/bin/snippy-vcf_to_tab --gff reference/ref.gff --ref reference/ref.fa --vcf snps.vcf > snps.tab

Loading reference: reference/ref.fa
Loaded 1 sequences.
Loading features: reference/ref.gff
Parsing variants: snps.vcf
Converted 25091 SNPs to TAB format.

### /home/alper/miniconda3/envs/sr/bin/snippy-vcf_extract_subs snps.filt.vcf > snps.subs.vcf


### bcftools convert -Oz -o snps.vcf.gz snps.vcf


### bcftools index -f snps.vcf.gz


### bcftools consensus --sample YMM2RB8W -f reference/ref.fa -o snps.consensus.fa snps.vcf.gz

Applied 25091 variants

### bcftools convert -Oz -o snps.subs.vcf.gz snps.subs.vcf


### bcftools index -f snps.subs.vcf.gz


### bcftools consensus --sample YMM2RB8W -f reference/ref.fa -o snps.consensus.subs.fa snps.subs.vcf.gz

Applied 26543 variants

### rm -f snps.subs.vcf.gz snps.subs.vcf.gz.csi snps.subs.vcf.gz.tbi


### rm -f fake_reads\.fq

